<?xml version="1.0" encoding="UTF-8"?>
<robot generator="Robot 7.3.2 (Python 3.14.0 on win32)" generated="2026-05-09T08:57:35.029852" rpa="false" schemaversion="5">
<suite id="s1" name="StudentMarks" source="E:\n8nRobot\automation\rf\tests\GenericEngine.robot">
<test id="s1-t1" name="TC_01_Xem_diem_thanh_cong_HK1_2023_2024" line="19">
<kw name="Mo Trinh Duyet" type="SETUP">
<kw name="Open Browser" owner="SeleniumLibrary">
<msg time="2026-05-09T08:57:36.177825" level="INFO">Opening browser 'chrome' to base url 'https://daotao.qnu.edu.vn'.</msg>
<arg>${URL_QNU}</arg>
<arg>${BROWSER}</arg>
<doc>Opens a new browser instance to the optional ``url``.</doc>
<status status="PASS" start="2026-05-09T08:57:36.177471" elapsed="2.046130"/>
</kw>
<kw name="Maximize Browser Window" owner="SeleniumLibrary">
<doc>Maximizes current browser window.</doc>
<status status="PASS" start="2026-05-09T08:57:38.224108" elapsed="0.098489"/>
</kw>
<kw name="Set Selenium Implicit Wait" owner="SeleniumLibrary">
<arg>5s</arg>
<doc>Sets the implicit wait value used by Selenium.</doc>
<status status="PASS" start="2026-05-09T08:57:38.323017" elapsed="0.003061"/>
</kw>
<status status="PASS" start="2026-05-09T08:57:36.176512" elapsed="2.149862"/>
</kw>
<kw name="Xu Ly Kich Ban Kiem Thu">
<for flavor="IN RANGE">
<iter>
<kw name="Get Variable Value" owner="BuiltIn">
<msg time="2026-05-09T08:57:38.332308" level="INFO">${k} = Login QNU</msg>
<var>${k}</var>
<arg>\${Step${i}_Keyword}</arg>
<doc>Returns variable value or ``default`` if the variable does not exist.</doc>
<status status="PASS" start="2026-05-09T08:57:38.331504" elapsed="0.000912"/>
</kw>
<kw name="Get Variable Value" owner="BuiltIn">
<msg time="2026-05-09T08:57:38.333587" level="INFO">${a1} = </msg>
<var>${a1}</var>
<arg>\${Step${i}_Arg1}</arg>
<doc>Returns variable value or ``default`` if the variable does not exist.</doc>
<status status="PASS" start="2026-05-09T08:57:38.332889" elapsed="0.000798"/>
</kw>
<kw name="Get Variable Value" owner="BuiltIn">
<msg time="2026-05-09T08:57:38.334624" level="INFO">${a2} = </msg>
<var>${a2}</var>
<arg>\${Step${i}_Arg2}</arg>
<doc>Returns variable value or ``default`` if the variable does not exist.</doc>
<status status="PASS" start="2026-05-09T08:57:38.334083" elapsed="0.000761"/>
</kw>
<if>
<branch type="IF" condition="$k != &quot;&quot; and $k is not None">
<kw name="Log To Console" owner="BuiltIn">
<arg>\n--- Buoc ${i}: ${k} ---</arg>
<doc>Logs the given message to the console.</doc>
<status status="PASS" start="2026-05-09T08:57:38.335992" elapsed="0.000911"/>
</kw>
<kw name="Thuc Thi Buoc Kiem Thu">
<kw name="Run Keyword And Return Status" owner="BuiltIn">
<kw name="Keyword Should Exist" owner="BuiltIn">
<arg>${keyword}</arg>
<doc>Fails unless the given keyword exists in the current scope.</doc>
<status status="PASS" start="2026-05-09T08:57:38.340500" elapsed="0.000472"/>
</kw>
<msg time="2026-05-09T08:57:38.341381" level="INFO">${exists} = True</msg>
<var>${exists}</var>
<arg>Keyword Should Exist</arg>
<arg>${keyword}</arg>
<doc>Runs the given keyword with given arguments and returns the status as a Boolean value.</doc>
<status status="PASS" start="2026-05-09T08:57:38.339907" elapsed="0.001575"/>
</kw>
<if>
<branch type="IF" condition="not ${exists}">
<kw name="Fail" owner="BuiltIn">
<arg>Keyword không tồn tại: ${keyword}</arg>
<doc>Fails the test with the given message and optionally alters its tags.</doc>
<status status="NOT RUN" start="2026-05-09T08:57:38.342433" elapsed="0.000086"/>
</kw>
<status status="NOT RUN" start="2026-05-09T08:57:38.341806" elapsed="0.000843"/>
</branch>
<status status="PASS" start="2026-05-09T08:57:38.341732" elapsed="0.001048"/>
</if>
<kw name="Replace Variables" owner="BuiltIn">
<msg time="2026-05-09T08:57:38.343931" level="INFO">${final_arg1} = </msg>
<var>${final_arg1}</var>
<arg>${arg1}</arg>
<doc>Replaces variables in the given text with their current values.</doc>
<status status="PASS" start="2026-05-09T08:57:38.343060" elapsed="0.000993"/>
</kw>
<kw name="Replace Variables" owner="BuiltIn">
<msg time="2026-05-09T08:57:38.344938" level="INFO">${final_arg2} = </msg>
<var>${final_arg2}</var>
<arg>${arg2}</arg>
<doc>Replaces variables in the given text with their current values.</doc>
<status status="PASS" start="2026-05-09T08:57:38.344446" elapsed="0.000779"/>
</kw>
<kw name="Create List" owner="BuiltIn">
<msg time="2026-05-09T08:57:38.346055" level="INFO">@{args} = [ ]</msg>
<var>@{args}</var>
<doc>Returns a list containing given items.</doc>
<status status="PASS" start="2026-05-09T08:57:38.345638" elapsed="0.000503"/>
</kw>
<if>
<branch type="IF" condition="&quot;${arg1}&quot; != &quot;None&quot; and &quot;${arg1}&quot; != &quot;nan&quot; and &quot;${arg1}&quot; != &quot;${EMPTY}&quot;">
<kw name="Replace Variables" owner="BuiltIn">
<var>${final_arg1}</var>
<arg>${arg1}</arg>
<doc>Replaces variables in the given text with their current values.</doc>
<status status="NOT RUN" start="2026-05-09T08:57:38.347962" elapsed="0.000079"/>
</kw>
<kw name="Append To List" owner="Collections">
<arg>${args}</arg>
<arg>${final_arg1}</arg>
<doc>Adds ``values`` to the end of ``list``.</doc>
<status status="NOT RUN" start="2026-05-09T08:57:38.348286" elapsed="0.000071"/>
</kw>
<status status="NOT RUN" start="2026-05-09T08:57:38.346368" elapsed="0.002102"/>
</branch>
<status status="PASS" start="2026-05-09T08:57:38.346315" elapsed="0.002265"/>
</if>
<kw name="Evaluate" owner="BuiltIn">
<msg time="2026-05-09T08:57:38.349733" level="INFO">${is_empty_val} = True</msg>
<var>${is_empty_val}</var>
<arg>$arg2 is None or str($arg2).lower() == 'nan' or str($arg2) == ''</arg>
<doc>Evaluates the given expression in Python and returns the result.</doc>
<status status="PASS" start="2026-05-09T08:57:38.348805" elapsed="0.001017"/>
</kw>
<if>
<branch type="IF" condition="$is_empty_val">
<kw name="Evaluate" owner="BuiltIn">
<msg time="2026-05-09T08:57:38.354687" level="INFO">${need_second_arg} = False</msg>
<var>${need_second_arg}</var>
<arg>$keyword in ['Input Text', 'Textfield Value Should Be', 'Element Text Should Be']</arg>
<doc>Evaluates the given expression in Python and returns the result.</doc>
<status status="PASS" start="2026-05-09T08:57:38.353685" elapsed="0.001110"/>
</kw>
<if>
<branch type="IF" condition="$need_second_arg">
<kw name="Append To List" owner="Collections">
<arg>${args}</arg>
<arg>${EMPTY}</arg>
<doc>Adds ``values`` to the end of ``list``.</doc>
<status status="NOT RUN" start="2026-05-09T08:57:38.355557" elapsed="0.000101"/>
</kw>
<status status="NOT RUN" start="2026-05-09T08:57:38.355073" elapsed="0.000723"/>
</branch>
<status status="PASS" start="2026-05-09T08:57:38.355015" elapsed="0.000896"/>
</if>
<status status="PASS" start="2026-05-09T08:57:38.350235" elapsed="0.005748"/>
</branch>
<branch type="ELSE">
<kw name="Replace Variables" owner="BuiltIn">
<var>${final_arg2}</var>
<arg>${arg2}</arg>
<doc>Replaces variables in the given text with their current values.</doc>
<status status="NOT RUN" start="2026-05-09T08:57:38.356339" elapsed="0.000105"/>
</kw>
<kw name="Append To List" owner="Collections">
<arg>${args}</arg>
<arg>${final_arg2}</arg>
<doc>Adds ``values`` to the end of ``list``.</doc>
<status status="NOT RUN" start="2026-05-09T08:57:38.356700" elapsed="0.000074"/>
</kw>
<status status="NOT RUN" start="2026-05-09T08:57:38.356083" elapsed="0.000809"/>
</branch>
<status status="PASS" start="2026-05-09T08:57:38.350160" elapsed="0.006828"/>
</if>
<kw name="Log" owner="BuiltIn">
<msg time="2026-05-09T08:57:38.357640" level="INFO">THUC THI: Login QNU | ARGS: []</msg>
<arg>THUC THI: ${keyword} | ARGS: ${args}</arg>
<doc>Logs the given message with the given level.</doc>
<status status="PASS" start="2026-05-09T08:57:38.357208" elapsed="0.000560"/>
</kw>
<try>
<branch type="TRY">
<kw name="Run Keyword" owner="BuiltIn">
<kw name="Login QNU" owner="qnu_common">
<kw name="Click Element" owner="SeleniumLibrary">
<msg time="2026-05-09T08:57:38.364053" level="INFO">Clicking element 'xpath:(//a[contains(text(),'Đăng nhập')])[2]'.</msg>
<arg>xpath:(//a[contains(text(),'Đăng nhập')])[2]</arg>
<doc>Click the element identified by ``locator``.</doc>
<status status="PASS" start="2026-05-09T08:57:38.363211" elapsed="0.210066"/>
</kw>
<kw name="Input Text" owner="SeleniumLibrary">
<msg time="2026-05-09T08:57:38.574152" level="INFO">Typing text '4551050152' into text field 'name:email'.</msg>
<arg>name:email</arg>
<arg>4551050152</arg>
<doc>Types the given ``text`` into the text field identified by ``locator``.</doc>
<status status="PASS" start="2026-05-09T08:57:38.573705" elapsed="0.257248"/>
</kw>
<kw name="Input Text" owner="SeleniumLibrary">
<msg time="2026-05-09T08:57:38.831766" level="INFO">Typing text '1521050455' into text field 'name:password'.</msg>
<arg>name:password</arg>
<arg>1521050455</arg>
<doc>Types the given ``text`` into the text field identified by ``locator``.</doc>
<status status="PASS" start="2026-05-09T08:57:38.831368" elapsed="0.123422"/>
</kw>
<kw name="Click Button" owner="SeleniumLibrary">
<msg time="2026-05-09T08:57:38.955576" level="INFO">Clicking button 'xpath://button[@type='submit']'.</msg>
<arg>xpath://button[@type='submit']</arg>
<doc>Clicks the button identified by ``locator``.</doc>
<status status="PASS" start="2026-05-09T08:57:38.955178" elapsed="0.119336"/>
</kw>
<kw name="Wait Until Location Contains" owner="SeleniumLibrary">
<arg>/student</arg>
<arg>10s</arg>
<doc>Waits until the current URL contains ``expected``.</doc>
<status status="PASS" start="2026-05-09T08:57:39.075014" elapsed="0.423931"/>
</kw>
<arg>@{args}</arg>
<status status="PASS" start="2026-05-09T08:57:38.361990" elapsed="1.137264"/>
</kw>
<arg>${keyword}</arg>
<arg>@{args}</arg>
<doc>Executes the given keyword with the given arguments.</doc>
<status status="PASS" start="2026-05-09T08:57:38.358306" elapsed="1.141135"/>
</kw>
<status status="PASS" start="2026-05-09T08:57:38.358043" elapsed="1.141518"/>
</branch>
<branch type="EXCEPT" assign="${error}">
<kw name="Capture Page Screenshot" owner="SeleniumLibrary">
<arg>filename=${TEST NAME}_failed_at_${keyword}.png</arg>
<doc>Takes a screenshot of the current page and embeds it into a log file.</doc>
<status status="NOT RUN" start="2026-05-09T08:57:39.500093" elapsed="0.000081"/>
</kw>
<kw name="Fail" owner="BuiltIn">
<arg>Dừng tại bước: ${keyword} do lỗi: ${error}</arg>
<doc>Fails the test with the given message and optionally alters its tags.</doc>
<status status="NOT RUN" start="2026-05-09T08:57:39.500445" elapsed="0.000081"/>
</kw>
<status status="NOT RUN" start="2026-05-09T08:57:39.499749" elapsed="0.000907"/>
</branch>
<status status="PASS" start="2026-05-09T08:57:38.357935" elapsed="1.142862"/>
</try>
<arg>${k}</arg>
<arg>${a1}</arg>
<arg>${a2}</arg>
<status status="PASS" start="2026-05-09T08:57:38.337930" elapsed="1.162998"/>
</kw>
<status status="PASS" start="2026-05-09T08:57:38.335248" elapsed="1.165986"/>
</branch>
<status status="PASS" start="2026-05-09T08:57:38.335137" elapsed="1.166279"/>
</if>
<var name="${i}">1</var>
<status status="PASS" start="2026-05-09T08:57:38.331058" elapsed="1.170440"/>
</iter>
<iter>
<kw name="Get Variable Value" owner="BuiltIn">
<msg time="2026-05-09T08:57:39.503250" level="INFO">${k} = Click Element</msg>
<var>${k}</var>
<arg>\${Step${i}_Keyword}</arg>
<doc>Returns variable value or ``default`` if the variable does not exist.</doc>
<status status="PASS" start="2026-05-09T08:57:39.502624" elapsed="0.000717"/>
</kw>
<kw name="Get Variable Value" owner="BuiltIn">
<msg time="2026-05-09T08:57:39.504184" level="INFO">${a1} = xpath=//a[@href='/student/marks']</msg>
<var>${a1}</var>
<arg>\${Step${i}_Arg1}</arg>
<doc>Returns variable value or ``default`` if the variable does not exist.</doc>
<status status="PASS" start="2026-05-09T08:57:39.503673" elapsed="0.000583"/>
</kw>
<kw name="Get Variable Value" owner="BuiltIn">
<msg time="2026-05-09T08:57:39.504974" level="INFO">${a2} = </msg>
<var>${a2}</var>
<arg>\${Step${i}_Arg2}</arg>
<doc>Returns variable value or ``default`` if the variable does not exist.</doc>
<status status="PASS" start="2026-05-09T08:57:39.504520" elapsed="0.000525"/>
</kw>
<if>
<branch type="IF" condition="$k != &quot;&quot; and $k is not None">
<kw name="Log To Console" owner="BuiltIn">
<arg>\n--- Buoc ${i}: ${k} ---</arg>
<doc>Logs the given message to the console.</doc>
<status status="PASS" start="2026-05-09T08:57:39.505830" elapsed="0.000839"/>
</kw>
<kw name="Thuc Thi Buoc Kiem Thu">
<kw name="Run Keyword And Return Status" owner="BuiltIn">
<kw name="Keyword Should Exist" owner="BuiltIn">
<arg>${keyword}</arg>
<doc>Fails unless the given keyword exists in the current scope.</doc>
<status status="PASS" start="2026-05-09T08:57:39.508815" elapsed="0.000261"/>
</kw>
<msg time="2026-05-09T08:57:39.509236" level="INFO">${exists} = True</msg>
<var>${exists}</var>
<arg>Keyword Should Exist</arg>
<arg>${keyword}</arg>
<doc>Runs the given keyword with given arguments and returns the status as a Boolean value.</doc>
<status status="PASS" start="2026-05-09T08:57:39.508599" elapsed="0.000685"/>
</kw>
<if>
<branch type="IF" condition="not ${exists}">
<kw name="Fail" owner="BuiltIn">
<arg>Keyword không tồn tại: ${keyword}</arg>
<doc>Fails the test with the given message and optionally alters its tags.</doc>
<status status="NOT RUN" start="2026-05-09T08:57:39.509837" elapsed="0.000072"/>
</kw>
<status status="NOT RUN" start="2026-05-09T08:57:39.509432" elapsed="0.000591"/>
</branch>
<status status="PASS" start="2026-05-09T08:57:39.509396" elapsed="0.000767"/>
</if>
<kw name="Replace Variables" owner="BuiltIn">
<msg time="2026-05-09T08:57:39.511058" level="INFO">${final_arg1} = xpath=//a[@href='/student/marks']</msg>
<var>${final_arg1}</var>
<arg>${arg1}</arg>
<doc>Replaces variables in the given text with their current values.</doc>
<status status="PASS" start="2026-05-09T08:57:39.510416" elapsed="0.000726"/>
</kw>
<kw name="Replace Variables" owner="BuiltIn">
<msg time="2026-05-09T08:57:39.511741" level="INFO">${final_arg2} = </msg>
<var>${final_arg2}</var>
<arg>${arg2}</arg>
<doc>Replaces variables in the given text with their current values.</doc>
<status status="PASS" start="2026-05-09T08:57:39.511427" elapsed="0.000389"/>
</kw>
<kw name="Create List" owner="BuiltIn">
<msg time="2026-05-09T08:57:39.512374" level="INFO">@{args} = [ ]</msg>
<var>@{args}</var>
<doc>Returns a list containing given items.</doc>
<status status="PASS" start="2026-05-09T08:57:39.512077" elapsed="0.000362"/>
</kw>
<if>
<branch type="IF" condition="&quot;${arg1}&quot; != &quot;None&quot; and &quot;${arg1}&quot; != &quot;nan&quot; and &quot;${arg1}&quot; != &quot;${EMPTY}&quot;">
<kw name="Replace Variables" owner="BuiltIn">
<msg time="2026-05-09T08:57:39.515293" level="INFO">${final_arg1} = xpath=//a[@href='/student/marks']</msg>
<var>${final_arg1}</var>
<arg>${arg1}</arg>
<doc>Replaces variables in the given text with their current values.</doc>
<status status="PASS" start="2026-05-09T08:57:39.514790" elapsed="0.000593"/>
</kw>
<kw name="Append To List" owner="Collections">
<arg>${args}</arg>
<arg>${final_arg1}</arg>
<doc>Adds ``values`` to the end of ``list``.</doc>
<status status="PASS" start="2026-05-09T08:57:39.515918" elapsed="0.000410"/>
</kw>
<status status="PASS" start="2026-05-09T08:57:39.512772" elapsed="0.003700"/>
</branch>
<status status="PASS" start="2026-05-09T08:57:39.512698" elapsed="0.003890"/>
</if>
<kw name="Evaluate" owner="BuiltIn">
<msg time="2026-05-09T08:57:39.517435" level="INFO">${is_empty_val} = True</msg>
<var>${is_empty_val}</var>
<arg>$arg2 is None or str($arg2).lower() == 'nan' or str($arg2) == ''</arg>
<doc>Evaluates the given expression in Python and returns the result.</doc>
<status status="PASS" start="2026-05-09T08:57:39.516826" elapsed="0.001083"/>
</kw>
<if>
<branch type="IF" condition="$is_empty_val">
<kw name="Evaluate" owner="BuiltIn">
<msg time="2026-05-09T08:57:39.519493" level="INFO">${need_second_arg} = False</msg>
<var>${need_second_arg}</var>
<arg>$keyword in ['Input Text', 'Textfield Value Should Be', 'Element Text Should Be']</arg>
<doc>Evaluates the given expression in Python and returns the result.</doc>
<status status="PASS" start="2026-05-09T08:57:39.518721" elapsed="0.000850"/>
</kw>
<if>
<branch type="IF" condition="$need_second_arg">
<kw name="Append To List" owner="Collections">
<arg>${args}</arg>
<arg>${EMPTY}</arg>
<doc>Adds ``values`` to the end of ``list``.</doc>
<status status="NOT RUN" start="2026-05-09T08:57:39.520532" elapsed="0.000087"/>
</kw>
<status status="NOT RUN" start="2026-05-09T08:57:39.520055" elapsed="0.000698"/>
</branch>
<status status="PASS" start="2026-05-09T08:57:39.519992" elapsed="0.000865"/>
</if>
<status status="PASS" start="2026-05-09T08:57:39.518142" elapsed="0.002787"/>
</branch>
<branch type="ELSE">
<kw name="Replace Variables" owner="BuiltIn">
<var>${final_arg2}</var>
<arg>${arg2}</arg>
<doc>Replaces variables in the given text with their current values.</doc>
<status status="NOT RUN" start="2026-05-09T08:57:39.521476" elapsed="0.000084"/>
</kw>
<kw name="Append To List" owner="Collections">
<arg>${args}</arg>
<arg>${final_arg2}</arg>
<doc>Adds ``values`` to the end of ``list``.</doc>
<status status="NOT RUN" start="2026-05-09T08:57:39.521842" elapsed="0.000097"/>
</kw>
<status status="NOT RUN" start="2026-05-09T08:57:39.521023" elapsed="0.001097"/>
</branch>
<status status="PASS" start="2026-05-09T08:57:39.518096" elapsed="0.004159"/>
</if>
<kw name="Log" owner="BuiltIn">
<msg time="2026-05-09T08:57:39.523218" level="INFO">THUC THI: Click Element | ARGS: ["xpath=//a[@href='/student/marks']"]</msg>
<arg>THUC THI: ${keyword} | ARGS: ${args}</arg>
<doc>Logs the given message with the given level.</doc>
<status status="PASS" start="2026-05-09T08:57:39.522527" elapsed="0.000868"/>
</kw>
<try>
<branch type="TRY">
<kw name="Run Keyword" owner="BuiltIn">
<kw name="Click Element" owner="SeleniumLibrary">
<msg time="2026-05-09T08:57:39.524822" level="INFO">Clicking element 'xpath=//a[@href='/student/marks']'.</msg>
<arg>@{args}</arg>
<doc>Click the element identified by ``locator``.</doc>
<status status="PASS" start="2026-05-09T08:57:39.524405" elapsed="0.116382"/>
</kw>
<arg>${keyword}</arg>
<arg>@{args}</arg>
<doc>Executes the given keyword with the given arguments.</doc>
<status status="PASS" start="2026-05-09T08:57:39.523944" elapsed="0.117046"/>
</kw>
<status status="PASS" start="2026-05-09T08:57:39.523646" elapsed="0.117428"/>
</branch>
<branch type="EXCEPT" assign="${error}">
<kw name="Capture Page Screenshot" owner="SeleniumLibrary">
<arg>filename=${TEST NAME}_failed_at_${keyword}.png</arg>
<doc>Takes a screenshot of the current page and embeds it into a log file.</doc>
<status status="NOT RUN" start="2026-05-09T08:57:39.641486" elapsed="0.000060"/>
</kw>
<kw name="Fail" owner="BuiltIn">
<arg>Dừng tại bước: ${keyword} do lỗi: ${error}</arg>
<doc>Fails the test with the given message and optionally alters its tags.</doc>
<status status="NOT RUN" start="2026-05-09T08:57:39.641720" elapsed="0.000051"/>
</kw>
<status status="NOT RUN" start="2026-05-09T08:57:39.641216" elapsed="0.000628"/>
</branch>
<status status="PASS" start="2026-05-09T08:57:39.523556" elapsed="0.118378"/>
</try>
<arg>${k}</arg>
<arg>${a1}</arg>
<arg>${a2}</arg>
<status status="PASS" start="2026-05-09T08:57:39.507659" elapsed="0.134454"/>
</kw>
<status status="PASS" start="2026-05-09T08:57:39.505249" elapsed="0.136959"/>
</branch>
<status status="PASS" start="2026-05-09T08:57:39.505202" elapsed="0.137089"/>
</if>
<var name="${i}">2</var>
<status status="PASS" start="2026-05-09T08:57:39.502162" elapsed="0.140171"/>
</iter>
<iter>
<kw name="Get Variable Value" owner="BuiltIn">
<msg time="2026-05-09T08:57:39.643424" level="INFO">${k} = Click Element</msg>
<var>${k}</var>
<arg>\${Step${i}_Keyword}</arg>
<doc>Returns variable value or ``default`` if the variable does not exist.</doc>
<status status="PASS" start="2026-05-09T08:57:39.642918" elapsed="0.000568"/>
</kw>
<kw name="Get Variable Value" owner="BuiltIn">
<msg time="2026-05-09T08:57:39.644465" level="INFO">${a1} = xpath=//div[@id='mui-component-select-YearStudy']</msg>
<var>${a1}</var>
<arg>\${Step${i}_Arg1}</arg>
<doc>Returns variable value or ``default`` if the variable does not exist.</doc>
<status status="PASS" start="2026-05-09T08:57:39.643700" elapsed="0.000879"/>
</kw>
<kw name="Get Variable Value" owner="BuiltIn">
<msg time="2026-05-09T08:57:39.645500" level="INFO">${a2} = </msg>
<var>${a2}</var>
<arg>\${Step${i}_Arg2}</arg>
<doc>Returns variable value or ``default`` if the variable does not exist.</doc>
<status status="PASS" start="2026-05-09T08:57:39.644971" elapsed="0.000603"/>
</kw>
<if>
<branch type="IF" condition="$k != &quot;&quot; and $k is not None">
<kw name="Log To Console" owner="BuiltIn">
<arg>\n--- Buoc ${i}: ${k} ---</arg>
<doc>Logs the given message to the console.</doc>
<status status="PASS" start="2026-05-09T08:57:39.646422" elapsed="0.001394"/>
</kw>
<kw name="Thuc Thi Buoc Kiem Thu">
<kw name="Run Keyword And Return Status" owner="BuiltIn">
<kw name="Keyword Should Exist" owner="BuiltIn">
<arg>${keyword}</arg>
<doc>Fails unless the given keyword exists in the current scope.</doc>
<status status="PASS" start="2026-05-09T08:57:39.650233" elapsed="0.000374"/>
</kw>
<msg time="2026-05-09T08:57:39.650833" level="INFO">${exists} = True</msg>
<var>${exists}</var>
<arg>Keyword Should Exist</arg>
<arg>${keyword}</arg>
<doc>Runs the given keyword with given arguments and returns the status as a Boolean value.</doc>
<status status="PASS" start="2026-05-09T08:57:39.649881" elapsed="0.001023"/>
</kw>
<if>
<branch type="IF" condition="not ${exists}">
<kw name="Fail" owner="BuiltIn">
<arg>Keyword không tồn tại: ${keyword}</arg>
<doc>Fails the test with the given message and optionally alters its tags.</doc>
<status status="NOT RUN" start="2026-05-09T08:57:39.652737" elapsed="0.000142"/>
</kw>
<status status="NOT RUN" start="2026-05-09T08:57:39.651562" elapsed="0.001834"/>
</branch>
<status status="PASS" start="2026-05-09T08:57:39.651456" elapsed="0.002199"/>
</if>
<kw name="Replace Variables" owner="BuiltIn">
<msg time="2026-05-09T08:57:39.656671" level="INFO">${final_arg1} = xpath=//div[@id='mui-component-select-YearStudy']</msg>
<var>${final_arg1}</var>
<arg>${arg1}</arg>
<doc>Replaces variables in the given text with their current values.</doc>
<status status="PASS" start="2026-05-09T08:57:39.654336" elapsed="0.002470"/>
</kw>
<kw name="Replace Variables" owner="BuiltIn">
<msg time="2026-05-09T08:57:39.658487" level="INFO">${final_arg2} = </msg>
<var>${final_arg2}</var>
<arg>${arg2}</arg>
<doc>Replaces variables in the given text with their current values.</doc>
<status status="PASS" start="2026-05-09T08:57:39.657432" elapsed="0.001156"/>
</kw>
<kw name="Create List" owner="BuiltIn">
<msg time="2026-05-09T08:57:39.660183" level="INFO">@{args} = [ ]</msg>
<var>@{args}</var>
<doc>Returns a list containing given items.</doc>
<status status="PASS" start="2026-05-09T08:57:39.659046" elapsed="0.001410"/>
</kw>
<if>
<branch type="IF" condition="&quot;${arg1}&quot; != &quot;None&quot; and &quot;${arg1}&quot; != &quot;nan&quot; and &quot;${arg1}&quot; != &quot;${EMPTY}&quot;">
<kw name="Replace Variables" owner="BuiltIn">
<msg time="2026-05-09T08:57:39.663637" level="INFO">${final_arg1} = xpath=//div[@id='mui-component-select-YearStudy']</msg>
<var>${final_arg1}</var>
<arg>${arg1}</arg>
<doc>Replaces variables in the given text with their current values.</doc>
<status status="PASS" start="2026-05-09T08:57:39.663196" elapsed="0.000522"/>
</kw>
<kw name="Append To List" owner="Collections">
<arg>${args}</arg>
<arg>${final_arg1}</arg>
<doc>Adds ``values`` to the end of ``list``.</doc>
<status status="PASS" start="2026-05-09T08:57:39.664025" elapsed="0.000376"/>
</kw>
<status status="PASS" start="2026-05-09T08:57:39.661308" elapsed="0.003215"/>
</branch>
<status status="PASS" start="2026-05-09T08:57:39.661103" elapsed="0.003524"/>
</if>
<kw name="Evaluate" owner="BuiltIn">
<msg time="2026-05-09T08:57:39.665532" level="INFO">${is_empty_val} = True</msg>
<var>${is_empty_val}</var>
<arg>$arg2 is None or str($arg2).lower() == 'nan' or str($arg2) == ''</arg>
<doc>Evaluates the given expression in Python and returns the result.</doc>
<status status="PASS" start="2026-05-09T08:57:39.664831" elapsed="0.000845"/>
</kw>
<if>
<branch type="IF" condition="$is_empty_val">
<kw name="Evaluate" owner="BuiltIn">
<msg time="2026-05-09T08:57:39.666855" level="INFO">${need_second_arg} = False</msg>
<var>${need_second_arg}</var>
<arg>$keyword in ['Input Text', 'Textfield Value Should Be', 'Element Text Should Be']</arg>
<doc>Evaluates the given expression in Python and returns the result.</doc>
<status status="PASS" start="2026-05-09T08:57:39.666319" elapsed="0.000611"/>
</kw>
<if>
<branch type="IF" condition="$need_second_arg">
<kw name="Append To List" owner="Collections">
<arg>${args}</arg>
<arg>${EMPTY}</arg>
<doc>Adds ``values`` to the end of ``list``.</doc>
<status status="NOT RUN" start="2026-05-09T08:57:39.667494" elapsed="0.000071"/>
</kw>
<status status="NOT RUN" start="2026-05-09T08:57:39.667127" elapsed="0.000553"/>
</branch>
<status status="PASS" start="2026-05-09T08:57:39.667085" elapsed="0.000924"/>
</if>
<status status="PASS" start="2026-05-09T08:57:39.665915" elapsed="0.002372"/>
</branch>
<branch type="ELSE">
<kw name="Replace Variables" owner="BuiltIn">
<var>${final_arg2}</var>
<arg>${arg2}</arg>
<doc>Replaces variables in the given text with their current values.</doc>
<status status="NOT RUN" start="2026-05-09T08:57:39.668776" elapsed="0.000085"/>
</kw>
<kw name="Append To List" owner="Collections">
<arg>${args}</arg>
<arg>${final_arg2}</arg>
<doc>Adds ``values`` to the end of ``list``.</doc>
<status status="NOT RUN" start="2026-05-09T08:57:39.669942" elapsed="0.000265"/>
</kw>
<status status="NOT RUN" start="2026-05-09T08:57:39.668463" elapsed="0.001960"/>
</branch>
<status status="PASS" start="2026-05-09T08:57:39.665869" elapsed="0.005199"/>
</if>
<kw name="Log" owner="BuiltIn">
<msg time="2026-05-09T08:57:39.672187" level="INFO">THUC THI: Click Element | ARGS: ["xpath=//div[@id='mui-component-select-YearStudy']"]</msg>
<arg>THUC THI: ${keyword} | ARGS: ${args}</arg>
<doc>Logs the given message with the given level.</doc>
<status status="PASS" start="2026-05-09T08:57:39.671507" elapsed="0.000835"/>
</kw>
<try>
<branch type="TRY">
<kw name="Run Keyword" owner="BuiltIn">
<kw name="Click Element" owner="SeleniumLibrary">
<msg time="2026-05-09T08:57:39.673815" level="INFO">Clicking element 'xpath=//div[@id='mui-component-select-YearStudy']'.</msg>
<msg time="2026-05-09T08:57:39.924218" level="FAIL">StaleElementReferenceException: Message: stale element reference: stale element not found in the current frame
  (Session info: chrome=147.0.7727.138); For documentation on this error, please visit: https://www.selenium.dev/documentation/webdriver/troubleshooting/errors#staleelementreferenceexception
Stacktrace:
	chromedriver!GetHandleVerifier [0x7ff7115ba8e5+14e45]
	chromedriver!GetHandleVerifier [0x7ff7115ba950+14eb0]
	chromedriver!(No symbol) [0x7ff71132d6ed]
	chromedriver!(No symbol) [0x7ff711335671]
	chromedriver!(No symbol) [0x7ff711338795]
	chromedriver!(No symbol) [0x7ff71133885f]
	chromedriver!(No symbol) [0x7ff711388fc0]
	chromedriver!(No symbol) [0x7ff71137b12f]
	chromedriver!(No symbol) [0x7ff7113b002a]
	chromedriver!(No symbol) [0x7ff71137aa46]
	chromedriver!(No symbol) [0x7ff7113d483b]
	chromedriver!(No symbol) [0x7ff7113790e8]
	chromedriver!(No symbol) [0x7ff711379fc3]
	chromedriver!GetHandleVerifier [0x7ff7118d0149+32a6a9]
	chromedriver!GetHandleVerifier [0x7ff7118ca715+324c75]
	chromedriver!GetHandleVerifier [0x7ff7118ec012+346572]
	chromedriver!GetHandleVerifier [0x7ff7115d7cb5+32215]
	chromedriver!GetHandleVerifier [0x7ff7115e087c+3addc]
	chromedriver!GetHandleVerifier [0x7ff7115c40e4+1e644]
	chromedriver!GetHandleVerifier [0x7ff7115c4296+1e7f6]
	chromedriver!GetHandleVerifier [0x7ff7115a8737+2c97]
	KERNEL32!BaseThreadInitThunk [0x7ffc063de957+17]
	ntdll!RtlUserThreadStart [0x7ffc07a2427c+2c]
</msg>
<arg>@{args}</arg>
<doc>Click the element identified by ``locator``.</doc>
<status status="FAIL" start="2026-05-09T08:57:39.673315" elapsed="0.258687">StaleElementReferenceException: Message: stale element reference: stale element not found in the current frame
  (Session info: chrome=147.0.7727.138); For documentation on this error, please visit: https://www.selenium.dev/documentation/webdriver/troubleshooting/errors#staleelementreferenceexception
Stacktrace:
	chromedriver!GetHandleVerifier [0x7ff7115ba8e5+14e45]
	chromedriver!GetHandleVerifier [0x7ff7115ba950+14eb0]
	chromedriver!(No symbol) [0x7ff71132d6ed]
	chromedriver!(No symbol) [0x7ff711335671]
	chromedriver!(No symbol) [0x7ff711338795]
	chromedriver!(No symbol) [0x7ff71133885f]
	chromedriver!(No symbol) [0x7ff711388fc0]
	chromedriver!(No symbol) [0x7ff71137b12f]
	chromedriver!(No symbol) [0x7ff7113b002a]
	chromedriver!(No symbol) [0x7ff71137aa46]
	chromedriver!(No symbol) [0x7ff7113d483b]
	chromedriver!(No symbol) [0x7ff7113790e8]
	chromedriver!(No symbol) [0x7ff711379fc3]
	chromedriver!GetHandleVerifier [0x7ff7118d0149+32a6a9]
	chromedriver!GetHandleVerifier [0x7ff7118ca715+324c75]
	chromedriver!GetHandleVerifier [0x7ff7118ec012+346572]
	chromedriver!GetHandleVerifier [0x7ff7115d7cb5+32215]
	chromedriver!GetHandleVerifier [0x7ff7115e087c+3addc]
	chromedriver!GetHandleVerifier [0x7ff7115c40e4+1e644]
	chromedriver!GetHandleVerifier [0x7ff7115c4296+1e7f6]
	chromedriver!GetHandleVerifier [0x7ff7115a8737+2c97]
	KERNEL32!BaseThreadInitThunk [0x7ffc063de957+17]
	ntdll!RtlUserThreadStart [0x7ffc07a2427c+2c]
</status>
</kw>
<arg>${keyword}</arg>
<arg>@{args}</arg>
<doc>Executes the given keyword with the given arguments.</doc>
<status status="FAIL" start="2026-05-09T08:57:39.672849" elapsed="0.259426">StaleElementReferenceException: Message: stale element reference: stale element not found in the current frame
  (Session info: chrome=147.0.7727.138); For documentation on this error, please visit: https://www.selenium.dev/documentation/webdriver/troubleshooting/errors#staleelementreferenceexception
Stacktrace:
	chromedriver!GetHandleVerifier [0x7ff7115ba8e5+14e45]
	chromedriver!GetHandleVerifier [0x7ff7115ba950+14eb0]
	chromedriver!(No symbol) [0x7ff71132d6ed]
	chromedriver!(No symbol) [0x7ff711335671]
	chromedriver!(No symbol) [0x7ff711338795]
	chromedriver!(No symbol) [0x7ff71133885f]
	chromedriver!(No symbol) [0x7ff711388fc0]
	chromedriver!(No symbol) [0x7ff71137b12f]
	chromedriver!(No symbol) [0x7ff7113b002a]
	chromedriver!(No symbol) [0x7ff71137aa46]
	chromedriver!(No symbol) [0x7ff7113d483b]
	chromedriver!(No symbol) [0x7ff7113790e8]
	chromedriver!(No symbol) [0x7ff711379fc3]
	chromedriver!GetHandleVerifier [0x7ff7118d0149+32a6a9]
	chromedriver!GetHandleVerifier [0x7ff7118ca715+324c75]
	chromedriver!GetHandleVerifier [0x7ff7118ec012+346572]
	chromedriver!GetHandleVerifier [0x7ff7115d7cb5+32215]
	chromedriver!GetHandleVerifier [0x7ff7115e087c+3addc]
	chromedriver!GetHandleVerifier [0x7ff7115c40e4+1e644]
	chromedriver!GetHandleVerifier [0x7ff7115c4296+1e7f6]
	chromedriver!GetHandleVerifier [0x7ff7115a8737+2c97]
	KERNEL32!BaseThreadInitThunk [0x7ffc063de957+17]
	ntdll!RtlUserThreadStart [0x7ffc07a2427c+2c]
</status>
</kw>
<status status="FAIL" start="2026-05-09T08:57:39.672609" elapsed="0.259909">StaleElementReferenceException: Message: stale element reference: stale element not found in the current frame
  (Session info: chrome=147.0.7727.138); For documentation on this error, please visit: https://www.selenium.dev/documentation/webdriver/troubleshooting/errors#staleelementreferenceexception
Stacktrace:
	chromedriver!GetHandleVerifier [0x7ff7115ba8e5+14e45]
	chromedriver!GetHandleVerifier [0x7ff7115ba950+14eb0]
	chromedriver!(No symbol) [0x7ff71132d6ed]
	chromedriver!(No symbol) [0x7ff711335671]
	chromedriver!(No symbol) [0x7ff711338795]
	chromedriver!(No symbol) [0x7ff71133885f]
	chromedriver!(No symbol) [0x7ff711388fc0]
	chromedriver!(No symbol) [0x7ff71137b12f]
	chromedriver!(No symbol) [0x7ff7113b002a]
	chromedriver!(No symbol) [0x7ff71137aa46]
	chromedriver!(No symbol) [0x7ff7113d483b]
	chromedriver!(No symbol) [0x7ff7113790e8]
	chromedriver!(No symbol) [0x7ff711379fc3]
	chromedriver!GetHandleVerifier [0x7ff7118d0149+32a6a9]
	chromedriver!GetHandleVerifier [0x7ff7118ca715+324c75]
	chromedriver!GetHandleVerifier [0x7ff7118ec012+346572]
	chromedriver!GetHandleVerifier [0x7ff7115d7cb5+32215]
	chromedriver!GetHandleVerifier [0x7ff7115e087c+3addc]
	chromedriver!GetHandleVerifier [0x7ff7115c40e4+1e644]
	chromedriver!GetHandleVerifier [0x7ff7115c4296+1e7f6]
	chromedriver!GetHandleVerifier [0x7ff7115a8737+2c97]
	KERNEL32!BaseThreadInitThunk [0x7ffc063de957+17]
	ntdll!RtlUserThreadStart [0x7ffc07a2427c+2c]
</status>
</branch>
<branch type="EXCEPT" assign="${error}">
<kw name="Capture Page Screenshot" owner="SeleniumLibrary">
<msg time="2026-05-09T08:57:40.199626" level="INFO" html="true">&lt;/td&gt;&lt;/tr&gt;&lt;tr&gt;&lt;td colspan="3"&gt;&lt;a href="TC_01_Xem_diem_thanh_cong_HK1_2023_2024_failed_at_Click%20Element.png"&gt;&lt;img src="TC_01_Xem_diem_thanh_cong_HK1_2023_2024_failed_at_Click%20Element.png" width="800px"&gt;&lt;/a&gt;</msg>
<arg>filename=${TEST NAME}_failed_at_${keyword}.png</arg>
<doc>Takes a screenshot of the current page and embeds it into a log file.</doc>
<status status="PASS" start="2026-05-09T08:57:39.933176" elapsed="0.266726"/>
</kw>
<kw name="Fail" owner="BuiltIn">
<msg time="2026-05-09T08:57:40.201144" level="FAIL">Dừng tại bước: Click Element do lỗi: StaleElementReferenceException: Message: stale element reference: stale element not found in the current frame
  (Session info: chrome=147.0.7727.138); For documentation on this error, please visit: https://www.selenium.dev/documentation/webdriver/troubleshooting/errors#staleelementreferenceexception
Stacktrace:
	chromedriver!GetHandleVerifier [0x7ff7115ba8e5+14e45]
	chromedriver!GetHandleVerifier [0x7ff7115ba950+14eb0]
	chromedriver!(No symbol) [0x7ff71132d6ed]
	chromedriver!(No symbol) [0x7ff711335671]
	chromedriver!(No symbol) [0x7ff711338795]
	chromedriver!(No symbol) [0x7ff71133885f]
	chromedriver!(No symbol) [0x7ff711388fc0]
	chromedriver!(No symbol) [0x7ff71137b12f]
	chromedriver!(No symbol) [0x7ff7113b002a]
	chromedriver!(No symbol) [0x7ff71137aa46]
	chromedriver!(No symbol) [0x7ff7113d483b]
	chromedriver!(No symbol) [0x7ff7113790e8]
	chromedriver!(No symbol) [0x7ff711379fc3]
	chromedriver!GetHandleVerifier [0x7ff7118d0149+32a6a9]
	chromedriver!GetHandleVerifier [0x7ff7118ca715+324c75]
	chromedriver!GetHandleVerifier [0x7ff7118ec012+346572]
	chromedriver!GetHandleVerifier [0x7ff7115d7cb5+32215]
	chromedriver!GetHandleVerifier [0x7ff7115e087c+3addc]
	chromedriver!GetHandleVerifier [0x7ff7115c40e4+1e644]
	chromedriver!GetHandleVerifier [0x7ff7115c4296+1e7f6]
	chromedriver!GetHandleVerifier [0x7ff7115a8737+2c97]
	KERNEL32!BaseThreadInitThunk [0x7ffc063de957+17]
	ntdll!RtlUserThreadStart [0x7ffc07a2427c+2c]
</msg>
<arg>Dừng tại bước: ${keyword} do lỗi: ${error}</arg>
<doc>Fails the test with the given message and optionally alters its tags.</doc>
<status status="FAIL" start="2026-05-09T08:57:40.200333" elapsed="0.001205">Dừng tại bước: Click Element do lỗi: StaleElementReferenceException: Message: stale element reference: stale element not found in the current frame
  (Session info: chrome=147.0.7727.138); For documentation on this error, please visit: https://www.selenium.dev/documentation/webdriver/troubleshooting/errors#staleelementreferenceexception
Stacktrace:
	chromedriver!GetHandleVerifier [0x7ff7115ba8e5+14e45]
	chromedriver!GetHandleVerifier [0x7ff7115ba950+14eb0]
	chromedriver!(No symbol) [0x7ff71132d6ed]
	chromedriver!(No symbol) [0x7ff711335671]
	chromedriver!(No symbol) [0x7ff711338795]
	chromedriver!(No symbol) [0x7ff71133885f]
	chromedriver!(No symbol) [0x7ff711388fc0]
	chromedriver!(No symbol) [0x7ff71137b12f]
	chromedriver!(No symbol) [0x7ff7113b002a]
	chromedriver!(No symbol) [0x7ff71137aa46]
	chromedriver!(No symbol) [0x7ff7113d483b]
	chromedriver!(No symbol) [0x7ff7113790e8]
	chromedriver!(No symbol) [0x7ff711379fc3]
	chromedriver!GetHandleVerifier [0x7ff7118d0149+32a6a9]
	chromedriver!GetHandleVerifier [0x7ff7118ca715+324c75]
	chromedriver!GetHandleVerifier [0x7ff7118ec012+346572]
	chromedriver!GetHandleVerifier [0x7ff7115d7cb5+32215]
	chromedriver!GetHandleVerifier [0x7ff7115e087c+3addc]
	chromedriver!GetHandleVerifier [0x7ff7115c40e4+1e644]
	chromedriver!GetHandleVerifier [0x7ff7115c4296+1e7f6]
	chromedriver!GetHandleVerifier [0x7ff7115a8737+2c97]
	KERNEL32!BaseThreadInitThunk [0x7ffc063de957+17]
	ntdll!RtlUserThreadStart [0x7ffc07a2427c+2c]
</status>
</kw>
<status status="FAIL" start="2026-05-09T08:57:39.932875" elapsed="0.269059">Dừng tại bước: Click Element do lỗi: StaleElementReferenceException: Message: stale element reference: stale element not found in the current frame
  (Session info: chrome=147.0.7727.138); For documentation on this error, please visit: https://www.selenium.dev/documentation/webdriver/troubleshooting/errors#staleelementreferenceexception
Stacktrace:
	chromedriver!GetHandleVerifier [0x7ff7115ba8e5+14e45]
	chromedriver!GetHandleVerifier [0x7ff7115ba950+14eb0]
	chromedriver!(No symbol) [0x7ff71132d6ed]
	chromedriver!(No symbol) [0x7ff711335671]
	chromedriver!(No symbol) [0x7ff711338795]
	chromedriver!(No symbol) [0x7ff71133885f]
	chromedriver!(No symbol) [0x7ff711388fc0]
	chromedriver!(No symbol) [0x7ff71137b12f]
	chromedriver!(No symbol) [0x7ff7113b002a]
	chromedriver!(No symbol) [0x7ff71137aa46]
	chromedriver!(No symbol) [0x7ff7113d483b]
	chromedriver!(No symbol) [0x7ff7113790e8]
	chromedriver!(No symbol) [0x7ff711379fc3]
	chromedriver!GetHandleVerifier [0x7ff7118d0149+32a6a9]
	chromedriver!GetHandleVerifier [0x7ff7118ca715+324c75]
	chromedriver!GetHandleVerifier [0x7ff7118ec012+346572]
	chromedriver!GetHandleVerifier [0x7ff7115d7cb5+32215]
	chromedriver!GetHandleVerifier [0x7ff7115e087c+3addc]
	chromedriver!GetHandleVerifier [0x7ff7115c40e4+1e644]
	chromedriver!GetHandleVerifier [0x7ff7115c4296+1e7f6]
	chromedriver!GetHandleVerifier [0x7ff7115a8737+2c97]
	KERNEL32!BaseThreadInitThunk [0x7ffc063de957+17]
	ntdll!RtlUserThreadStart [0x7ffc07a2427c+2c]
</status>
</branch>
<status status="FAIL" start="2026-05-09T08:57:39.672509" elapsed="0.529974">Dừng tại bước: Click Element do lỗi: StaleElementReferenceException: Message: stale element reference: stale element not found in the current frame
  (Session info: chrome=147.0.7727.138); For documentation on this error, please visit: https://www.selenium.dev/documentation/webdriver/troubleshooting/errors#staleelementreferenceexception
Stacktrace:
	chromedriver!GetHandleVerifier [0x7ff7115ba8e5+14e45]
	chromedriver!GetHandleVerifier [0x7ff7115ba950+14eb0]
	chromedriver!(No symbol) [0x7ff71132d6ed]
	chromedriver!(No symbol) [0x7ff711335671]
	chromedriver!(No symbol) [0x7ff711338795]
	chromedriver!(No symbol) [0x7ff71133885f]
	chromedriver!(No symbol) [0x7ff711388fc0]
	chromedriver!(No symbol) [0x7ff71137b12f]
	chromedriver!(No symbol) [0x7ff7113b002a]
	chromedriver!(No symbol) [0x7ff71137aa46]
	chromedriver!(No symbol) [0x7ff7113d483b]
	chromedriver!(No symbol) [0x7ff7113790e8]
	chromedriver!(No symbol) [0x7ff711379fc3]
	chromedriver!GetHandleVerifier [0x7ff7118d0149+32a6a9]
	chromedriver!GetHandleVerifier [0x7ff7118ca715+324c75]
	chromedriver!GetHandleVerifier [0x7ff7118ec012+346572]
	chromedriver!GetHandleVerifier [0x7ff7115d7cb5+32215]
	chromedriver!GetHandleVerifier [0x7ff7115e087c+3addc]
	chromedriver!GetHandleVerifier [0x7ff7115c40e4+1e644]
	chromedriver!GetHandleVerifier [0x7ff7115c4296+1e7f6]
	chromedriver!GetHandleVerifier [0x7ff7115a8737+2c97]
	KERNEL32!BaseThreadInitThunk [0x7ffc063de957+17]
	ntdll!RtlUserThreadStart [0x7ffc07a2427c+2c]
</status>
</try>
<arg>${k}</arg>
<arg>${a1}</arg>
<arg>${a2}</arg>
<status status="FAIL" start="2026-05-09T08:57:39.648952" elapsed="0.554038">Dừng tại bước: Click Element do lỗi: StaleElementReferenceException: Message: stale element reference: stale element not found in the current frame
  (Session info: chrome=147.0.7727.138); For documentation on this error, please visit: https://www.selenium.dev/documentation/webdriver/troubleshooting/errors#staleelementreferenceexception
Stacktrace:
	chromedriver!GetHandleVerifier [0x7ff7115ba8e5+14e45]
	chromedriver!GetHandleVerifier [0x7ff7115ba950+14eb0]
	chromedriver!(No symbol) [0x7ff71132d6ed]
	chromedriver!(No symbol) [0x7ff711335671]
	chromedriver!(No symbol) [0x7ff711338795]
	chromedriver!(No symbol) [0x7ff71133885f]
	chromedriver!(No symbol) [0x7ff711388fc0]
	chromedriver!(No symbol) [0x7ff71137b12f]
	chromedriver!(No symbol) [0x7ff7113b002a]
	chromedriver!(No symbol) [0x7ff71137aa46]
	chromedriver!(No symbol) [0x7ff7113d483b]
	chromedriver!(No symbol) [0x7ff7113790e8]
	chromedriver!(No symbol) [0x7ff711379fc3]
	chromedriver!GetHandleVerifier [0x7ff7118d0149+32a6a9]
	chromedriver!GetHandleVerifier [0x7ff7118ca715+324c75]
	chromedriver!GetHandleVerifier [0x7ff7118ec012+346572]
	chromedriver!GetHandleVerifier [0x7ff7115d7cb5+32215]
	chromedriver!GetHandleVerifier [0x7ff7115e087c+3addc]
	chromedriver!GetHandleVerifier [0x7ff7115c40e4+1e644]
	chromedriver!GetHandleVerifier [0x7ff7115c4296+1e7f6]
	chromedriver!GetHandleVerifier [0x7ff7115a8737+2c97]
	KERNEL32!BaseThreadInitThunk [0x7ffc063de957+17]
	ntdll!RtlUserThreadStart [0x7ffc07a2427c+2c]
</status>
</kw>
<status status="FAIL" start="2026-05-09T08:57:39.645816" elapsed="0.557592">Dừng tại bước: Click Element do lỗi: StaleElementReferenceException: Message: stale element reference: stale element not found in the current frame
  (Session info: chrome=147.0.7727.138); For documentation on this error, please visit: https://www.selenium.dev/documentation/webdriver/troubleshooting/errors#staleelementreferenceexception
Stacktrace:
	chromedriver!GetHandleVerifier [0x7ff7115ba8e5+14e45]
	chromedriver!GetHandleVerifier [0x7ff7115ba950+14eb0]
	chromedriver!(No symbol) [0x7ff71132d6ed]
	chromedriver!(No symbol) [0x7ff711335671]
	chromedriver!(No symbol) [0x7ff711338795]
	chromedriver!(No symbol) [0x7ff71133885f]
	chromedriver!(No symbol) [0x7ff711388fc0]
	chromedriver!(No symbol) [0x7ff71137b12f]
	chromedriver!(No symbol) [0x7ff7113b002a]
	chromedriver!(No symbol) [0x7ff71137aa46]
	chromedriver!(No symbol) [0x7ff7113d483b]
	chromedriver!(No symbol) [0x7ff7113790e8]
	chromedriver!(No symbol) [0x7ff711379fc3]
	chromedriver!GetHandleVerifier [0x7ff7118d0149+32a6a9]
	chromedriver!GetHandleVerifier [0x7ff7118ca715+324c75]
	chromedriver!GetHandleVerifier [0x7ff7118ec012+346572]
	chromedriver!GetHandleVerifier [0x7ff7115d7cb5+32215]
	chromedriver!GetHandleVerifier [0x7ff7115e087c+3addc]
	chromedriver!GetHandleVerifier [0x7ff7115c40e4+1e644]
	chromedriver!GetHandleVerifier [0x7ff7115c4296+1e7f6]
	chromedriver!GetHandleVerifier [0x7ff7115a8737+2c97]
	KERNEL32!BaseThreadInitThunk [0x7ffc063de957+17]
	ntdll!RtlUserThreadStart [0x7ffc07a2427c+2c]
</status>
</branch>
<status status="FAIL" start="2026-05-09T08:57:39.645763" elapsed="0.557898">Dừng tại bước: Click Element do lỗi: StaleElementReferenceException: Message: stale element reference: stale element not found in the current frame
  (Session info: chrome=147.0.7727.138); For documentation on this error, please visit: https://www.selenium.dev/documentation/webdriver/troubleshooting/errors#staleelementreferenceexception
Stacktrace:
	chromedriver!GetHandleVerifier [0x7ff7115ba8e5+14e45]
	chromedriver!GetHandleVerifier [0x7ff7115ba950+14eb0]
	chromedriver!(No symbol) [0x7ff71132d6ed]
	chromedriver!(No symbol) [0x7ff711335671]
	chromedriver!(No symbol) [0x7ff711338795]
	chromedriver!(No symbol) [0x7ff71133885f]
	chromedriver!(No symbol) [0x7ff711388fc0]
	chromedriver!(No symbol) [0x7ff71137b12f]
	chromedriver!(No symbol) [0x7ff7113b002a]
	chromedriver!(No symbol) [0x7ff71137aa46]
	chromedriver!(No symbol) [0x7ff7113d483b]
	chromedriver!(No symbol) [0x7ff7113790e8]
	chromedriver!(No symbol) [0x7ff711379fc3]
	chromedriver!GetHandleVerifier [0x7ff7118d0149+32a6a9]
	chromedriver!GetHandleVerifier [0x7ff7118ca715+324c75]
	chromedriver!GetHandleVerifier [0x7ff7118ec012+346572]
	chromedriver!GetHandleVerifier [0x7ff7115d7cb5+32215]
	chromedriver!GetHandleVerifier [0x7ff7115e087c+3addc]
	chromedriver!GetHandleVerifier [0x7ff7115c40e4+1e644]
	chromedriver!GetHandleVerifier [0x7ff7115c4296+1e7f6]
	chromedriver!GetHandleVerifier [0x7ff7115a8737+2c97]
	KERNEL32!BaseThreadInitThunk [0x7ffc063de957+17]
	ntdll!RtlUserThreadStart [0x7ffc07a2427c+2c]
</status>
</if>
<var name="${i}">3</var>
<status status="FAIL" start="2026-05-09T08:57:39.642676" elapsed="0.561255">Dừng tại bước: Click Element do lỗi: StaleElementReferenceException: Message: stale element reference: stale element not found in the current frame
  (Session info: chrome=147.0.7727.138); For documentation on this error, please visit: https://www.selenium.dev/documentation/webdriver/troubleshooting/errors#staleelementreferenceexception
Stacktrace:
	chromedriver!GetHandleVerifier [0x7ff7115ba8e5+14e45]
	chromedriver!GetHandleVerifier [0x7ff7115ba950+14eb0]
	chromedriver!(No symbol) [0x7ff71132d6ed]
	chromedriver!(No symbol) [0x7ff711335671]
	chromedriver!(No symbol) [0x7ff711338795]
	chromedriver!(No symbol) [0x7ff71133885f]
	chromedriver!(No symbol) [0x7ff711388fc0]
	chromedriver!(No symbol) [0x7ff71137b12f]
	chromedriver!(No symbol) [0x7ff7113b002a]
	chromedriver!(No symbol) [0x7ff71137aa46]
	chromedriver!(No symbol) [0x7ff7113d483b]
	chromedriver!(No symbol) [0x7ff7113790e8]
	chromedriver!(No symbol) [0x7ff711379fc3]
	chromedriver!GetHandleVerifier [0x7ff7118d0149+32a6a9]
	chromedriver!GetHandleVerifier [0x7ff7118ca715+324c75]
	chromedriver!GetHandleVerifier [0x7ff7118ec012+346572]
	chromedriver!GetHandleVerifier [0x7ff7115d7cb5+32215]
	chromedriver!GetHandleVerifier [0x7ff7115e087c+3addc]
	chromedriver!GetHandleVerifier [0x7ff7115c40e4+1e644]
	chromedriver!GetHandleVerifier [0x7ff7115c4296+1e7f6]
	chromedriver!GetHandleVerifier [0x7ff7115a8737+2c97]
	KERNEL32!BaseThreadInitThunk [0x7ffc063de957+17]
	ntdll!RtlUserThreadStart [0x7ffc07a2427c+2c]
</status>
</iter>
<var>${i}</var>
<value>1</value>
<value>10</value>
<status status="FAIL" start="2026-05-09T08:57:38.329718" elapsed="1.874535">Dừng tại bước: Click Element do lỗi: StaleElementReferenceException: Message: stale element reference: stale element not found in the current frame
  (Session info: chrome=147.0.7727.138); For documentation on this error, please visit: https://www.selenium.dev/documentation/webdriver/troubleshooting/errors#staleelementreferenceexception
Stacktrace:
	chromedriver!GetHandleVerifier [0x7ff7115ba8e5+14e45]
	chromedriver!GetHandleVerifier [0x7ff7115ba950+14eb0]
	chromedriver!(No symbol) [0x7ff71132d6ed]
	chromedriver!(No symbol) [0x7ff711335671]
	chromedriver!(No symbol) [0x7ff711338795]
	chromedriver!(No symbol) [0x7ff71133885f]
	chromedriver!(No symbol) [0x7ff711388fc0]
	chromedriver!(No symbol) [0x7ff71137b12f]
	chromedriver!(No symbol) [0x7ff7113b002a]
	chromedriver!(No symbol) [0x7ff71137aa46]
	chromedriver!(No symbol) [0x7ff7113d483b]
	chromedriver!(No symbol) [0x7ff7113790e8]
	chromedriver!(No symbol) [0x7ff711379fc3]
	chromedriver!GetHandleVerifier [0x7ff7118d0149+32a6a9]
	chromedriver!GetHandleVerifier [0x7ff7118ca715+324c75]
	chromedriver!GetHandleVerifier [0x7ff7118ec012+346572]
	chromedriver!GetHandleVerifier [0x7ff7115d7cb5+32215]
	chromedriver!GetHandleVerifier [0x7ff7115e087c+3addc]
	chromedriver!GetHandleVerifier [0x7ff7115c40e4+1e644]
	chromedriver!GetHandleVerifier [0x7ff7115c4296+1e7f6]
	chromedriver!GetHandleVerifier [0x7ff7115a8737+2c97]
	KERNEL32!BaseThreadInitThunk [0x7ffc063de957+17]
	ntdll!RtlUserThreadStart [0x7ffc07a2427c+2c]
</status>
</for>
<arg>Step1_Keyword=Login QNU</arg>
<arg>Step1_Arg1=</arg>
<arg>Step1_Arg2=</arg>
<arg>Step2_Keyword=Click Element</arg>
<arg>Step2_Arg1=xpath=//a[@href='/student/marks']</arg>
<arg>Step2_Arg2=</arg>
<arg>Step3_Keyword=Click Element</arg>
<arg>Step3_Arg1=xpath=//div[@id='mui-component-select-YearStudy']</arg>
<arg>Step3_Arg2=</arg>
<arg>Step4_Keyword=Click Element</arg>
<arg>Step4_Arg1=xpath=//li[@role='option'][normalize-space()='2023-2024']</arg>
<arg>Step4_Arg2=</arg>
<arg>Step5_Keyword=Click Element</arg>
<arg>Step5_Arg1=xpath=//div[@id='mui-component-select-TermID']</arg>
<arg>Step5_Arg2=</arg>
<arg>Step6_Keyword=Click Element</arg>
<arg>Step6_Arg1=xpath=//li[@role='option'][normalize-space()='Học kỳ 1']</arg>
<arg>Step6_Arg2=</arg>
<arg>Step7_Keyword=Wait Until Page Contains</arg>
<arg>Step7_Arg1=Năm học: 2023-2024 - Học kỳ: HK01</arg>
<arg>Step7_Arg2=</arg>
<arg>Step8_Keyword=Element Should Be Visible</arg>
<arg>Step8_Arg1=xpath=//strong[contains(., 'Năm học: 2023-2024 - Học kỳ: HK01')]</arg>
<arg>Step8_Arg2=</arg>
<arg>Step9_Keyword=</arg>
<arg>Step9_Arg1=</arg>
<arg>Step9_Arg2=</arg>
<status status="FAIL" start="2026-05-09T08:57:38.327666" elapsed="1.877017">Dừng tại bước: Click Element do lỗi: StaleElementReferenceException: Message: stale element reference: stale element not found in the current frame
  (Session info: chrome=147.0.7727.138); For documentation on this error, please visit: https://www.selenium.dev/documentation/webdriver/troubleshooting/errors#staleelementreferenceexception
Stacktrace:
	chromedriver!GetHandleVerifier [0x7ff7115ba8e5+14e45]
	chromedriver!GetHandleVerifier [0x7ff7115ba950+14eb0]
	chromedriver!(No symbol) [0x7ff71132d6ed]
	chromedriver!(No symbol) [0x7ff711335671]
	chromedriver!(No symbol) [0x7ff711338795]
	chromedriver!(No symbol) [0x7ff71133885f]
	chromedriver!(No symbol) [0x7ff711388fc0]
	chromedriver!(No symbol) [0x7ff71137b12f]
	chromedriver!(No symbol) [0x7ff7113b002a]
	chromedriver!(No symbol) [0x7ff71137aa46]
	chromedriver!(No symbol) [0x7ff7113d483b]
	chromedriver!(No symbol) [0x7ff7113790e8]
	chromedriver!(No symbol) [0x7ff711379fc3]
	chromedriver!GetHandleVerifier [0x7ff7118d0149+32a6a9]
	chromedriver!GetHandleVerifier [0x7ff7118ca715+324c75]
	chromedriver!GetHandleVerifier [0x7ff7118ec012+346572]
	chromedriver!GetHandleVerifier [0x7ff7115d7cb5+32215]
	chromedriver!GetHandleVerifier [0x7ff7115e087c+3addc]
	chromedriver!GetHandleVerifier [0x7ff7115c40e4+1e644]
	chromedriver!GetHandleVerifier [0x7ff7115c4296+1e7f6]
	chromedriver!GetHandleVerifier [0x7ff7115a8737+2c97]
	KERNEL32!BaseThreadInitThunk [0x7ffc063de957+17]
	ntdll!RtlUserThreadStart [0x7ffc07a2427c+2c]
</status>
</kw>
<kw name="Dong Trinh Duyet" type="TEARDOWN">
<kw name="Close Browser" owner="SeleniumLibrary">
<doc>Closes the current browser.</doc>
<status status="PASS" start="2026-05-09T08:57:40.207581" elapsed="3.512627"/>
</kw>
<status status="PASS" start="2026-05-09T08:57:40.206672" elapsed="3.513784"/>
</kw>
<status status="FAIL" start="2026-05-09T08:57:36.174633" elapsed="7.546180">Dừng tại bước: Click Element do lỗi: StaleElementReferenceException: Message: stale element reference: stale element not found in the current frame
  (Session info: chrome=147.0.7727.138); For documentation on this error, please visit: https://www.selenium.dev/documentation/webdriver/troubleshooting/errors#staleelementreferenceexception
Stacktrace:
	chromedriver!GetHandleVerifier [0x7ff7115ba8e5+14e45]
	chromedriver!GetHandleVerifier [0x7ff7115ba950+14eb0]
	chromedriver!(No symbol) [0x7ff71132d6ed]
	chromedriver!(No symbol) [0x7ff711335671]
	chromedriver!(No symbol) [0x7ff711338795]
	chromedriver!(No symbol) [0x7ff71133885f]
	chromedriver!(No symbol) [0x7ff711388fc0]
	chromedriver!(No symbol) [0x7ff71137b12f]
	chromedriver!(No symbol) [0x7ff7113b002a]
	chromedriver!(No symbol) [0x7ff71137aa46]
	chromedriver!(No symbol) [0x7ff7113d483b]
	chromedriver!(No symbol) [0x7ff7113790e8]
	chromedriver!(No symbol) [0x7ff711379fc3]
	chromedriver!GetHandleVerifier [0x7ff7118d0149+32a6a9]
	chromedriver!GetHandleVerifier [0x7ff7118ca715+324c75]
	chromedriver!GetHandleVerifier [0x7ff7118ec012+346572]
	chromedriver!GetHandleVerifier [0x7ff7115d7cb5+32215]
	chromedriver!GetHandleVerifier [0x7ff7115e087c+3addc]
	chromedriver!GetHandleVerifier [0x7ff7115c40e4+1e644]
	chromedriver!GetHandleVerifier [0x7ff7115c4296+1e7f6]
	chromedriver!GetHandleVerifier [0x7ff7115a8737+2c97]
	KERNEL32!BaseThreadInitThunk [0x7ffc063de957+17]
	ntdll!RtlUserThreadStart [0x7ffc07a2427c+2c]
</status>
</test>
<test id="s1-t2" name="TC_02_Xem_diem_thanh_cong_HK2_2024_2025" line="19">
<kw name="Mo Trinh Duyet" type="SETUP">
<kw name="Open Browser" owner="SeleniumLibrary">
<msg time="2026-05-09T08:57:43.725012" level="INFO">Opening browser 'chrome' to base url 'https://daotao.qnu.edu.vn'.</msg>
<arg>${URL_QNU}</arg>
<arg>${BROWSER}</arg>
<doc>Opens a new browser instance to the optional ``url``.</doc>
<status status="PASS" start="2026-05-09T08:57:43.724539" elapsed="1.962786"/>
</kw>
<kw name="Maximize Browser Window" owner="SeleniumLibrary">
<doc>Maximizes current browser window.</doc>
<status status="PASS" start="2026-05-09T08:57:45.687798" elapsed="0.118229"/>
</kw>
<kw name="Set Selenium Implicit Wait" owner="SeleniumLibrary">
<arg>5s</arg>
<doc>Sets the implicit wait value used by Selenium.</doc>
<status status="PASS" start="2026-05-09T08:57:45.806404" elapsed="0.002386"/>
</kw>
<status status="PASS" start="2026-05-09T08:57:43.724008" elapsed="2.085024"/>
</kw>
<kw name="Xu Ly Kich Ban Kiem Thu">
<for flavor="IN RANGE">
<iter>
<kw name="Get Variable Value" owner="BuiltIn">
<msg time="2026-05-09T08:57:45.813172" level="INFO">${k} = Login QNU</msg>
<var>${k}</var>
<arg>\${Step${i}_Keyword}</arg>
<doc>Returns variable value or ``default`` if the variable does not exist.</doc>
<status status="PASS" start="2026-05-09T08:57:45.812548" elapsed="0.000712"/>
</kw>
<kw name="Get Variable Value" owner="BuiltIn">
<msg time="2026-05-09T08:57:45.814087" level="INFO">${a1} = </msg>
<var>${a1}</var>
<arg>\${Step${i}_Arg1}</arg>
<doc>Returns variable value or ``default`` if the variable does not exist.</doc>
<status status="PASS" start="2026-05-09T08:57:45.813583" elapsed="0.000732"/>
</kw>
<kw name="Get Variable Value" owner="BuiltIn">
<msg time="2026-05-09T08:57:45.815405" level="INFO">${a2} = </msg>
<var>${a2}</var>
<arg>\${Step${i}_Arg2}</arg>
<doc>Returns variable value or ``default`` if the variable does not exist.</doc>
<status status="PASS" start="2026-05-09T08:57:45.814832" elapsed="0.000658"/>
</kw>
<if>
<branch type="IF" condition="$k != &quot;&quot; and $k is not None">
<kw name="Log To Console" owner="BuiltIn">
<arg>\n--- Buoc ${i}: ${k} ---</arg>
<doc>Logs the given message to the console.</doc>
<status status="PASS" start="2026-05-09T08:57:45.816325" elapsed="0.000817"/>
</kw>
<kw name="Thuc Thi Buoc Kiem Thu">
<kw name="Run Keyword And Return Status" owner="BuiltIn">
<kw name="Keyword Should Exist" owner="BuiltIn">
<arg>${keyword}</arg>
<doc>Fails unless the given keyword exists in the current scope.</doc>
<status status="PASS" start="2026-05-09T08:57:45.823486" elapsed="0.000463"/>
</kw>
<msg time="2026-05-09T08:57:45.824230" level="INFO">${exists} = True</msg>
<var>${exists}</var>
<arg>Keyword Should Exist</arg>
<arg>${keyword}</arg>
<doc>Runs the given keyword with given arguments and returns the status as a Boolean value.</doc>
<status status="PASS" start="2026-05-09T08:57:45.822244" elapsed="0.002110"/>
</kw>
<if>
<branch type="IF" condition="not ${exists}">
<kw name="Fail" owner="BuiltIn">
<arg>Keyword không tồn tại: ${keyword}</arg>
<doc>Fails the test with the given message and optionally alters its tags.</doc>
<status status="NOT RUN" start="2026-05-09T08:57:45.825070" elapsed="0.000083"/>
</kw>
<status status="NOT RUN" start="2026-05-09T08:57:45.824606" elapsed="0.000671"/>
</branch>
<status status="PASS" start="2026-05-09T08:57:45.824551" elapsed="0.000845"/>
</if>
<kw name="Replace Variables" owner="BuiltIn">
<msg time="2026-05-09T08:57:45.826018" level="INFO">${final_arg1} = </msg>
<var>${final_arg1}</var>
<arg>${arg1}</arg>
<doc>Replaces variables in the given text with their current values.</doc>
<status status="PASS" start="2026-05-09T08:57:45.825614" elapsed="0.000483"/>
</kw>
<kw name="Replace Variables" owner="BuiltIn">
<msg time="2026-05-09T08:57:45.826935" level="INFO">${final_arg2} = </msg>
<var>${final_arg2}</var>
<arg>${arg2}</arg>
<doc>Replaces variables in the given text with their current values.</doc>
<status status="PASS" start="2026-05-09T08:57:45.826395" elapsed="0.000632"/>
</kw>
<kw name="Create List" owner="BuiltIn">
<msg time="2026-05-09T08:57:45.827674" level="INFO">@{args} = [ ]</msg>
<var>@{args}</var>
<doc>Returns a list containing given items.</doc>
<status status="PASS" start="2026-05-09T08:57:45.827334" elapsed="0.000418"/>
</kw>
<if>
<branch type="IF" condition="&quot;${arg1}&quot; != &quot;None&quot; and &quot;${arg1}&quot; != &quot;nan&quot; and &quot;${arg1}&quot; != &quot;${EMPTY}&quot;">
<kw name="Replace Variables" owner="BuiltIn">
<var>${final_arg1}</var>
<arg>${arg1}</arg>
<doc>Replaces variables in the given text with their current values.</doc>
<status status="NOT RUN" start="2026-05-09T08:57:45.832040" elapsed="0.000134"/>
</kw>
<kw name="Append To List" owner="Collections">
<arg>${args}</arg>
<arg>${final_arg1}</arg>
<doc>Adds ``values`` to the end of ``list``.</doc>
<status status="NOT RUN" start="2026-05-09T08:57:45.832558" elapsed="0.000117"/>
</kw>
<status status="NOT RUN" start="2026-05-09T08:57:45.827985" elapsed="0.004882"/>
</branch>
<status status="PASS" start="2026-05-09T08:57:45.827931" elapsed="0.005079"/>
</if>
<kw name="Evaluate" owner="BuiltIn">
<msg time="2026-05-09T08:57:45.834543" level="INFO">${is_empty_val} = True</msg>
<var>${is_empty_val}</var>
<arg>$arg2 is None or str($arg2).lower() == 'nan' or str($arg2) == ''</arg>
<doc>Evaluates the given expression in Python and returns the result.</doc>
<status status="PASS" start="2026-05-09T08:57:45.833269" elapsed="0.001399"/>
</kw>
<if>
<branch type="IF" condition="$is_empty_val">
<kw name="Evaluate" owner="BuiltIn">
<msg time="2026-05-09T08:57:45.836729" level="INFO">${need_second_arg} = False</msg>
<var>${need_second_arg}</var>
<arg>$keyword in ['Input Text', 'Textfield Value Should Be', 'Element Text Should Be']</arg>
<doc>Evaluates the given expression in Python and returns the result.</doc>
<status status="PASS" start="2026-05-09T08:57:45.835708" elapsed="0.001170"/>
</kw>
<if>
<branch type="IF" condition="$need_second_arg">
<kw name="Append To List" owner="Collections">
<arg>${args}</arg>
<arg>${EMPTY}</arg>
<doc>Adds ``values`` to the end of ``list``.</doc>
<status status="NOT RUN" start="2026-05-09T08:57:45.837833" elapsed="0.000125"/>
</kw>
<status status="NOT RUN" start="2026-05-09T08:57:45.837212" elapsed="0.000994"/>
</branch>
<status status="PASS" start="2026-05-09T08:57:45.837128" elapsed="0.001192"/>
</if>
<status status="PASS" start="2026-05-09T08:57:45.835054" elapsed="0.003340"/>
</branch>
<branch type="ELSE">
<kw name="Replace Variables" owner="BuiltIn">
<var>${final_arg2}</var>
<arg>${arg2}</arg>
<doc>Replaces variables in the given text with their current values.</doc>
<status status="NOT RUN" start="2026-05-09T08:57:45.838789" elapsed="0.000080"/>
</kw>
<kw name="Append To List" owner="Collections">
<arg>${args}</arg>
<arg>${final_arg2}</arg>
<doc>Adds ``values`` to the end of ``list``.</doc>
<status status="NOT RUN" start="2026-05-09T08:57:45.839131" elapsed="0.000077"/>
</kw>
<status status="NOT RUN" start="2026-05-09T08:57:45.838535" elapsed="0.000789"/>
</branch>
<status status="PASS" start="2026-05-09T08:57:45.834958" elapsed="0.004463"/>
</if>
<kw name="Log" owner="BuiltIn">
<msg time="2026-05-09T08:57:45.840100" level="INFO">THUC THI: Login QNU | ARGS: []</msg>
<arg>THUC THI: ${keyword} | ARGS: ${args}</arg>
<doc>Logs the given message with the given level.</doc>
<status status="PASS" start="2026-05-09T08:57:45.839631" elapsed="0.000628"/>
</kw>
<try>
<branch type="TRY">
<kw name="Run Keyword" owner="BuiltIn">
<kw name="Login QNU" owner="qnu_common">
<kw name="Click Element" owner="SeleniumLibrary">
<msg time="2026-05-09T08:57:45.844031" level="INFO">Clicking element 'xpath:(//a[contains(text(),'Đăng nhập')])[2]'.</msg>
<arg>xpath:(//a[contains(text(),'Đăng nhập')])[2]</arg>
<doc>Click the element identified by ``locator``.</doc>
<status status="PASS" start="2026-05-09T08:57:45.842436" elapsed="0.217888"/>
</kw>
<kw name="Input Text" owner="SeleniumLibrary">
<msg time="2026-05-09T08:57:46.061269" level="INFO">Typing text '4551050152' into text field 'name:email'.</msg>
<arg>name:email</arg>
<arg>4551050152</arg>
<doc>Types the given ``text`` into the text field identified by ``locator``.</doc>
<status status="PASS" start="2026-05-09T08:57:46.060761" elapsed="0.217957"/>
</kw>
<kw name="Input Text" owner="SeleniumLibrary">
<msg time="2026-05-09T08:57:46.279670" level="INFO">Typing text '1521050455' into text field 'name:password'.</msg>
<arg>name:password</arg>
<arg>1521050455</arg>
<doc>Types the given ``text`` into the text field identified by ``locator``.</doc>
<status status="PASS" start="2026-05-09T08:57:46.279183" elapsed="0.151404"/>
</kw>
<kw name="Click Button" owner="SeleniumLibrary">
<msg time="2026-05-09T08:57:46.431373" level="INFO">Clicking button 'xpath://button[@type='submit']'.</msg>
<arg>xpath://button[@type='submit']</arg>
<doc>Clicks the button identified by ``locator``.</doc>
<status status="PASS" start="2026-05-09T08:57:46.430966" elapsed="0.107423"/>
</kw>
<kw name="Wait Until Location Contains" owner="SeleniumLibrary">
<arg>/student</arg>
<arg>10s</arg>
<doc>Waits until the current URL contains ``expected``.</doc>
<status status="PASS" start="2026-05-09T08:57:46.538824" elapsed="0.425499"/>
</kw>
<arg>@{args}</arg>
<status status="PASS" start="2026-05-09T08:57:45.841632" elapsed="1.123028"/>
</kw>
<arg>${keyword}</arg>
<arg>@{args}</arg>
<doc>Executes the given keyword with the given arguments.</doc>
<status status="PASS" start="2026-05-09T08:57:45.841002" elapsed="1.123861"/>
</kw>
<status status="PASS" start="2026-05-09T08:57:45.840652" elapsed="1.124325"/>
</branch>
<branch type="EXCEPT" assign="${error}">
<kw name="Capture Page Screenshot" owner="SeleniumLibrary">
<arg>filename=${TEST NAME}_failed_at_${keyword}.png</arg>
<doc>Takes a screenshot of the current page and embeds it into a log file.</doc>
<status status="NOT RUN" start="2026-05-09T08:57:46.965550" elapsed="0.000089"/>
</kw>
<kw name="Fail" owner="BuiltIn">
<arg>Dừng tại bước: ${keyword} do lỗi: ${error}</arg>
<doc>Fails the test with the given message and optionally alters its tags.</doc>
<status status="NOT RUN" start="2026-05-09T08:57:46.965896" elapsed="0.000074"/>
</kw>
<status status="NOT RUN" start="2026-05-09T08:57:46.965147" elapsed="0.000928"/>
</branch>
<status status="PASS" start="2026-05-09T08:57:45.840518" elapsed="1.125684"/>
</try>
<arg>${k}</arg>
<arg>${a1}</arg>
<arg>${a2}</arg>
<status status="PASS" start="2026-05-09T08:57:45.821052" elapsed="1.145315"/>
</kw>
<status status="PASS" start="2026-05-09T08:57:45.815730" elapsed="1.150796"/>
</branch>
<status status="PASS" start="2026-05-09T08:57:45.815678" elapsed="1.150949"/>
</if>
<var name="${i}">1</var>
<status status="PASS" start="2026-05-09T08:57:45.812228" elapsed="1.154462"/>
</iter>
<iter>
<kw name="Get Variable Value" owner="BuiltIn">
<msg time="2026-05-09T08:57:46.969701" level="INFO">${k} = Click Element</msg>
<var>${k}</var>
<arg>\${Step${i}_Keyword}</arg>
<doc>Returns variable value or ``default`` if the variable does not exist.</doc>
<status status="PASS" start="2026-05-09T08:57:46.968615" elapsed="0.001186"/>
</kw>
<kw name="Get Variable Value" owner="BuiltIn">
<msg time="2026-05-09T08:57:46.970612" level="INFO">${a1} = xpath=//a[@href='/student/marks']</msg>
<var>${a1}</var>
<arg>\${Step${i}_Arg1}</arg>
<doc>Returns variable value or ``default`` if the variable does not exist.</doc>
<status status="PASS" start="2026-05-09T08:57:46.970131" elapsed="0.000659"/>
</kw>
<kw name="Get Variable Value" owner="BuiltIn">
<msg time="2026-05-09T08:57:46.971567" level="INFO">${a2} = </msg>
<var>${a2}</var>
<arg>\${Step${i}_Arg2}</arg>
<doc>Returns variable value or ``default`` if the variable does not exist.</doc>
<status status="PASS" start="2026-05-09T08:57:46.971078" elapsed="0.000565"/>
</kw>
<if>
<branch type="IF" condition="$k != &quot;&quot; and $k is not None">
<kw name="Log To Console" owner="BuiltIn">
<arg>\n--- Buoc ${i}: ${k} ---</arg>
<doc>Logs the given message to the console.</doc>
<status status="PASS" start="2026-05-09T08:57:46.972468" elapsed="0.001431"/>
</kw>
<kw name="Thuc Thi Buoc Kiem Thu">
<kw name="Run Keyword And Return Status" owner="BuiltIn">
<kw name="Keyword Should Exist" owner="BuiltIn">
<arg>${keyword}</arg>
<doc>Fails unless the given keyword exists in the current scope.</doc>
<status status="PASS" start="2026-05-09T08:57:46.976134" elapsed="0.000366"/>
</kw>
<msg time="2026-05-09T08:57:46.976767" level="INFO">${exists} = True</msg>
<var>${exists}</var>
<arg>Keyword Should Exist</arg>
<arg>${keyword}</arg>
<doc>Runs the given keyword with given arguments and returns the status as a Boolean value.</doc>
<status status="PASS" start="2026-05-09T08:57:46.975810" elapsed="0.001033"/>
</kw>
<if>
<branch type="IF" condition="not ${exists}">
<kw name="Fail" owner="BuiltIn">
<arg>Keyword không tồn tại: ${keyword}</arg>
<doc>Fails the test with the given message and optionally alters its tags.</doc>
<status status="NOT RUN" start="2026-05-09T08:57:46.977456" elapsed="0.000074"/>
</kw>
<status status="NOT RUN" start="2026-05-09T08:57:46.977049" elapsed="0.000596"/>
</branch>
<status status="PASS" start="2026-05-09T08:57:46.977004" elapsed="0.000739"/>
</if>
<kw name="Replace Variables" owner="BuiltIn">
<msg time="2026-05-09T08:57:46.978289" level="INFO">${final_arg1} = xpath=//a[@href='/student/marks']</msg>
<var>${final_arg1}</var>
<arg>${arg1}</arg>
<doc>Replaces variables in the given text with their current values.</doc>
<status status="PASS" start="2026-05-09T08:57:46.977936" elapsed="0.000425"/>
</kw>
<kw name="Replace Variables" owner="BuiltIn">
<msg time="2026-05-09T08:57:46.978965" level="INFO">${final_arg2} = </msg>
<var>${final_arg2}</var>
<arg>${arg2}</arg>
<doc>Replaces variables in the given text with their current values.</doc>
<status status="PASS" start="2026-05-09T08:57:46.978639" elapsed="0.000391"/>
</kw>
<kw name="Create List" owner="BuiltIn">
<msg time="2026-05-09T08:57:46.979544" level="INFO">@{args} = [ ]</msg>
<var>@{args}</var>
<doc>Returns a list containing given items.</doc>
<status status="PASS" start="2026-05-09T08:57:46.979259" elapsed="0.000407"/>
</kw>
<if>
<branch type="IF" condition="&quot;${arg1}&quot; != &quot;None&quot; and &quot;${arg1}&quot; != &quot;nan&quot; and &quot;${arg1}&quot; != &quot;${EMPTY}&quot;">
<kw name="Replace Variables" owner="BuiltIn">
<msg time="2026-05-09T08:57:46.983082" level="INFO">${final_arg1} = xpath=//a[@href='/student/marks']</msg>
<var>${final_arg1}</var>
<arg>${arg1}</arg>
<doc>Replaces variables in the given text with their current values.</doc>
<status status="PASS" start="2026-05-09T08:57:46.982611" elapsed="0.000549"/>
</kw>
<kw name="Append To List" owner="Collections">
<arg>${args}</arg>
<arg>${final_arg1}</arg>
<doc>Adds ``values`` to the end of ``list``.</doc>
<status status="PASS" start="2026-05-09T08:57:46.983576" elapsed="0.000951"/>
</kw>
<status status="PASS" start="2026-05-09T08:57:46.980897" elapsed="0.003821"/>
</branch>
<status status="PASS" start="2026-05-09T08:57:46.980793" elapsed="0.004043"/>
</if>
<kw name="Evaluate" owner="BuiltIn">
<msg time="2026-05-09T08:57:46.986307" level="INFO">${is_empty_val} = True</msg>
<var>${is_empty_val}</var>
<arg>$arg2 is None or str($arg2).lower() == 'nan' or str($arg2) == ''</arg>
<doc>Evaluates the given expression in Python and returns the result.</doc>
<status status="PASS" start="2026-05-09T08:57:46.985133" elapsed="0.001275"/>
</kw>
<if>
<branch type="IF" condition="$is_empty_val">
<kw name="Evaluate" owner="BuiltIn">
<msg time="2026-05-09T08:57:46.987837" level="INFO">${need_second_arg} = False</msg>
<var>${need_second_arg}</var>
<arg>$keyword in ['Input Text', 'Textfield Value Should Be', 'Element Text Should Be']</arg>
<doc>Evaluates the given expression in Python and returns the result.</doc>
<status status="PASS" start="2026-05-09T08:57:46.987112" elapsed="0.000842"/>
</kw>
<if>
<branch type="IF" condition="$need_second_arg">
<kw name="Append To List" owner="Collections">
<arg>${args}</arg>
<arg>${EMPTY}</arg>
<doc>Adds ``values`` to the end of ``list``.</doc>
<status status="NOT RUN" start="2026-05-09T08:57:46.988657" elapsed="0.000083"/>
</kw>
<status status="NOT RUN" start="2026-05-09T08:57:46.988194" elapsed="0.000683"/>
</branch>
<status status="PASS" start="2026-05-09T08:57:46.988144" elapsed="0.000834"/>
</if>
<status status="PASS" start="2026-05-09T08:57:46.986645" elapsed="0.002398"/>
</branch>
<branch type="ELSE">
<kw name="Replace Variables" owner="BuiltIn">
<var>${final_arg2}</var>
<arg>${arg2}</arg>
<doc>Replaces variables in the given text with their current values.</doc>
<status status="NOT RUN" start="2026-05-09T08:57:46.989372" elapsed="0.000072"/>
</kw>
<kw name="Append To List" owner="Collections">
<arg>${args}</arg>
<arg>${final_arg2}</arg>
<doc>Adds ``values`` to the end of ``list``.</doc>
<status status="NOT RUN" start="2026-05-09T08:57:46.989711" elapsed="0.000068"/>
</kw>
<status status="NOT RUN" start="2026-05-09T08:57:46.989135" elapsed="0.000753"/>
</branch>
<status status="PASS" start="2026-05-09T08:57:46.986594" elapsed="0.003381"/>
</if>
<kw name="Log" owner="BuiltIn">
<msg time="2026-05-09T08:57:46.990552" level="INFO">THUC THI: Click Element | ARGS: ["xpath=//a[@href='/student/marks']"]</msg>
<arg>THUC THI: ${keyword} | ARGS: ${args}</arg>
<doc>Logs the given message with the given level.</doc>
<status status="PASS" start="2026-05-09T08:57:46.990178" elapsed="0.000493"/>
</kw>
<try>
<branch type="TRY">
<kw name="Run Keyword" owner="BuiltIn">
<kw name="Click Element" owner="SeleniumLibrary">
<msg time="2026-05-09T08:57:46.992013" level="INFO">Clicking element 'xpath=//a[@href='/student/marks']'.</msg>
<arg>@{args}</arg>
<doc>Click the element identified by ``locator``.</doc>
<status status="PASS" start="2026-05-09T08:57:46.991595" elapsed="0.139827"/>
</kw>
<arg>${keyword}</arg>
<arg>@{args}</arg>
<doc>Executes the given keyword with the given arguments.</doc>
<status status="PASS" start="2026-05-09T08:57:46.991128" elapsed="0.140580"/>
</kw>
<status status="PASS" start="2026-05-09T08:57:46.990887" elapsed="0.140938"/>
</branch>
<branch type="EXCEPT" assign="${error}">
<kw name="Capture Page Screenshot" owner="SeleniumLibrary">
<arg>filename=${TEST NAME}_failed_at_${keyword}.png</arg>
<doc>Takes a screenshot of the current page and embeds it into a log file.</doc>
<status status="NOT RUN" start="2026-05-09T08:57:47.132359" elapsed="0.000079"/>
</kw>
<kw name="Fail" owner="BuiltIn">
<arg>Dừng tại bước: ${keyword} do lỗi: ${error}</arg>
<doc>Fails the test with the given message and optionally alters its tags.</doc>
<status status="NOT RUN" start="2026-05-09T08:57:47.132659" elapsed="0.000065"/>
</kw>
<status status="NOT RUN" start="2026-05-09T08:57:47.132002" elapsed="0.000823"/>
</branch>
<status status="PASS" start="2026-05-09T08:57:46.990816" elapsed="0.142114"/>
</try>
<arg>${k}</arg>
<arg>${a1}</arg>
<arg>${a2}</arg>
<status status="PASS" start="2026-05-09T08:57:46.974882" elapsed="0.158171"/>
</kw>
<status status="PASS" start="2026-05-09T08:57:46.971922" elapsed="0.161245"/>
</branch>
<status status="PASS" start="2026-05-09T08:57:46.971852" elapsed="0.161411"/>
</if>
<var name="${i}">2</var>
<status status="PASS" start="2026-05-09T08:57:46.967775" elapsed="0.165548"/>
</iter>
<iter>
<kw name="Get Variable Value" owner="BuiltIn">
<msg time="2026-05-09T08:57:47.135056" level="INFO">${k} = Click Element</msg>
<var>${k}</var>
<arg>\${Step${i}_Keyword}</arg>
<doc>Returns variable value or ``default`` if the variable does not exist.</doc>
<status status="PASS" start="2026-05-09T08:57:47.134058" elapsed="0.001224"/>
</kw>
<kw name="Get Variable Value" owner="BuiltIn">
<msg time="2026-05-09T08:57:47.136735" level="INFO">${a1} = xpath=//div[@id='mui-component-select-YearStudy']</msg>
<var>${a1}</var>
<arg>\${Step${i}_Arg1}</arg>
<doc>Returns variable value or ``default`` if the variable does not exist.</doc>
<status status="PASS" start="2026-05-09T08:57:47.135704" elapsed="0.001165"/>
</kw>
<kw name="Get Variable Value" owner="BuiltIn">
<msg time="2026-05-09T08:57:47.139134" level="INFO">${a2} = </msg>
<var>${a2}</var>
<arg>\${Step${i}_Arg2}</arg>
<doc>Returns variable value or ``default`` if the variable does not exist.</doc>
<status status="PASS" start="2026-05-09T08:57:47.137508" elapsed="0.001737"/>
</kw>
<if>
<branch type="IF" condition="$k != &quot;&quot; and $k is not None">
<kw name="Log To Console" owner="BuiltIn">
<arg>\n--- Buoc ${i}: ${k} ---</arg>
<doc>Logs the given message to the console.</doc>
<status status="PASS" start="2026-05-09T08:57:47.140196" elapsed="0.001310"/>
</kw>
<kw name="Thuc Thi Buoc Kiem Thu">
<kw name="Run Keyword And Return Status" owner="BuiltIn">
<kw name="Keyword Should Exist" owner="BuiltIn">
<arg>${keyword}</arg>
<doc>Fails unless the given keyword exists in the current scope.</doc>
<status status="PASS" start="2026-05-09T08:57:47.143620" elapsed="0.000399"/>
</kw>
<msg time="2026-05-09T08:57:47.144248" level="INFO">${exists} = True</msg>
<var>${exists}</var>
<arg>Keyword Should Exist</arg>
<arg>${keyword}</arg>
<doc>Runs the given keyword with given arguments and returns the status as a Boolean value.</doc>
<status status="PASS" start="2026-05-09T08:57:47.143301" elapsed="0.001019"/>
</kw>
<if>
<branch type="IF" condition="not ${exists}">
<kw name="Fail" owner="BuiltIn">
<arg>Keyword không tồn tại: ${keyword}</arg>
<doc>Fails the test with the given message and optionally alters its tags.</doc>
<status status="NOT RUN" start="2026-05-09T08:57:47.144933" elapsed="0.000073"/>
</kw>
<status status="NOT RUN" start="2026-05-09T08:57:47.144528" elapsed="0.000588"/>
</branch>
<status status="PASS" start="2026-05-09T08:57:47.144482" elapsed="0.000726"/>
</if>
<kw name="Replace Variables" owner="BuiltIn">
<msg time="2026-05-09T08:57:47.145737" level="INFO">${final_arg1} = xpath=//div[@id='mui-component-select-YearStudy']</msg>
<var>${final_arg1}</var>
<arg>${arg1}</arg>
<doc>Replaces variables in the given text with their current values.</doc>
<status status="PASS" start="2026-05-09T08:57:47.145389" elapsed="0.000446"/>
</kw>
<kw name="Replace Variables" owner="BuiltIn">
<msg time="2026-05-09T08:57:47.146476" level="INFO">${final_arg2} = </msg>
<var>${final_arg2}</var>
<arg>${arg2}</arg>
<doc>Replaces variables in the given text with their current values.</doc>
<status status="PASS" start="2026-05-09T08:57:47.146146" elapsed="0.000398"/>
</kw>
<kw name="Create List" owner="BuiltIn">
<msg time="2026-05-09T08:57:47.147058" level="INFO">@{args} = [ ]</msg>
<var>@{args}</var>
<doc>Returns a list containing given items.</doc>
<status status="PASS" start="2026-05-09T08:57:47.146775" elapsed="0.000349"/>
</kw>
<if>
<branch type="IF" condition="&quot;${arg1}&quot; != &quot;None&quot; and &quot;${arg1}&quot; != &quot;nan&quot; and &quot;${arg1}&quot; != &quot;${EMPTY}&quot;">
<kw name="Replace Variables" owner="BuiltIn">
<msg time="2026-05-09T08:57:47.148910" level="INFO">${final_arg1} = xpath=//div[@id='mui-component-select-YearStudy']</msg>
<var>${final_arg1}</var>
<arg>${arg1}</arg>
<doc>Replaces variables in the given text with their current values.</doc>
<status status="PASS" start="2026-05-09T08:57:47.148568" elapsed="0.000411"/>
</kw>
<kw name="Append To List" owner="Collections">
<arg>${args}</arg>
<arg>${final_arg1}</arg>
<doc>Adds ``values`` to the end of ``list``.</doc>
<status status="PASS" start="2026-05-09T08:57:47.149206" elapsed="0.000321"/>
</kw>
<status status="PASS" start="2026-05-09T08:57:47.147295" elapsed="0.002344"/>
</branch>
<status status="PASS" start="2026-05-09T08:57:47.147256" elapsed="0.002476"/>
</if>
<kw name="Evaluate" owner="BuiltIn">
<msg time="2026-05-09T08:57:47.150879" level="INFO">${is_empty_val} = True</msg>
<var>${is_empty_val}</var>
<arg>$arg2 is None or str($arg2).lower() == 'nan' or str($arg2) == ''</arg>
<doc>Evaluates the given expression in Python and returns the result.</doc>
<status status="PASS" start="2026-05-09T08:57:47.150096" elapsed="0.000865"/>
</kw>
<if>
<branch type="IF" condition="$is_empty_val">
<kw name="Evaluate" owner="BuiltIn">
<msg time="2026-05-09T08:57:47.152210" level="INFO">${need_second_arg} = False</msg>
<var>${need_second_arg}</var>
<arg>$keyword in ['Input Text', 'Textfield Value Should Be', 'Element Text Should Be']</arg>
<doc>Evaluates the given expression in Python and returns the result.</doc>
<status status="PASS" start="2026-05-09T08:57:47.151554" elapsed="0.000740"/>
</kw>
<if>
<branch type="IF" condition="$need_second_arg">
<kw name="Append To List" owner="Collections">
<arg>${args}</arg>
<arg>${EMPTY}</arg>
<doc>Adds ``values`` to the end of ``list``.</doc>
<status status="NOT RUN" start="2026-05-09T08:57:47.153650" elapsed="0.000113"/>
</kw>
<status status="NOT RUN" start="2026-05-09T08:57:47.152582" elapsed="0.001395"/>
</branch>
<status status="PASS" start="2026-05-09T08:57:47.152539" elapsed="0.002022"/>
</if>
<status status="PASS" start="2026-05-09T08:57:47.151173" elapsed="0.003510"/>
</branch>
<branch type="ELSE">
<kw name="Replace Variables" owner="BuiltIn">
<var>${final_arg2}</var>
<arg>${arg2}</arg>
<doc>Replaces variables in the given text with their current values.</doc>
<status status="NOT RUN" start="2026-05-09T08:57:47.155727" elapsed="0.000141"/>
</kw>
<kw name="Append To List" owner="Collections">
<arg>${args}</arg>
<arg>${final_arg2}</arg>
<doc>Adds ``values`` to the end of ``list``.</doc>
<status status="NOT RUN" start="2026-05-09T08:57:47.156205" elapsed="0.000085"/>
</kw>
<status status="NOT RUN" start="2026-05-09T08:57:47.154809" elapsed="0.001600"/>
</branch>
<status status="PASS" start="2026-05-09T08:57:47.151128" elapsed="0.005377"/>
</if>
<kw name="Log" owner="BuiltIn">
<msg time="2026-05-09T08:57:47.157194" level="INFO">THUC THI: Click Element | ARGS: ["xpath=//div[@id='mui-component-select-YearStudy']"]</msg>
<arg>THUC THI: ${keyword} | ARGS: ${args}</arg>
<doc>Logs the given message with the given level.</doc>
<status status="PASS" start="2026-05-09T08:57:47.156714" elapsed="0.000624"/>
</kw>
<try>
<branch type="TRY">
<kw name="Run Keyword" owner="BuiltIn">
<kw name="Click Element" owner="SeleniumLibrary">
<msg time="2026-05-09T08:57:47.160269" level="INFO">Clicking element 'xpath=//div[@id='mui-component-select-YearStudy']'.</msg>
<arg>@{args}</arg>
<doc>Click the element identified by ``locator``.</doc>
<status status="PASS" start="2026-05-09T08:57:47.158738" elapsed="0.469665"/>
</kw>
<arg>${keyword}</arg>
<arg>@{args}</arg>
<doc>Executes the given keyword with the given arguments.</doc>
<status status="PASS" start="2026-05-09T08:57:47.157943" elapsed="0.470662"/>
</kw>
<status status="PASS" start="2026-05-09T08:57:47.157599" elapsed="0.471101"/>
</branch>
<branch type="EXCEPT" assign="${error}">
<kw name="Capture Page Screenshot" owner="SeleniumLibrary">
<arg>filename=${TEST NAME}_failed_at_${keyword}.png</arg>
<doc>Takes a screenshot of the current page and embeds it into a log file.</doc>
<status status="NOT RUN" start="2026-05-09T08:57:47.629126" elapsed="0.000062"/>
</kw>
<kw name="Fail" owner="BuiltIn">
<arg>Dừng tại bước: ${keyword} do lỗi: ${error}</arg>
<doc>Fails the test with the given message and optionally alters its tags.</doc>
<status status="NOT RUN" start="2026-05-09T08:57:47.629428" elapsed="0.000062"/>
</kw>
[...]
	chromedriver!GetHandleVerifier [0x7ff7118ec012+346572]
	chromedriver!GetHandleVerifier [0x7ff7115d7cb5+32215]
	chromedriver!GetHandleVerifier [0x7ff7115e087c+3addc]
	chromedriver!GetHandleVerifier [0x7ff7115c40e4+1e644]
	chromedriver!GetHandleVerifier [0x7ff7115c4296+1e7f6]
	chromedriver!GetHandleVerifier [0x7ff7115a8737+2c97]
	KERNEL32!BaseThreadInitThunk [0x7ffc063de957+17]
	ntdll!RtlUserThreadStart [0x7ffc07a2427c+2c]
</status>
</branch>
<branch type="EXCEPT" assign="${error}">
<kw name="Capture Page Screenshot" owner="SeleniumLibrary">
<msg time="2026-05-09T08:58:27.482253" level="INFO" html="true">&lt;/td&gt;&lt;/tr&gt;&lt;tr&gt;&lt;td colspan="3"&gt;&lt;a href="TC_06_Negative_khong_chon_nam_hoc_failed_at_Click%20Element.png"&gt;&lt;img src="TC_06_Negative_khong_chon_nam_hoc_failed_at_Click%20Element.png" width="800px"&gt;&lt;/a&gt;</msg>
<arg>filename=${TEST NAME}_failed_at_${keyword}.png</arg>
<doc>Takes a screenshot of the current page and embeds it into a log file.</doc>
<status status="PASS" start="2026-05-09T08:58:27.103020" elapsed="0.379519"/>
</kw>
<kw name="Fail" owner="BuiltIn">
<msg time="2026-05-09T08:58:27.485867" level="FAIL">Dừng tại bước: Click Element do lỗi: StaleElementReferenceException: Message: stale element reference: stale element not found in the current frame
  (Session info: chrome=147.0.7727.138); For documentation on this error, please visit: https://www.selenium.dev/documentation/webdriver/troubleshooting/errors#staleelementreferenceexception
Stacktrace:
	chromedriver!GetHandleVerifier [0x7ff7115ba8e5+14e45]
	chromedriver!GetHandleVerifier [0x7ff7115ba950+14eb0]
	chromedriver!(No symbol) [0x7ff71132d6ed]
	chromedriver!(No symbol) [0x7ff711335671]
	chromedriver!(No symbol) [0x7ff711338795]
	chromedriver!(No symbol) [0x7ff71133885f]
	chromedriver!(No symbol) [0x7ff711388fc0]
	chromedriver!(No symbol) [0x7ff71137b12f]
	chromedriver!(No symbol) [0x7ff7113b002a]
	chromedriver!(No symbol) [0x7ff71137aa46]
	chromedriver!(No symbol) [0x7ff7113d483b]
	chromedriver!(No symbol) [0x7ff7113790e8]
	chromedriver!(No symbol) [0x7ff711379fc3]
	chromedriver!GetHandleVerifier [0x7ff7118d0149+32a6a9]
	chromedriver!GetHandleVerifier [0x7ff7118ca715+324c75]
	chromedriver!GetHandleVerifier [0x7ff7118ec012+346572]
	chromedriver!GetHandleVerifier [0x7ff7115d7cb5+32215]
	chromedriver!GetHandleVerifier [0x7ff7115e087c+3addc]
	chromedriver!GetHandleVerifier [0x7ff7115c40e4+1e644]
	chromedriver!GetHandleVerifier [0x7ff7115c4296+1e7f6]
	chromedriver!GetHandleVerifier [0x7ff7115a8737+2c97]
	KERNEL32!BaseThreadInitThunk [0x7ffc063de957+17]
	ntdll!RtlUserThreadStart [0x7ffc07a2427c+2c]
</msg>
<arg>Dừng tại bước: ${keyword} do lỗi: ${error}</arg>
<doc>Fails the test with the given message and optionally alters its tags.</doc>
<status status="FAIL" start="2026-05-09T08:58:27.484841" elapsed="0.001349">Dừng tại bước: Click Element do lỗi: StaleElementReferenceException: Message: stale element reference: stale element not found in the current frame
  (Session info: chrome=147.0.7727.138); For documentation on this error, please visit: https://www.selenium.dev/documentation/webdriver/troubleshooting/errors#staleelementreferenceexception
Stacktrace:
	chromedriver!GetHandleVerifier [0x7ff7115ba8e5+14e45]
	chromedriver!GetHandleVerifier [0x7ff7115ba950+14eb0]
	chromedriver!(No symbol) [0x7ff71132d6ed]
	chromedriver!(No symbol) [0x7ff711335671]
	chromedriver!(No symbol) [0x7ff711338795]
	chromedriver!(No symbol) [0x7ff71133885f]
	chromedriver!(No symbol) [0x7ff711388fc0]
	chromedriver!(No symbol) [0x7ff71137b12f]
	chromedriver!(No symbol) [0x7ff7113b002a]
	chromedriver!(No symbol) [0x7ff71137aa46]
	chromedriver!(No symbol) [0x7ff7113d483b]
	chromedriver!(No symbol) [0x7ff7113790e8]
	chromedriver!(No symbol) [0x7ff711379fc3]
	chromedriver!GetHandleVerifier [0x7ff7118d0149+32a6a9]
	chromedriver!GetHandleVerifier [0x7ff7118ca715+324c75]
	chromedriver!GetHandleVerifier [0x7ff7118ec012+346572]
	chromedriver!GetHandleVerifier [0x7ff7115d7cb5+32215]
	chromedriver!GetHandleVerifier [0x7ff7115e087c+3addc]
	chromedriver!GetHandleVerifier [0x7ff7115c40e4+1e644]
	chromedriver!GetHandleVerifier [0x7ff7115c4296+1e7f6]
	chromedriver!GetHandleVerifier [0x7ff7115a8737+2c97]
	KERNEL32!BaseThreadInitThunk [0x7ffc063de957+17]
	ntdll!RtlUserThreadStart [0x7ffc07a2427c+2c]
</status>
</kw>
<status status="FAIL" start="2026-05-09T08:58:27.102608" elapsed="0.383939">Dừng tại bước: Click Element do lỗi: StaleElementReferenceException: Message: stale element reference: stale element not found in the current frame
  (Session info: chrome=147.0.7727.138); For documentation on this error, please visit: https://www.selenium.dev/documentation/webdriver/troubleshooting/errors#staleelementreferenceexception
Stacktrace:
	chromedriver!GetHandleVerifier [0x7ff7115ba8e5+14e45]
	chromedriver!GetHandleVerifier [0x7ff7115ba950+14eb0]
	chromedriver!(No symbol) [0x7ff71132d6ed]
	chromedriver!(No symbol) [0x7ff711335671]
	chromedriver!(No symbol) [0x7ff711338795]
	chromedriver!(No symbol) [0x7ff71133885f]
	chromedriver!(No symbol) [0x7ff711388fc0]
	chromedriver!(No symbol) [0x7ff71137b12f]
	chromedriver!(No symbol) [0x7ff7113b002a]
	chromedriver!(No symbol) [0x7ff71137aa46]
	chromedriver!(No symbol) [0x7ff7113d483b]
	chromedriver!(No symbol) [0x7ff7113790e8]
	chromedriver!(No symbol) [0x7ff711379fc3]
	chromedriver!GetHandleVerifier [0x7ff7118d0149+32a6a9]
	chromedriver!GetHandleVerifier [0x7ff7118ca715+324c75]
	chromedriver!GetHandleVerifier [0x7ff7118ec012+346572]
	chromedriver!GetHandleVerifier [0x7ff7115d7cb5+32215]
	chromedriver!GetHandleVerifier [0x7ff7115e087c+3addc]
	chromedriver!GetHandleVerifier [0x7ff7115c40e4+1e644]
	chromedriver!GetHandleVerifier [0x7ff7115c4296+1e7f6]
	chromedriver!GetHandleVerifier [0x7ff7115a8737+2c97]
	KERNEL32!BaseThreadInitThunk [0x7ffc063de957+17]
	ntdll!RtlUserThreadStart [0x7ffc07a2427c+2c]
</status>
</branch>
<status status="FAIL" start="2026-05-09T08:58:26.694753" elapsed="0.792049">Dừng tại bước: Click Element do lỗi: StaleElementReferenceException: Message: stale element reference: stale element not found in the current frame
  (Session info: chrome=147.0.7727.138); For documentation on this error, please visit: https://www.selenium.dev/documentation/webdriver/troubleshooting/errors#staleelementreferenceexception
Stacktrace:
	chromedriver!GetHandleVerifier [0x7ff7115ba8e5+14e45]
	chromedriver!GetHandleVerifier [0x7ff7115ba950+14eb0]
	chromedriver!(No symbol) [0x7ff71132d6ed]
	chromedriver!(No symbol) [0x7ff711335671]
	chromedriver!(No symbol) [0x7ff711338795]
	chromedriver!(No symbol) [0x7ff71133885f]
	chromedriver!(No symbol) [0x7ff711388fc0]
	chromedriver!(No symbol) [0x7ff71137b12f]
	chromedriver!(No symbol) [0x7ff7113b002a]
	chromedriver!(No symbol) [0x7ff71137aa46]
	chromedriver!(No symbol) [0x7ff7113d483b]
	chromedriver!(No symbol) [0x7ff7113790e8]
	chromedriver!(No symbol) [0x7ff711379fc3]
	chromedriver!GetHandleVerifier [0x7ff7118d0149+32a6a9]
	chromedriver!GetHandleVerifier [0x7ff7118ca715+324c75]
	chromedriver!GetHandleVerifier [0x7ff7118ec012+346572]
	chromedriver!GetHandleVerifier [0x7ff7115d7cb5+32215]
	chromedriver!GetHandleVerifier [0x7ff7115e087c+3addc]
	chromedriver!GetHandleVerifier [0x7ff7115c40e4+1e644]
	chromedriver!GetHandleVerifier [0x7ff7115c4296+1e7f6]
	chromedriver!GetHandleVerifier [0x7ff7115a8737+2c97]
	KERNEL32!BaseThreadInitThunk [0x7ffc063de957+17]
	ntdll!RtlUserThreadStart [0x7ffc07a2427c+2c]
</status>
</try>
<arg>${k}</arg>
<arg>${a1}</arg>
<arg>${a2}</arg>
<status status="FAIL" start="2026-05-09T08:58:26.661629" elapsed="0.825606">Dừng tại bước: Click Element do lỗi: StaleElementReferenceException: Message: stale element reference: stale element not found in the current frame
  (Session info: chrome=147.0.7727.138); For documentation on this error, please visit: https://www.selenium.dev/documentation/webdriver/troubleshooting/errors#staleelementreferenceexception
Stacktrace:
	chromedriver!GetHandleVerifier [0x7ff7115ba8e5+14e45]
	chromedriver!GetHandleVerifier [0x7ff7115ba950+14eb0]
	chromedriver!(No symbol) [0x7ff71132d6ed]
	chromedriver!(No symbol) [0x7ff711335671]
	chromedriver!(No symbol) [0x7ff711338795]
	chromedriver!(No symbol) [0x7ff71133885f]
	chromedriver!(No symbol) [0x7ff711388fc0]
	chromedriver!(No symbol) [0x7ff71137b12f]
	chromedriver!(No symbol) [0x7ff7113b002a]
	chromedriver!(No symbol) [0x7ff71137aa46]
	chromedriver!(No symbol) [0x7ff7113d483b]
	chromedriver!(No symbol) [0x7ff7113790e8]
	chromedriver!(No symbol) [0x7ff711379fc3]
	chromedriver!GetHandleVerifier [0x7ff7118d0149+32a6a9]
	chromedriver!GetHandleVerifier [0x7ff7118ca715+324c75]
	chromedriver!GetHandleVerifier [0x7ff7118ec012+346572]
	chromedriver!GetHandleVerifier [0x7ff7115d7cb5+32215]
	chromedriver!GetHandleVerifier [0x7ff7115e087c+3addc]
	chromedriver!GetHandleVerifier [0x7ff7115c40e4+1e644]
	chromedriver!GetHandleVerifier [0x7ff7115c4296+1e7f6]
	chromedriver!GetHandleVerifier [0x7ff7115a8737+2c97]
	KERNEL32!BaseThreadInitThunk [0x7ffc063de957+17]
	ntdll!RtlUserThreadStart [0x7ffc07a2427c+2c]
</status>
</kw>
<status status="FAIL" start="2026-05-09T08:58:26.659113" elapsed="0.829119">Dừng tại bước: Click Element do lỗi: StaleElementReferenceException: Message: stale element reference: stale element not found in the current frame
  (Session info: chrome=147.0.7727.138); For documentation on this error, please visit: https://www.selenium.dev/documentation/webdriver/troubleshooting/errors#staleelementreferenceexception
Stacktrace:
	chromedriver!GetHandleVerifier [0x7ff7115ba8e5+14e45]
	chromedriver!GetHandleVerifier [0x7ff7115ba950+14eb0]
	chromedriver!(No symbol) [0x7ff71132d6ed]
	chromedriver!(No symbol) [0x7ff711335671]
	chromedriver!(No symbol) [0x7ff711338795]
	chromedriver!(No symbol) [0x7ff71133885f]
	chromedriver!(No symbol) [0x7ff711388fc0]
	chromedriver!(No symbol) [0x7ff71137b12f]
	chromedriver!(No symbol) [0x7ff7113b002a]
	chromedriver!(No symbol) [0x7ff71137aa46]
	chromedriver!(No symbol) [0x7ff7113d483b]
	chromedriver!(No symbol) [0x7ff7113790e8]
	chromedriver!(No symbol) [0x7ff711379fc3]
	chromedriver!GetHandleVerifier [0x7ff7118d0149+32a6a9]
	chromedriver!GetHandleVerifier [0x7ff7118ca715+324c75]
	chromedriver!GetHandleVerifier [0x7ff7118ec012+346572]
	chromedriver!GetHandleVerifier [0x7ff7115d7cb5+32215]
	chromedriver!GetHandleVerifier [0x7ff7115e087c+3addc]
	chromedriver!GetHandleVerifier [0x7ff7115c40e4+1e644]
	chromedriver!GetHandleVerifier [0x7ff7115c4296+1e7f6]
	chromedriver!GetHandleVerifier [0x7ff7115a8737+2c97]
	KERNEL32!BaseThreadInitThunk [0x7ffc063de957+17]
	ntdll!RtlUserThreadStart [0x7ffc07a2427c+2c]
</status>
</branch>
<status status="FAIL" start="2026-05-09T08:58:26.659046" elapsed="0.829663">Dừng tại bước: Click Element do lỗi: StaleElementReferenceException: Message: stale element reference: stale element not found in the current frame
  (Session info: chrome=147.0.7727.138); For documentation on this error, please visit: https://www.selenium.dev/documentation/webdriver/troubleshooting/errors#staleelementreferenceexception
Stacktrace:
	chromedriver!GetHandleVerifier [0x7ff7115ba8e5+14e45]
	chromedriver!GetHandleVerifier [0x7ff7115ba950+14eb0]
	chromedriver!(No symbol) [0x7ff71132d6ed]
	chromedriver!(No symbol) [0x7ff711335671]
	chromedriver!(No symbol) [0x7ff711338795]
	chromedriver!(No symbol) [0x7ff71133885f]
	chromedriver!(No symbol) [0x7ff711388fc0]
	chromedriver!(No symbol) [0x7ff71137b12f]
	chromedriver!(No symbol) [0x7ff7113b002a]
	chromedriver!(No symbol) [0x7ff71137aa46]
	chromedriver!(No symbol) [0x7ff7113d483b]
	chromedriver!(No symbol) [0x7ff7113790e8]
	chromedriver!(No symbol) [0x7ff711379fc3]
	chromedriver!GetHandleVerifier [0x7ff7118d0149+32a6a9]
	chromedriver!GetHandleVerifier [0x7ff7118ca715+324c75]
	chromedriver!GetHandleVerifier [0x7ff7118ec012+346572]
	chromedriver!GetHandleVerifier [0x7ff7115d7cb5+32215]
	chromedriver!GetHandleVerifier [0x7ff7115e087c+3addc]
	chromedriver!GetHandleVerifier [0x7ff7115c40e4+1e644]
	chromedriver!GetHandleVerifier [0x7ff7115c4296+1e7f6]
	chromedriver!GetHandleVerifier [0x7ff7115a8737+2c97]
	KERNEL32!BaseThreadInitThunk [0x7ffc063de957+17]
	ntdll!RtlUserThreadStart [0x7ffc07a2427c+2c]
</status>
</if>
<var name="${i}">3</var>
<status status="FAIL" start="2026-05-09T08:58:26.655179" elapsed="0.833855">Dừng tại bước: Click Element do lỗi: StaleElementReferenceException: Message: stale element reference: stale element not found in the current frame
  (Session info: chrome=147.0.7727.138); For documentation on this error, please visit: https://www.selenium.dev/documentation/webdriver/troubleshooting/errors#staleelementreferenceexception
Stacktrace:
	chromedriver!GetHandleVerifier [0x7ff7115ba8e5+14e45]
	chromedriver!GetHandleVerifier [0x7ff7115ba950+14eb0]
	chromedriver!(No symbol) [0x7ff71132d6ed]
	chromedriver!(No symbol) [0x7ff711335671]
	chromedriver!(No symbol) [0x7ff711338795]
	chromedriver!(No symbol) [0x7ff71133885f]
	chromedriver!(No symbol) [0x7ff711388fc0]
	chromedriver!(No symbol) [0x7ff71137b12f]
	chromedriver!(No symbol) [0x7ff7113b002a]
	chromedriver!(No symbol) [0x7ff71137aa46]
	chromedriver!(No symbol) [0x7ff7113d483b]
	chromedriver!(No symbol) [0x7ff7113790e8]
	chromedriver!(No symbol) [0x7ff711379fc3]
	chromedriver!GetHandleVerifier [0x7ff7118d0149+32a6a9]
	chromedriver!GetHandleVerifier [0x7ff7118ca715+324c75]
	chromedriver!GetHandleVerifier [0x7ff7118ec012+346572]
	chromedriver!GetHandleVerifier [0x7ff7115d7cb5+32215]
	chromedriver!GetHandleVerifier [0x7ff7115e087c+3addc]
	chromedriver!GetHandleVerifier [0x7ff7115c40e4+1e644]
	chromedriver!GetHandleVerifier [0x7ff7115c4296+1e7f6]
	chromedriver!GetHandleVerifier [0x7ff7115a8737+2c97]
	KERNEL32!BaseThreadInitThunk [0x7ffc063de957+17]
	ntdll!RtlUserThreadStart [0x7ffc07a2427c+2c]
</status>
</iter>
<var>${i}</var>
<value>1</value>
<value>10</value>
<status status="FAIL" start="2026-05-09T08:58:24.769132" elapsed="2.720680">Dừng tại bước: Click Element do lỗi: StaleElementReferenceException: Message: stale element reference: stale element not found in the current frame
  (Session info: chrome=147.0.7727.138); For documentation on this error, please visit: https://www.selenium.dev/documentation/webdriver/troubleshooting/errors#staleelementreferenceexception
Stacktrace:
	chromedriver!GetHandleVerifier [0x7ff7115ba8e5+14e45]
	chromedriver!GetHandleVerifier [0x7ff7115ba950+14eb0]
	chromedriver!(No symbol) [0x7ff71132d6ed]
	chromedriver!(No symbol) [0x7ff711335671]
	chromedriver!(No symbol) [0x7ff711338795]
	chromedriver!(No symbol) [0x7ff71133885f]
	chromedriver!(No symbol) [0x7ff711388fc0]
	chromedriver!(No symbol) [0x7ff71137b12f]
	chromedriver!(No symbol) [0x7ff7113b002a]
	chromedriver!(No symbol) [0x7ff71137aa46]
	chromedriver!(No symbol) [0x7ff7113d483b]
	chromedriver!(No symbol) [0x7ff7113790e8]
	chromedriver!(No symbol) [0x7ff711379fc3]
	chromedriver!GetHandleVerifier [0x7ff7118d0149+32a6a9]
	chromedriver!GetHandleVerifier [0x7ff7118ca715+324c75]
	chromedriver!GetHandleVerifier [0x7ff7118ec012+346572]
	chromedriver!GetHandleVerifier [0x7ff7115d7cb5+32215]
	chromedriver!GetHandleVerifier [0x7ff7115e087c+3addc]
	chromedriver!GetHandleVerifier [0x7ff7115c40e4+1e644]
	chromedriver!GetHandleVerifier [0x7ff7115c4296+1e7f6]
	chromedriver!GetHandleVerifier [0x7ff7115a8737+2c97]
	KERNEL32!BaseThreadInitThunk [0x7ffc063de957+17]
	ntdll!RtlUserThreadStart [0x7ffc07a2427c+2c]
</status>
</for>
<arg>Step1_Keyword=Login QNU</arg>
<arg>Step1_Arg1=</arg>
<arg>Step1_Arg2=</arg>
<arg>Step2_Keyword=Click Element</arg>
<arg>Step2_Arg1=xpath=//a[@href='/student/marks']</arg>
<arg>Step2_Arg2=</arg>
<arg>Step3_Keyword=Click Element</arg>
<arg>Step3_Arg1=xpath=//div[@id='mui-component-select-TermID']</arg>
<arg>Step3_Arg2=</arg>
<arg>Step4_Keyword=Element Should Be Disabled</arg>
<arg>Step4_Arg1=xpath=//li[@role='option']</arg>
<arg>Step4_Arg2=</arg>
<arg>Step5_Keyword=</arg>
<arg>Step5_Arg1=</arg>
<arg>Step5_Arg2=</arg>
<arg>Step6_Keyword=</arg>
<arg>Step6_Arg1=</arg>
<arg>Step6_Arg2=</arg>
<arg>Step7_Keyword=</arg>
<arg>Step7_Arg1=</arg>
<arg>Step7_Arg2=</arg>
<arg>Step8_Keyword=</arg>
<arg>Step8_Arg1=</arg>
<arg>Step8_Arg2=</arg>
<arg>Step9_Keyword=</arg>
<arg>Step9_Arg1=</arg>
<arg>Step9_Arg2=</arg>
<status status="FAIL" start="2026-05-09T08:58:24.767498" elapsed="2.726887">Dừng tại bước: Click Element do lỗi: StaleElementReferenceException: Message: stale element reference: stale element not found in the current frame
  (Session info: chrome=147.0.7727.138); For documentation on this error, please visit: https://www.selenium.dev/documentation/webdriver/troubleshooting/errors#staleelementreferenceexception
Stacktrace:
	chromedriver!GetHandleVerifier [0x7ff7115ba8e5+14e45]
	chromedriver!GetHandleVerifier [0x7ff7115ba950+14eb0]
	chromedriver!(No symbol) [0x7ff71132d6ed]
	chromedriver!(No symbol) [0x7ff711335671]
	chromedriver!(No symbol) [0x7ff711338795]
	chromedriver!(No symbol) [0x7ff71133885f]
	chromedriver!(No symbol) [0x7ff711388fc0]
	chromedriver!(No symbol) [0x7ff71137b12f]
	chromedriver!(No symbol) [0x7ff7113b002a]
	chromedriver!(No symbol) [0x7ff71137aa46]
	chromedriver!(No symbol) [0x7ff7113d483b]
	chromedriver!(No symbol) [0x7ff7113790e8]
	chromedriver!(No symbol) [0x7ff711379fc3]
	chromedriver!GetHandleVerifier [0x7ff7118d0149+32a6a9]
	chromedriver!GetHandleVerifier [0x7ff7118ca715+324c75]
	chromedriver!GetHandleVerifier [0x7ff7118ec012+346572]
	chromedriver!GetHandleVerifier [0x7ff7115d7cb5+32215]
	chromedriver!GetHandleVerifier [0x7ff7115e087c+3addc]
	chromedriver!GetHandleVerifier [0x7ff7115c40e4+1e644]
	chromedriver!GetHandleVerifier [0x7ff7115c4296+1e7f6]
	chromedriver!GetHandleVerifier [0x7ff7115a8737+2c97]
	KERNEL32!BaseThreadInitThunk [0x7ffc063de957+17]
	ntdll!RtlUserThreadStart [0x7ffc07a2427c+2c]
</status>
</kw>
<kw name="Dong Trinh Duyet" type="TEARDOWN">
<kw name="Close Browser" owner="SeleniumLibrary">
<doc>Closes the current browser.</doc>
<status status="PASS" start="2026-05-09T08:58:27.507684" elapsed="3.319808"/>
</kw>
<status status="PASS" start="2026-05-09T08:58:27.506620" elapsed="3.321161"/>
</kw>
<status status="FAIL" start="2026-05-09T08:58:21.706352" elapsed="9.121801">Dừng tại bước: Click Element do lỗi: StaleElementReferenceException: Message: stale element reference: stale element not found in the current frame
  (Session info: chrome=147.0.7727.138); For documentation on this error, please visit: https://www.selenium.dev/documentation/webdriver/troubleshooting/errors#staleelementreferenceexception
Stacktrace:
	chromedriver!GetHandleVerifier [0x7ff7115ba8e5+14e45]
	chromedriver!GetHandleVerifier [0x7ff7115ba950+14eb0]
	chromedriver!(No symbol) [0x7ff71132d6ed]
	chromedriver!(No symbol) [0x7ff711335671]
	chromedriver!(No symbol) [0x7ff711338795]
	chromedriver!(No symbol) [0x7ff71133885f]
	chromedriver!(No symbol) [0x7ff711388fc0]
	chromedriver!(No symbol) [0x7ff71137b12f]
	chromedriver!(No symbol) [0x7ff7113b002a]
	chromedriver!(No symbol) [0x7ff71137aa46]
	chromedriver!(No symbol) [0x7ff7113d483b]
	chromedriver!(No symbol) [0x7ff7113790e8]
	chromedriver!(No symbol) [0x7ff711379fc3]
	chromedriver!GetHandleVerifier [0x7ff7118d0149+32a6a9]
	chromedriver!GetHandleVerifier [0x7ff7118ca715+324c75]
	chromedriver!GetHandleVerifier [0x7ff7118ec012+346572]
	chromedriver!GetHandleVerifier [0x7ff7115d7cb5+32215]
	chromedriver!GetHandleVerifier [0x7ff7115e087c+3addc]
	chromedriver!GetHandleVerifier [0x7ff7115c40e4+1e644]
	chromedriver!GetHandleVerifier [0x7ff7115c4296+1e7f6]
	chromedriver!GetHandleVerifier [0x7ff7115a8737+2c97]
	KERNEL32!BaseThreadInitThunk [0x7ffc063de957+17]
	ntdll!RtlUserThreadStart [0x7ffc07a2427c+2c]
</status>
</test>
<status status="FAIL" start="2026-05-09T08:57:35.031751" elapsed="55.798211"/>
</suite>
<statistics>
<total>
<stat pass="4" fail="2" skip="0">All Tests</stat>
</total>
<tag>
</tag>
<suite>
<stat name="StudentMarks" id="s1" pass="4" fail="2" skip="0">StudentMarks</stat>
</suite>
</statistics>
<errors>
</errors>
</robot>
