<?xml version="1.0" encoding="UTF-8"?>
<robot generator="Robot 7.3.2 (Python 3.14.0 on win32)" generated="2026-05-09T08:54:35.128966" rpa="false" schemaversion="5">
<suite id="s1" name="Schedule" source="E:\n8nRobot\automation\rf\tests\GenericEngine.robot">
<test id="s1-t1" name="TC_01_Xem_TKB_day_du" line="19">
<kw name="Mo Trinh Duyet" type="SETUP">
<kw name="Open Browser" owner="SeleniumLibrary">
<msg time="2026-05-09T08:54:36.374273" level="INFO">Opening browser 'chrome' to base url 'https://daotao.qnu.edu.vn'.</msg>
<arg>${URL_QNU}</arg>
<arg>${BROWSER}</arg>
<doc>Opens a new browser instance to the optional ``url``.</doc>
<status status="PASS" start="2026-05-09T08:54:36.373947" elapsed="1.987071"/>
</kw>
<kw name="Maximize Browser Window" owner="SeleniumLibrary">
<doc>Maximizes current browser window.</doc>
<status status="PASS" start="2026-05-09T08:54:38.361558" elapsed="0.099312"/>
</kw>
<kw name="Set Selenium Implicit Wait" owner="SeleniumLibrary">
<arg>5s</arg>
<doc>Sets the implicit wait value used by Selenium.</doc>
<status status="PASS" start="2026-05-09T08:54:38.461367" elapsed="0.002303"/>
</kw>
<status status="PASS" start="2026-05-09T08:54:36.372968" elapsed="2.090906"/>
</kw>
<kw name="Xu Ly Kich Ban Kiem Thu">
<for flavor="IN RANGE">
<iter>
<kw name="Get Variable Value" owner="BuiltIn">
<msg time="2026-05-09T08:54:38.468152" level="INFO">${k} = Click Element</msg>
<var>${k}</var>
<arg>\${Step${i}_Keyword}</arg>
<doc>Returns variable value or ``default`` if the variable does not exist.</doc>
<status status="PASS" start="2026-05-09T08:54:38.467496" elapsed="0.000759"/>
</kw>
<kw name="Get Variable Value" owner="BuiltIn">
<msg time="2026-05-09T08:54:38.469003" level="INFO">${a1} = xpath://a[contains(text(),'THỜI KHÓA BIỂU GIẢNG VIÊN')]</msg>
<var>${a1}</var>
<arg>\${Step${i}_Arg1}</arg>
<doc>Returns variable value or ``default`` if the variable does not exist.</doc>
<status status="PASS" start="2026-05-09T08:54:38.468619" elapsed="0.000448"/>
</kw>
<kw name="Get Variable Value" owner="BuiltIn">
<msg time="2026-05-09T08:54:38.469803" level="INFO">${a2} = </msg>
<var>${a2}</var>
<arg>\${Step${i}_Arg2}</arg>
<doc>Returns variable value or ``default`` if the variable does not exist.</doc>
<status status="PASS" start="2026-05-09T08:54:38.469317" elapsed="0.000587"/>
</kw>
<if>
<branch type="IF" condition="$k != &quot;&quot; and $k is not None">
<kw name="Log To Console" owner="BuiltIn">
<arg>\n--- Buoc ${i}: ${k} ---</arg>
<doc>Logs the given message to the console.</doc>
<status status="PASS" start="2026-05-09T08:54:38.470734" elapsed="0.000979"/>
</kw>
<kw name="Thuc Thi Buoc Kiem Thu">
<kw name="Run Keyword And Return Status" owner="BuiltIn">
<kw name="Keyword Should Exist" owner="BuiltIn">
<arg>${keyword}</arg>
<doc>Fails unless the given keyword exists in the current scope.</doc>
<status status="PASS" start="2026-05-09T08:54:38.475798" elapsed="0.000478"/>
</kw>
<msg time="2026-05-09T08:54:38.476543" level="INFO">${exists} = True</msg>
<var>${exists}</var>
<arg>Keyword Should Exist</arg>
<arg>${keyword}</arg>
<doc>Runs the given keyword with given arguments and returns the status as a Boolean value.</doc>
<status status="PASS" start="2026-05-09T08:54:38.475390" elapsed="0.001225"/>
</kw>
<if>
<branch type="IF" condition="not ${exists}">
<kw name="Fail" owner="BuiltIn">
<arg>Keyword không tồn tại: ${keyword}</arg>
<doc>Fails the test with the given message and optionally alters its tags.</doc>
<status status="NOT RUN" start="2026-05-09T08:54:38.477634" elapsed="0.000110"/>
</kw>
<status status="NOT RUN" start="2026-05-09T08:54:38.476871" elapsed="0.001010"/>
</branch>
<status status="PASS" start="2026-05-09T08:54:38.476805" elapsed="0.001197"/>
</if>
<kw name="Replace Variables" owner="BuiltIn">
<msg time="2026-05-09T08:54:38.478724" level="INFO">${final_arg1} = xpath://a[contains(text(),'THỜI KHÓA BIỂU GIẢNG VIÊN')]</msg>
<var>${final_arg1}</var>
<arg>${arg1}</arg>
<doc>Replaces variables in the given text with their current values.</doc>
<status status="PASS" start="2026-05-09T08:54:38.478240" elapsed="0.000571"/>
</kw>
<kw name="Replace Variables" owner="BuiltIn">
<msg time="2026-05-09T08:54:38.479463" level="INFO">${final_arg2} = </msg>
<var>${final_arg2}</var>
<arg>${arg2}</arg>
<doc>Replaces variables in the given text with their current values.</doc>
<status status="PASS" start="2026-05-09T08:54:38.479076" elapsed="0.000459"/>
</kw>
<kw name="Create List" owner="BuiltIn">
<msg time="2026-05-09T08:54:38.480100" level="INFO">@{args} = [ ]</msg>
<var>@{args}</var>
<doc>Returns a list containing given items.</doc>
<status status="PASS" start="2026-05-09T08:54:38.479786" elapsed="0.000382"/>
</kw>
<if>
<branch type="IF" condition="&quot;${arg1}&quot; != &quot;None&quot; and &quot;${arg1}&quot; != &quot;nan&quot; and &quot;${arg1}&quot; != &quot;${EMPTY}&quot;">
<kw name="Replace Variables" owner="BuiltIn">
<msg time="2026-05-09T08:54:38.483156" level="INFO">${final_arg1} = xpath://a[contains(text(),'THỜI KHÓA BIỂU GIẢNG VIÊN')]</msg>
<var>${final_arg1}</var>
<arg>${arg1}</arg>
<doc>Replaces variables in the given text with their current values.</doc>
<status status="PASS" start="2026-05-09T08:54:38.481574" elapsed="0.002092"/>
</kw>
<kw name="Append To List" owner="Collections">
<arg>${args}</arg>
<arg>${final_arg1}</arg>
<doc>Adds ``values`` to the end of ``list``.</doc>
<status status="PASS" start="2026-05-09T08:54:38.484707" elapsed="0.001131"/>
</kw>
<status status="PASS" start="2026-05-09T08:54:38.480353" elapsed="0.005710"/>
</branch>
<status status="PASS" start="2026-05-09T08:54:38.480315" elapsed="0.005916"/>
</if>
<kw name="Evaluate" owner="BuiltIn">
<msg time="2026-05-09T08:54:38.487338" level="INFO">${is_empty_val} = True</msg>
<var>${is_empty_val}</var>
<arg>$arg2 is None or str($arg2).lower() == 'nan' or str($arg2) == ''</arg>
<doc>Evaluates the given expression in Python and returns the result.</doc>
<status status="PASS" start="2026-05-09T08:54:38.486499" elapsed="0.000929"/>
</kw>
<if>
<branch type="IF" condition="$is_empty_val">
<kw name="Evaluate" owner="BuiltIn">
<msg time="2026-05-09T08:54:38.488878" level="INFO">${need_second_arg} = False</msg>
<var>${need_second_arg}</var>
<arg>$keyword in ['Input Text', 'Textfield Value Should Be', 'Element Text Should Be']</arg>
<doc>Evaluates the given expression in Python and returns the result.</doc>
<status status="PASS" start="2026-05-09T08:54:38.488390" elapsed="0.000573"/>
</kw>
<if>
<branch type="IF" condition="$need_second_arg">
<kw name="Append To List" owner="Collections">
<arg>${args}</arg>
<arg>${EMPTY}</arg>
<doc>Adds ``values`` to the end of ``list``.</doc>
<status status="NOT RUN" start="2026-05-09T08:54:38.489573" elapsed="0.000067"/>
</kw>
<status status="NOT RUN" start="2026-05-09T08:54:38.489185" elapsed="0.000543"/>
</branch>
<status status="PASS" start="2026-05-09T08:54:38.489139" elapsed="0.000664"/>
</if>
<status status="PASS" start="2026-05-09T08:54:38.487713" elapsed="0.002135"/>
</branch>
<branch type="ELSE">
<kw name="Replace Variables" owner="BuiltIn">
<var>${final_arg2}</var>
<arg>${arg2}</arg>
<doc>Replaces variables in the given text with their current values.</doc>
<status status="NOT RUN" start="2026-05-09T08:54:38.490214" elapsed="0.000089"/>
</kw>
<kw name="Append To List" owner="Collections">
<arg>${args}</arg>
<arg>${final_arg2}</arg>
<doc>Adds ``values`` to the end of ``list``.</doc>
<status status="NOT RUN" start="2026-05-09T08:54:38.490479" elapsed="0.000051"/>
</kw>
<status status="NOT RUN" start="2026-05-09T08:54:38.489914" elapsed="0.000688"/>
</branch>
<status status="PASS" start="2026-05-09T08:54:38.487641" elapsed="0.003025"/>
</if>
<kw name="Log" owner="BuiltIn">
<msg time="2026-05-09T08:54:38.491145" level="INFO">THUC THI: Click Element | ARGS: ["xpath://a[contains(text(),'THỜI KHÓA BIỂU GIẢNG VIÊN')]"]</msg>
<arg>THUC THI: ${keyword} | ARGS: ${args}</arg>
<doc>Logs the given message with the given level.</doc>
<status status="PASS" start="2026-05-09T08:54:38.490811" elapsed="0.000429"/>
</kw>
<try>
<branch type="TRY">
<kw name="Run Keyword" owner="BuiltIn">
<kw name="Click Element" owner="SeleniumLibrary">
<msg time="2026-05-09T08:54:38.493007" level="INFO">Clicking element 'xpath://a[contains(text(),'THỜI KHÓA BIỂU GIẢNG VIÊN')]'.</msg>
<arg>@{args}</arg>
<doc>Click the element identified by ``locator``.</doc>
<status status="PASS" start="2026-05-09T08:54:38.492296" elapsed="0.135457"/>
</kw>
<arg>${keyword}</arg>
<arg>@{args}</arg>
<doc>Executes the given keyword with the given arguments.</doc>
<status status="PASS" start="2026-05-09T08:54:38.491736" elapsed="0.136201"/>
</kw>
<status status="PASS" start="2026-05-09T08:54:38.491510" elapsed="0.136517"/>
</branch>
<branch type="EXCEPT" assign="${error}">
<kw name="Capture Page Screenshot" owner="SeleniumLibrary">
<arg>filename=${TEST NAME}_failed_at_${keyword}.png</arg>
<doc>Takes a screenshot of the current page and embeds it into a log file.</doc>
<status status="NOT RUN" start="2026-05-09T08:54:38.628494" elapsed="0.000090"/>
</kw>
<kw name="Fail" owner="BuiltIn">
<arg>Dừng tại bước: ${keyword} do lỗi: ${error}</arg>
<doc>Fails the test with the given message and optionally alters its tags.</doc>
<status status="NOT RUN" start="2026-05-09T08:54:38.628875" elapsed="0.000101"/>
</kw>
<status status="NOT RUN" start="2026-05-09T08:54:38.628172" elapsed="0.000932"/>
</branch>
<status status="PASS" start="2026-05-09T08:54:38.491429" elapsed="0.137832"/>
</try>
<arg>${k}</arg>
<arg>${a1}</arg>
<arg>${a2}</arg>
<status status="PASS" start="2026-05-09T08:54:38.474058" elapsed="0.155367"/>
</kw>
<status status="PASS" start="2026-05-09T08:54:38.470159" elapsed="0.159396"/>
</branch>
<status status="PASS" start="2026-05-09T08:54:38.470063" elapsed="0.159621"/>
</if>
<var name="${i}">1</var>
<status status="PASS" start="2026-05-09T08:54:38.467100" elapsed="0.162640"/>
</iter>
<iter>
<kw name="Get Variable Value" owner="BuiltIn">
<msg time="2026-05-09T08:54:38.630940" level="INFO">${k} = Click Element</msg>
<var>${k}</var>
<arg>\${Step${i}_Keyword}</arg>
<doc>Returns variable value or ``default`` if the variable does not exist.</doc>
<status status="PASS" start="2026-05-09T08:54:38.630356" elapsed="0.000659"/>
</kw>
<kw name="Get Variable Value" owner="BuiltIn">
<msg time="2026-05-09T08:54:38.631838" level="INFO">${a1} = xpath://label[text()='Năm học']/following-sibling::div//input</msg>
<var>${a1}</var>
<arg>\${Step${i}_Arg1}</arg>
<doc>Returns variable value or ``default`` if the variable does not exist.</doc>
<status status="PASS" start="2026-05-09T08:54:38.631320" elapsed="0.000580"/>
</kw>
<kw name="Get Variable Value" owner="BuiltIn">
<msg time="2026-05-09T08:54:38.632580" level="INFO">${a2} = </msg>
<var>${a2}</var>
<arg>\${Step${i}_Arg2}</arg>
<doc>Returns variable value or ``default`` if the variable does not exist.</doc>
<status status="PASS" start="2026-05-09T08:54:38.632104" elapsed="0.000554"/>
</kw>
<if>
<branch type="IF" condition="$k != &quot;&quot; and $k is not None">
<kw name="Log To Console" owner="BuiltIn">
<arg>\n--- Buoc ${i}: ${k} ---</arg>
<doc>Logs the given message to the console.</doc>
<status status="PASS" start="2026-05-09T08:54:38.633902" elapsed="0.000896"/>
</kw>
<kw name="Thuc Thi Buoc Kiem Thu">
<kw name="Run Keyword And Return Status" owner="BuiltIn">
<kw name="Keyword Should Exist" owner="BuiltIn">
<arg>${keyword}</arg>
<doc>Fails unless the given keyword exists in the current scope.</doc>
<status status="PASS" start="2026-05-09T08:54:38.637088" elapsed="0.000385"/>
</kw>
<msg time="2026-05-09T08:54:38.638090" level="INFO">${exists} = True</msg>
<var>${exists}</var>
<arg>Keyword Should Exist</arg>
<arg>${keyword}</arg>
<doc>Runs the given keyword with given arguments and returns the status as a Boolean value.</doc>
<status status="PASS" start="2026-05-09T08:54:38.636754" elapsed="0.001444"/>
</kw>
<if>
<branch type="IF" condition="not ${exists}">
<kw name="Fail" owner="BuiltIn">
<arg>Keyword không tồn tại: ${keyword}</arg>
<doc>Fails the test with the given message and optionally alters its tags.</doc>
<status status="NOT RUN" start="2026-05-09T08:54:38.639018" elapsed="0.000092"/>
</kw>
<status status="NOT RUN" start="2026-05-09T08:54:38.638479" elapsed="0.000766"/>
</branch>
<status status="PASS" start="2026-05-09T08:54:38.638415" elapsed="0.000958"/>
</if>
<kw name="Replace Variables" owner="BuiltIn">
<msg time="2026-05-09T08:54:38.640065" level="INFO">${final_arg1} = xpath://label[text()='Năm học']/following-sibling::div//input</msg>
<var>${final_arg1}</var>
<arg>${arg1}</arg>
<doc>Replaces variables in the given text with their current values.</doc>
<status status="PASS" start="2026-05-09T08:54:38.639610" elapsed="0.000539"/>
</kw>
<kw name="Replace Variables" owner="BuiltIn">
<msg time="2026-05-09T08:54:38.640875" level="INFO">${final_arg2} = </msg>
<var>${final_arg2}</var>
<arg>${arg2}</arg>
<doc>Replaces variables in the given text with their current values.</doc>
<status status="PASS" start="2026-05-09T08:54:38.640467" elapsed="0.000484"/>
</kw>
<kw name="Create List" owner="BuiltIn">
<msg time="2026-05-09T08:54:38.641728" level="INFO">@{args} = [ ]</msg>
<var>@{args}</var>
<doc>Returns a list containing given items.</doc>
<status status="PASS" start="2026-05-09T08:54:38.641227" elapsed="0.000592"/>
</kw>
<if>
<branch type="IF" condition="&quot;${arg1}&quot; != &quot;None&quot; and &quot;${arg1}&quot; != &quot;nan&quot; and &quot;${arg1}&quot; != &quot;${EMPTY}&quot;">
<kw name="Replace Variables" owner="BuiltIn">
<msg time="2026-05-09T08:54:38.644117" level="INFO">${final_arg1} = xpath://label[text()='Năm học']/following-sibling::div//input</msg>
<var>${final_arg1}</var>
<arg>${arg1}</arg>
<doc>Replaces variables in the given text with their current values.</doc>
<status status="PASS" start="2026-05-09T08:54:38.643729" elapsed="0.000462"/>
</kw>
<kw name="Append To List" owner="Collections">
<arg>${args}</arg>
<arg>${final_arg1}</arg>
<doc>Adds ``values`` to the end of ``list``.</doc>
<status status="PASS" start="2026-05-09T08:54:38.644454" elapsed="0.000369"/>
</kw>
<status status="PASS" start="2026-05-09T08:54:38.642023" elapsed="0.002917"/>
</branch>
<status status="PASS" start="2026-05-09T08:54:38.641975" elapsed="0.003069"/>
</if>
<kw name="Evaluate" owner="BuiltIn">
<msg time="2026-05-09T08:54:38.645951" level="INFO">${is_empty_val} = True</msg>
<var>${is_empty_val}</var>
<arg>$arg2 is None or str($arg2).lower() == 'nan' or str($arg2) == ''</arg>
<doc>Evaluates the given expression in Python and returns the result.</doc>
<status status="PASS" start="2026-05-09T08:54:38.645278" elapsed="0.000753"/>
</kw>
<if>
<branch type="IF" condition="$is_empty_val">
<kw name="Evaluate" owner="BuiltIn">
<msg time="2026-05-09T08:54:38.646975" level="INFO">${need_second_arg} = False</msg>
<var>${need_second_arg}</var>
<arg>$keyword in ['Input Text', 'Textfield Value Should Be', 'Element Text Should Be']</arg>
<doc>Evaluates the given expression in Python and returns the result.</doc>
<status status="PASS" start="2026-05-09T08:54:38.646630" elapsed="0.000394"/>
</kw>
<if>
<branch type="IF" condition="$need_second_arg">
<kw name="Append To List" owner="Collections">
<arg>${args}</arg>
<arg>${EMPTY}</arg>
<doc>Adds ``values`` to the end of ``list``.</doc>
<status status="NOT RUN" start="2026-05-09T08:54:38.647588" elapsed="0.000078"/>
</kw>
<status status="NOT RUN" start="2026-05-09T08:54:38.647184" elapsed="0.000605"/>
</branch>
<status status="PASS" start="2026-05-09T08:54:38.647126" elapsed="0.000766"/>
</if>
<status status="PASS" start="2026-05-09T08:54:38.646246" elapsed="0.001711"/>
</branch>
<branch type="ELSE">
<kw name="Replace Variables" owner="BuiltIn">
<var>${final_arg2}</var>
<arg>${arg2}</arg>
<doc>Replaces variables in the given text with their current values.</doc>
<status status="NOT RUN" start="2026-05-09T08:54:38.648260" elapsed="0.000067"/>
</kw>
<kw name="Append To List" owner="Collections">
<arg>${args}</arg>
<arg>${final_arg2}</arg>
<doc>Adds ``values`` to the end of ``list``.</doc>
<status status="NOT RUN" start="2026-05-09T08:54:38.648562" elapsed="0.000066"/>
</kw>
<status status="NOT RUN" start="2026-05-09T08:54:38.648042" elapsed="0.000745"/>
</branch>
<status status="PASS" start="2026-05-09T08:54:38.646198" elapsed="0.002680"/>
</if>
<kw name="Log" owner="BuiltIn">
<msg time="2026-05-09T08:54:38.649460" level="INFO">THUC THI: Click Element | ARGS: ["xpath://label[text()='Năm học']/following-sibling::div//input"]</msg>
<arg>THUC THI: ${keyword} | ARGS: ${args}</arg>
<doc>Logs the given message with the given level.</doc>
<status status="PASS" start="2026-05-09T08:54:38.649069" elapsed="0.000509"/>
</kw>
<try>
<branch type="TRY">
<kw name="Run Keyword" owner="BuiltIn">
<kw name="Click Element" owner="SeleniumLibrary">
<msg time="2026-05-09T08:54:38.651012" level="INFO">Clicking element 'xpath://label[text()='Năm học']/following-sibling::div//input'.</msg>
<msg time="2026-05-09T08:54:38.806693" level="FAIL">StaleElementReferenceException: Message: stale element reference: stale element not found in the current frame
  (Session info: chrome=147.0.7727.138); For documentation on this error, please visit: https://www.selenium.dev/documentation/webdriver/troubleshooting/errors#staleelementreferenceexception
Stacktrace:
	chromedriver!GetHandleVerifier [0x7ff7115ba8e5+14e45]
	chromedriver!GetHandleVerifier [0x7ff7115ba950+14eb0]
	chromedriver!(No symbol) [0x7ff71132d6ed]
	chromedriver!(No symbol) [0x7ff711335671]
	chromedriver!(No symbol) [0x7ff711338795]
	chromedriver!(No symbol) [0x7ff71133885f]
	chromedriver!(No symbol) [0x7ff711388fc0]
	chromedriver!(No symbol) [0x7ff71137b12f]
	chromedriver!(No symbol) [0x7ff7113b002a]
	chromedriver!(No symbol) [0x7ff71137aa46]
	chromedriver!(No symbol) [0x7ff7113d483b]
	chromedriver!(No symbol) [0x7ff7113790e8]
	chromedriver!(No symbol) [0x7ff711379fc3]
	chromedriver!GetHandleVerifier [0x7ff7118d0149+32a6a9]
	chromedriver!GetHandleVerifier [0x7ff7118ca715+324c75]
	chromedriver!GetHandleVerifier [0x7ff7118ec012+346572]
	chromedriver!GetHandleVerifier [0x7ff7115d7cb5+32215]
	chromedriver!GetHandleVerifier [0x7ff7115e087c+3addc]
	chromedriver!GetHandleVerifier [0x7ff7115c40e4+1e644]
	chromedriver!GetHandleVerifier [0x7ff7115c4296+1e7f6]
	chromedriver!GetHandleVerifier [0x7ff7115a8737+2c97]
	KERNEL32!BaseThreadInitThunk [0x7ffc063de957+17]
	ntdll!RtlUserThreadStart [0x7ffc07a2427c+2c]
</msg>
<arg>@{args}</arg>
<doc>Click the element identified by ``locator``.</doc>
<status status="FAIL" start="2026-05-09T08:54:38.650476" elapsed="0.168445">StaleElementReferenceException: Message: stale element reference: stale element not found in the current frame
  (Session info: chrome=147.0.7727.138); For documentation on this error, please visit: https://www.selenium.dev/documentation/webdriver/troubleshooting/errors#staleelementreferenceexception
Stacktrace:
	chromedriver!GetHandleVerifier [0x7ff7115ba8e5+14e45]
	chromedriver!GetHandleVerifier [0x7ff7115ba950+14eb0]
	chromedriver!(No symbol) [0x7ff71132d6ed]
	chromedriver!(No symbol) [0x7ff711335671]
	chromedriver!(No symbol) [0x7ff711338795]
	chromedriver!(No symbol) [0x7ff71133885f]
	chromedriver!(No symbol) [0x7ff711388fc0]
	chromedriver!(No symbol) [0x7ff71137b12f]
	chromedriver!(No symbol) [0x7ff7113b002a]
	chromedriver!(No symbol) [0x7ff71137aa46]
	chromedriver!(No symbol) [0x7ff7113d483b]
	chromedriver!(No symbol) [0x7ff7113790e8]
	chromedriver!(No symbol) [0x7ff711379fc3]
	chromedriver!GetHandleVerifier [0x7ff7118d0149+32a6a9]
	chromedriver!GetHandleVerifier [0x7ff7118ca715+324c75]
	chromedriver!GetHandleVerifier [0x7ff7118ec012+346572]
	chromedriver!GetHandleVerifier [0x7ff7115d7cb5+32215]
	chromedriver!GetHandleVerifier [0x7ff7115e087c+3addc]
	chromedriver!GetHandleVerifier [0x7ff7115c40e4+1e644]
	chromedriver!GetHandleVerifier [0x7ff7115c4296+1e7f6]
	chromedriver!GetHandleVerifier [0x7ff7115a8737+2c97]
	KERNEL32!BaseThreadInitThunk [0x7ffc063de957+17]
	ntdll!RtlUserThreadStart [0x7ffc07a2427c+2c]
</status>
</kw>
<arg>${keyword}</arg>
<arg>@{args}</arg>
<doc>Executes the given keyword with the given arguments.</doc>
<status status="FAIL" start="2026-05-09T08:54:38.650025" elapsed="0.169200">StaleElementReferenceException: Message: stale element reference: stale element not found in the current frame
  (Session info: chrome=147.0.7727.138); For documentation on this error, please visit: https://www.selenium.dev/documentation/webdriver/troubleshooting/errors#staleelementreferenceexception
Stacktrace:
	chromedriver!GetHandleVerifier [0x7ff7115ba8e5+14e45]
	chromedriver!GetHandleVerifier [0x7ff7115ba950+14eb0]
	chromedriver!(No symbol) [0x7ff71132d6ed]
	chromedriver!(No symbol) [0x7ff711335671]
	chromedriver!(No symbol) [0x7ff711338795]
	chromedriver!(No symbol) [0x7ff71133885f]
	chromedriver!(No symbol) [0x7ff711388fc0]
	chromedriver!(No symbol) [0x7ff71137b12f]
	chromedriver!(No symbol) [0x7ff7113b002a]
	chromedriver!(No symbol) [0x7ff71137aa46]
	chromedriver!(No symbol) [0x7ff7113d483b]
	chromedriver!(No symbol) [0x7ff7113790e8]
	chromedriver!(No symbol) [0x7ff711379fc3]
	chromedriver!GetHandleVerifier [0x7ff7118d0149+32a6a9]
	chromedriver!GetHandleVerifier [0x7ff7118ca715+324c75]
	chromedriver!GetHandleVerifier [0x7ff7118ec012+346572]
	chromedriver!GetHandleVerifier [0x7ff7115d7cb5+32215]
	chromedriver!GetHandleVerifier [0x7ff7115e087c+3addc]
	chromedriver!GetHandleVerifier [0x7ff7115c40e4+1e644]
	chromedriver!GetHandleVerifier [0x7ff7115c4296+1e7f6]
	chromedriver!GetHandleVerifier [0x7ff7115a8737+2c97]
	KERNEL32!BaseThreadInitThunk [0x7ffc063de957+17]
	ntdll!RtlUserThreadStart [0x7ffc07a2427c+2c]
</status>
</kw>
<status status="FAIL" start="2026-05-09T08:54:38.649806" elapsed="0.169699">StaleElementReferenceException: Message: stale element reference: stale element not found in the current frame
  (Session info: chrome=147.0.7727.138); For documentation on this error, please visit: https://www.selenium.dev/documentation/webdriver/troubleshooting/errors#staleelementreferenceexception
Stacktrace:
	chromedriver!GetHandleVerifier [0x7ff7115ba8e5+14e45]
	chromedriver!GetHandleVerifier [0x7ff7115ba950+14eb0]
	chromedriver!(No symbol) [0x7ff71132d6ed]
	chromedriver!(No symbol) [0x7ff711335671]
	chromedriver!(No symbol) [0x7ff711338795]
	chromedriver!(No symbol) [0x7ff71133885f]
	chromedriver!(No symbol) [0x7ff711388fc0]
	chromedriver!(No symbol) [0x7ff71137b12f]
	chromedriver!(No symbol) [0x7ff7113b002a]
	chromedriver!(No symbol) [0x7ff71137aa46]
	chromedriver!(No symbol) [0x7ff7113d483b]
	chromedriver!(No symbol) [0x7ff7113790e8]
	chromedriver!(No symbol) [0x7ff711379fc3]
	chromedriver!GetHandleVerifier [0x7ff7118d0149+32a6a9]
	chromedriver!GetHandleVerifier [0x7ff7118ca715+324c75]
	chromedriver!GetHandleVerifier [0x7ff7118ec012+346572]
	chromedriver!GetHandleVerifier [0x7ff7115d7cb5+32215]
	chromedriver!GetHandleVerifier [0x7ff7115e087c+3addc]
	chromedriver!GetHandleVerifier [0x7ff7115c40e4+1e644]
	chromedriver!GetHandleVerifier [0x7ff7115c4296+1e7f6]
	chromedriver!GetHandleVerifier [0x7ff7115a8737+2c97]
	KERNEL32!BaseThreadInitThunk [0x7ffc063de957+17]
	ntdll!RtlUserThreadStart [0x7ffc07a2427c+2c]
</status>
</branch>
<branch type="EXCEPT" assign="${error}">
<kw name="Capture Page Screenshot" owner="SeleniumLibrary">
<msg time="2026-05-09T08:54:39.094603" level="INFO" html="true">&lt;/td&gt;&lt;/tr&gt;&lt;tr&gt;&lt;td colspan="3"&gt;&lt;a href="TC_01_Xem_TKB_day_du_failed_at_Click%20Element.png"&gt;&lt;img src="TC_01_Xem_TKB_day_du_failed_at_Click%20Element.png" width="800px"&gt;&lt;/a&gt;</msg>
<arg>filename=${TEST NAME}_failed_at_${keyword}.png</arg>
<doc>Takes a screenshot of the current page and embeds it into a log file.</doc>
<status status="PASS" start="2026-05-09T08:54:38.820095" elapsed="0.274727"/>
</kw>
<kw name="Fail" owner="BuiltIn">
<msg time="2026-05-09T08:54:39.096160" level="FAIL">Dừng tại bước: Click Element do lỗi: StaleElementReferenceException: Message: stale element reference: stale element not found in the current frame
  (Session info: chrome=147.0.7727.138); For documentation on this error, please visit: https://www.selenium.dev/documentation/webdriver/troubleshooting/errors#staleelementreferenceexception
Stacktrace:
	chromedriver!GetHandleVerifier [0x7ff7115ba8e5+14e45]
	chromedriver!GetHandleVerifier [0x7ff7115ba950+14eb0]
	chromedriver!(No symbol) [0x7ff71132d6ed]
	chromedriver!(No symbol) [0x7ff711335671]
	chromedriver!(No symbol) [0x7ff711338795]
	chromedriver!(No symbol) [0x7ff71133885f]
	chromedriver!(No symbol) [0x7ff711388fc0]
	chromedriver!(No symbol) [0x7ff71137b12f]
	chromedriver!(No symbol) [0x7ff7113b002a]
	chromedriver!(No symbol) [0x7ff71137aa46]
	chromedriver!(No symbol) [0x7ff7113d483b]
	chromedriver!(No symbol) [0x7ff7113790e8]
	chromedriver!(No symbol) [0x7ff711379fc3]
	chromedriver!GetHandleVerifier [0x7ff7118d0149+32a6a9]
	chromedriver!GetHandleVerifier [0x7ff7118ca715+324c75]
	chromedriver!GetHandleVerifier [0x7ff7118ec012+346572]
	chromedriver!GetHandleVerifier [0x7ff7115d7cb5+32215]
	chromedriver!GetHandleVerifier [0x7ff7115e087c+3addc]
	chromedriver!GetHandleVerifier [0x7ff7115c40e4+1e644]
	chromedriver!GetHandleVerifier [0x7ff7115c4296+1e7f6]
	chromedriver!GetHandleVerifier [0x7ff7115a8737+2c97]
	KERNEL32!BaseThreadInitThunk [0x7ffc063de957+17]
	ntdll!RtlUserThreadStart [0x7ffc07a2427c+2c]
</msg>
<arg>Dừng tại bước: ${keyword} do lỗi: ${error}</arg>
<doc>Fails the test with the given message and optionally alters its tags.</doc>
<status status="FAIL" start="2026-05-09T08:54:39.095158" elapsed="0.001318">Dừng tại bước: Click Element do lỗi: StaleElementReferenceException: Message: stale element reference: stale element not found in the current frame
  (Session info: chrome=147.0.7727.138); For documentation on this error, please visit: https://www.selenium.dev/documentation/webdriver/troubleshooting/errors#staleelementreferenceexception
Stacktrace:
	chromedriver!GetHandleVerifier [0x7ff7115ba8e5+14e45]
	chromedriver!GetHandleVerifier [0x7ff7115ba950+14eb0]
	chromedriver!(No symbol) [0x7ff71132d6ed]
	chromedriver!(No symbol) [0x7ff711335671]
	chromedriver!(No symbol) [0x7ff711338795]
	chromedriver!(No symbol) [0x7ff71133885f]
	chromedriver!(No symbol) [0x7ff711388fc0]
	chromedriver!(No symbol) [0x7ff71137b12f]
	chromedriver!(No symbol) [0x7ff7113b002a]
	chromedriver!(No symbol) [0x7ff71137aa46]
	chromedriver!(No symbol) [0x7ff7113d483b]
	chromedriver!(No symbol) [0x7ff7113790e8]
	chromedriver!(No symbol) [0x7ff711379fc3]
	chromedriver!GetHandleVerifier [0x7ff7118d0149+32a6a9]
	chromedriver!GetHandleVerifier [0x7ff7118ca715+324c75]
	chromedriver!GetHandleVerifier [0x7ff7118ec012+346572]
	chromedriver!GetHandleVerifier [0x7ff7115d7cb5+32215]
	chromedriver!GetHandleVerifier [0x7ff7115e087c+3addc]
	chromedriver!GetHandleVerifier [0x7ff7115c40e4+1e644]
	chromedriver!GetHandleVerifier [0x7ff7115c4296+1e7f6]
	chromedriver!GetHandleVerifier [0x7ff7115a8737+2c97]
	KERNEL32!BaseThreadInitThunk [0x7ffc063de957+17]
	ntdll!RtlUserThreadStart [0x7ffc07a2427c+2c]
</status>
</kw>
<status status="FAIL" start="2026-05-09T08:54:38.819785" elapsed="0.276959">Dừng tại bước: Click Element do lỗi: StaleElementReferenceException: Message: stale element reference: stale element not found in the current frame
  (Session info: chrome=147.0.7727.138); For documentation on this error, please visit: https://www.selenium.dev/documentation/webdriver/troubleshooting/errors#staleelementreferenceexception
Stacktrace:
	chromedriver!GetHandleVerifier [0x7ff7115ba8e5+14e45]
	chromedriver!GetHandleVerifier [0x7ff7115ba950+14eb0]
	chromedriver!(No symbol) [0x7ff71132d6ed]
	chromedriver!(No symbol) [0x7ff711335671]
	chromedriver!(No symbol) [0x7ff711338795]
	chromedriver!(No symbol) [0x7ff71133885f]
	chromedriver!(No symbol) [0x7ff711388fc0]
	chromedriver!(No symbol) [0x7ff71137b12f]
	chromedriver!(No symbol) [0x7ff7113b002a]
	chromedriver!(No symbol) [0x7ff71137aa46]
	chromedriver!(No symbol) [0x7ff7113d483b]
	chromedriver!(No symbol) [0x7ff7113790e8]
	chromedriver!(No symbol) [0x7ff711379fc3]
	chromedriver!GetHandleVerifier [0x7ff7118d0149+32a6a9]
	chromedriver!GetHandleVerifier [0x7ff7118ca715+324c75]
	chromedriver!GetHandleVerifier [0x7ff7118ec012+346572]
	chromedriver!GetHandleVerifier [0x7ff7115d7cb5+32215]
	chromedriver!GetHandleVerifier [0x7ff7115e087c+3addc]
	chromedriver!GetHandleVerifier [0x7ff7115c40e4+1e644]
	chromedriver!GetHandleVerifier [0x7ff7115c4296+1e7f6]
	chromedriver!GetHandleVerifier [0x7ff7115a8737+2c97]
	KERNEL32!BaseThreadInitThunk [0x7ffc063de957+17]
	ntdll!RtlUserThreadStart [0x7ffc07a2427c+2c]
</status>
</branch>
<status status="FAIL" start="2026-05-09T08:54:38.649725" elapsed="0.447219">Dừng tại bước: Click Element do lỗi: StaleElementReferenceException: Message: stale element reference: stale element not found in the current frame
  (Session info: chrome=147.0.7727.138); For documentation on this error, please visit: https://www.selenium.dev/documentation/webdriver/troubleshooting/errors#staleelementreferenceexception
Stacktrace:
	chromedriver!GetHandleVerifier [0x7ff7115ba8e5+14e45]
	chromedriver!GetHandleVerifier [0x7ff7115ba950+14eb0]
	chromedriver!(No symbol) [0x7ff71132d6ed]
	chromedriver!(No symbol) [0x7ff711335671]
	chromedriver!(No symbol) [0x7ff711338795]
	chromedriver!(No symbol) [0x7ff71133885f]
	chromedriver!(No symbol) [0x7ff711388fc0]
	chromedriver!(No symbol) [0x7ff71137b12f]
	chromedriver!(No symbol) [0x7ff7113b002a]
	chromedriver!(No symbol) [0x7ff71137aa46]
	chromedriver!(No symbol) [0x7ff7113d483b]
	chromedriver!(No symbol) [0x7ff7113790e8]
	chromedriver!(No symbol) [0x7ff711379fc3]
	chromedriver!GetHandleVerifier [0x7ff7118d0149+32a6a9]
	chromedriver!GetHandleVerifier [0x7ff7118ca715+324c75]
	chromedriver!GetHandleVerifier [0x7ff7118ec012+346572]
	chromedriver!GetHandleVerifier [0x7ff7115d7cb5+32215]
	chromedriver!GetHandleVerifier [0x7ff7115e087c+3addc]
	chromedriver!GetHandleVerifier [0x7ff7115c40e4+1e644]
	chromedriver!GetHandleVerifier [0x7ff7115c4296+1e7f6]
	chromedriver!GetHandleVerifier [0x7ff7115a8737+2c97]
	KERNEL32!BaseThreadInitThunk [0x7ffc063de957+17]
	ntdll!RtlUserThreadStart [0x7ffc07a2427c+2c]
</status>
</try>
<arg>${k}</arg>
<arg>${a1}</arg>
<arg>${a2}</arg>
<status status="FAIL" start="2026-05-09T08:54:38.635832" elapsed="0.461456">Dừng tại bước: Click Element do lỗi: StaleElementReferenceException: Message: stale element reference: stale element not found in the current frame
  (Session info: chrome=147.0.7727.138); For documentation on this error, please visit: https://www.selenium.dev/documentation/webdriver/troubleshooting/errors#staleelementreferenceexception
Stacktrace:
	chromedriver!GetHandleVerifier [0x7ff7115ba8e5+14e45]
	chromedriver!GetHandleVerifier [0x7ff7115ba950+14eb0]
	chromedriver!(No symbol) [0x7ff71132d6ed]
	chromedriver!(No symbol) [0x7ff711335671]
	chromedriver!(No symbol) [0x7ff711338795]
	chromedriver!(No symbol) [0x7ff71133885f]
	chromedriver!(No symbol) [0x7ff711388fc0]
	chromedriver!(No symbol) [0x7ff71137b12f]
	chromedriver!(No symbol) [0x7ff7113b002a]
	chromedriver!(No symbol) [0x7ff71137aa46]
	chromedriver!(No symbol) [0x7ff7113d483b]
	chromedriver!(No symbol) [0x7ff7113790e8]
	chromedriver!(No symbol) [0x7ff711379fc3]
	chromedriver!GetHandleVerifier [0x7ff7118d0149+32a6a9]
	chromedriver!GetHandleVerifier [0x7ff7118ca715+324c75]
	chromedriver!GetHandleVerifier [0x7ff7118ec012+346572]
	chromedriver!GetHandleVerifier [0x7ff7115d7cb5+32215]
	chromedriver!GetHandleVerifier [0x7ff7115e087c+3addc]
	chromedriver!GetHandleVerifier [0x7ff7115c40e4+1e644]
	chromedriver!GetHandleVerifier [0x7ff7115c4296+1e7f6]
	chromedriver!GetHandleVerifier [0x7ff7115a8737+2c97]
	KERNEL32!BaseThreadInitThunk [0x7ffc063de957+17]
	ntdll!RtlUserThreadStart [0x7ffc07a2427c+2c]
</status>
</kw>
<status status="FAIL" start="2026-05-09T08:54:38.632999" elapsed="0.464517">Dừng tại bước: Click Element do lỗi: StaleElementReferenceException: Message: stale element reference: stale element not found in the current frame
  (Session info: chrome=147.0.7727.138); For documentation on this error, please visit: https://www.selenium.dev/documentation/webdriver/troubleshooting/errors#staleelementreferenceexception
Stacktrace:
	chromedriver!GetHandleVerifier [0x7ff7115ba8e5+14e45]
	chromedriver!GetHandleVerifier [0x7ff7115ba950+14eb0]
	chromedriver!(No symbol) [0x7ff71132d6ed]
	chromedriver!(No symbol) [0x7ff711335671]
	chromedriver!(No symbol) [0x7ff711338795]
	chromedriver!(No symbol) [0x7ff71133885f]
	chromedriver!(No symbol) [0x7ff711388fc0]
	chromedriver!(No symbol) [0x7ff71137b12f]
	chromedriver!(No symbol) [0x7ff7113b002a]
	chromedriver!(No symbol) [0x7ff71137aa46]
	chromedriver!(No symbol) [0x7ff7113d483b]
	chromedriver!(No symbol) [0x7ff7113790e8]
	chromedriver!(No symbol) [0x7ff711379fc3]
	chromedriver!GetHandleVerifier [0x7ff7118d0149+32a6a9]
	chromedriver!GetHandleVerifier [0x7ff7118ca715+324c75]
	chromedriver!GetHandleVerifier [0x7ff7118ec012+346572]
	chromedriver!GetHandleVerifier [0x7ff7115d7cb5+32215]
	chromedriver!GetHandleVerifier [0x7ff7115e087c+3addc]
	chromedriver!GetHandleVerifier [0x7ff7115c40e4+1e644]
	chromedriver!GetHandleVerifier [0x7ff7115c4296+1e7f6]
	chromedriver!GetHandleVerifier [0x7ff7115a8737+2c97]
	KERNEL32!BaseThreadInitThunk [0x7ffc063de957+17]
	ntdll!RtlUserThreadStart [0x7ffc07a2427c+2c]
</status>
</branch>
<status status="FAIL" start="2026-05-09T08:54:38.632872" elapsed="0.464809">Dừng tại bước: Click Element do lỗi: StaleElementReferenceException: Message: stale element reference: stale element not found in the current frame
  (Session info: chrome=147.0.7727.138); For documentation on this error, please visit: https://www.selenium.dev/documentation/webdriver/troubleshooting/errors#staleelementreferenceexception
Stacktrace:
	chromedriver!GetHandleVerifier [0x7ff7115ba8e5+14e45]
	chromedriver!GetHandleVerifier [0x7ff7115ba950+14eb0]
	chromedriver!(No symbol) [0x7ff71132d6ed]
	chromedriver!(No symbol) [0x7ff711335671]
	chromedriver!(No symbol) [0x7ff711338795]
	chromedriver!(No symbol) [0x7ff71133885f]
	chromedriver!(No symbol) [0x7ff711388fc0]
	chromedriver!(No symbol) [0x7ff71137b12f]
	chromedriver!(No symbol) [0x7ff7113b002a]
	chromedriver!(No symbol) [0x7ff71137aa46]
	chromedriver!(No symbol) [0x7ff7113d483b]
	chromedriver!(No symbol) [0x7ff7113790e8]
	chromedriver!(No symbol) [0x7ff711379fc3]
	chromedriver!GetHandleVerifier [0x7ff7118d0149+32a6a9]
	chromedriver!GetHandleVerifier [0x7ff7118ca715+324c75]
	chromedriver!GetHandleVerifier [0x7ff7118ec012+346572]
	chromedriver!GetHandleVerifier [0x7ff7115d7cb5+32215]
	chromedriver!GetHandleVerifier [0x7ff7115e087c+3addc]
	chromedriver!GetHandleVerifier [0x7ff7115c40e4+1e644]
	chromedriver!GetHandleVerifier [0x7ff7115c4296+1e7f6]
	chromedriver!GetHandleVerifier [0x7ff7115a8737+2c97]
	KERNEL32!BaseThreadInitThunk [0x7ffc063de957+17]
	ntdll!RtlUserThreadStart [0x7ffc07a2427c+2c]
</status>
</if>
<var name="${i}">2</var>
<status status="FAIL" start="2026-05-09T08:54:38.630180" elapsed="0.467665">Dừng tại bước: Click Element do lỗi: StaleElementReferenceException: Message: stale element reference: stale element not found in the current frame
  (Session info: chrome=147.0.7727.138); For documentation on this error, please visit: https://www.selenium.dev/documentation/webdriver/troubleshooting/errors#staleelementreferenceexception
Stacktrace:
	chromedriver!GetHandleVerifier [0x7ff7115ba8e5+14e45]
	chromedriver!GetHandleVerifier [0x7ff7115ba950+14eb0]
	chromedriver!(No symbol) [0x7ff71132d6ed]
	chromedriver!(No symbol) [0x7ff711335671]
	chromedriver!(No symbol) [0x7ff711338795]
	chromedriver!(No symbol) [0x7ff71133885f]
	chromedriver!(No symbol) [0x7ff711388fc0]
	chromedriver!(No symbol) [0x7ff71137b12f]
	chromedriver!(No symbol) [0x7ff7113b002a]
	chromedriver!(No symbol) [0x7ff71137aa46]
	chromedriver!(No symbol) [0x7ff7113d483b]
	chromedriver!(No symbol) [0x7ff7113790e8]
	chromedriver!(No symbol) [0x7ff711379fc3]
	chromedriver!GetHandleVerifier [0x7ff7118d0149+32a6a9]
	chromedriver!GetHandleVerifier [0x7ff7118ca715+324c75]
	chromedriver!GetHandleVerifier [0x7ff7118ec012+346572]
	chromedriver!GetHandleVerifier [0x7ff7115d7cb5+32215]
	chromedriver!GetHandleVerifier [0x7ff7115e087c+3addc]
	chromedriver!GetHandleVerifier [0x7ff7115c40e4+1e644]
	chromedriver!GetHandleVerifier [0x7ff7115c4296+1e7f6]
	chromedriver!GetHandleVerifier [0x7ff7115a8737+2c97]
	KERNEL32!BaseThreadInitThunk [0x7ffc063de957+17]
	ntdll!RtlUserThreadStart [0x7ffc07a2427c+2c]
</status>
</iter>
<var>${i}</var>
<value>1</value>
<value>10</value>
<status status="FAIL" start="2026-05-09T08:54:38.466329" elapsed="0.631743">Dừng tại bước: Click Element do lỗi: StaleElementReferenceException: Message: stale element reference: stale element not found in the current frame
  (Session info: chrome=147.0.7727.138); For documentation on this error, please visit: https://www.selenium.dev/documentation/webdriver/troubleshooting/errors#staleelementreferenceexception
Stacktrace:
	chromedriver!GetHandleVerifier [0x7ff7115ba8e5+14e45]
	chromedriver!GetHandleVerifier [0x7ff7115ba950+14eb0]
	chromedriver!(No symbol) [0x7ff71132d6ed]
	chromedriver!(No symbol) [0x7ff711335671]
	chromedriver!(No symbol) [0x7ff711338795]
	chromedriver!(No symbol) [0x7ff71133885f]
	chromedriver!(No symbol) [0x7ff711388fc0]
	chromedriver!(No symbol) [0x7ff71137b12f]
	chromedriver!(No symbol) [0x7ff7113b002a]
	chromedriver!(No symbol) [0x7ff71137aa46]
	chromedriver!(No symbol) [0x7ff7113d483b]
	chromedriver!(No symbol) [0x7ff7113790e8]
	chromedriver!(No symbol) [0x7ff711379fc3]
	chromedriver!GetHandleVerifier [0x7ff7118d0149+32a6a9]
	chromedriver!GetHandleVerifier [0x7ff7118ca715+324c75]
	chromedriver!GetHandleVerifier [0x7ff7118ec012+346572]
	chromedriver!GetHandleVerifier [0x7ff7115d7cb5+32215]
	chromedriver!GetHandleVerifier [0x7ff7115e087c+3addc]
	chromedriver!GetHandleVerifier [0x7ff7115c40e4+1e644]
	chromedriver!GetHandleVerifier [0x7ff7115c4296+1e7f6]
	chromedriver!GetHandleVerifier [0x7ff7115a8737+2c97]
	KERNEL32!BaseThreadInitThunk [0x7ffc063de957+17]
	ntdll!RtlUserThreadStart [0x7ffc07a2427c+2c]
</status>
</for>
<arg>Step1_Keyword=Click Element</arg>
<arg>Step1_Arg1=${LNK_TKB_GV}</arg>
<arg>Step1_Arg2=</arg>
<arg>Step2_Keyword=Click Element</arg>
<arg>Step2_Arg1=${INPUT_YEAR}</arg>
<arg>Step2_Arg2=</arg>
<arg>Step3_Keyword=Click Element</arg>
<arg>Step3_Arg1=xpath=//li[.='2024-2025']</arg>
<arg>Step3_Arg2=</arg>
<arg>Step4_Keyword=Click Element</arg>
<arg>Step4_Arg1=${INPUT_SEMESTER}</arg>
<arg>Step4_Arg2=</arg>
<arg>Step5_Keyword=Click Element</arg>
<arg>Step5_Arg1=xpath=//li[.='Học kỳ 1']</arg>
<arg>Step5_Arg2=</arg>
<arg>Step6_Keyword=Input Text</arg>
<arg>Step6_Arg1=${INPUT_LECTURER_ID}</arg>
<arg>Step6_Arg2=1</arg>
<arg>Step7_Keyword=Click Element</arg>
<arg>Step7_Arg1=${BTN_FILTER}</arg>
<arg>Step7_Arg2=</arg>
<arg>Step8_Keyword=Wait Until Element Is Visible</arg>
<arg>Step8_Arg1=${TABLE_SCHEDULE}</arg>
<arg>Step8_Arg2=</arg>
<arg>Step9_Keyword=</arg>
<arg>Step9_Arg1=</arg>
<arg>Step9_Arg2=</arg>
<status status="FAIL" start="2026-05-09T08:54:38.464794" elapsed="0.633618">Dừng tại bước: Click Element do lỗi: StaleElementReferenceException: Message: stale element reference: stale element not found in the current frame
  (Session info: chrome=147.0.7727.138); For documentation on this error, please visit: https://www.selenium.dev/documentation/webdriver/troubleshooting/errors#staleelementreferenceexception
Stacktrace:
	chromedriver!GetHandleVerifier [0x7ff7115ba8e5+14e45]
	chromedriver!GetHandleVerifier [0x7ff7115ba950+14eb0]
	chromedriver!(No symbol) [0x7ff71132d6ed]
	chromedriver!(No symbol) [0x7ff711335671]
	chromedriver!(No symbol) [0x7ff711338795]
	chromedriver!(No symbol) [0x7ff71133885f]
	chromedriver!(No symbol) [0x7ff711388fc0]
	chromedriver!(No symbol) [0x7ff71137b12f]
	chromedriver!(No symbol) [0x7ff7113b002a]
	chromedriver!(No symbol) [0x7ff71137aa46]
	chromedriver!(No symbol) [0x7ff7113d483b]
	chromedriver!(No symbol) [0x7ff7113790e8]
	chromedriver!(No symbol) [0x7ff711379fc3]
	chromedriver!GetHandleVerifier [0x7ff7118d0149+32a6a9]
	chromedriver!GetHandleVerifier [0x7ff7118ca715+324c75]
	chromedriver!GetHandleVerifier [0x7ff7118ec012+346572]
	chromedriver!GetHandleVerifier [0x7ff7115d7cb5+32215]
	chromedriver!GetHandleVerifier [0x7ff7115e087c+3addc]
	chromedriver!GetHandleVerifier [0x7ff7115c40e4+1e644]
	chromedriver!GetHandleVerifier [0x7ff7115c4296+1e7f6]
	chromedriver!GetHandleVerifier [0x7ff7115a8737+2c97]
	KERNEL32!BaseThreadInitThunk [0x7ffc063de957+17]
	ntdll!RtlUserThreadStart [0x7ffc07a2427c+2c]
</status>
</kw>
<kw name="Dong Trinh Duyet" type="TEARDOWN">
<kw name="Close Browser" owner="SeleniumLibrary">
<doc>Closes the current browser.</doc>
<status status="PASS" start="2026-05-09T08:54:39.100803" elapsed="2.392266"/>
</kw>
<status status="PASS" start="2026-05-09T08:54:39.100166" elapsed="2.393162"/>
</kw>
<status status="FAIL" start="2026-05-09T08:54:36.370990" elapsed="5.122971">Dừng tại bước: Click Element do lỗi: StaleElementReferenceException: Message: stale element reference: stale element not found in the current frame
  (Session info: chrome=147.0.7727.138); For documentation on this error, please visit: https://www.selenium.dev/documentation/webdriver/troubleshooting/errors#staleelementreferenceexception
Stacktrace:
	chromedriver!GetHandleVerifier [0x7ff7115ba8e5+14e45]
	chromedriver!GetHandleVerifier [0x7ff7115ba950+14eb0]
	chromedriver!(No symbol) [0x7ff71132d6ed]
	chromedriver!(No symbol) [0x7ff711335671]
	chromedriver!(No symbol) [0x7ff711338795]
	chromedriver!(No symbol) [0x7ff71133885f]
	chromedriver!(No symbol) [0x7ff711388fc0]
	chromedriver!(No symbol) [0x7ff71137b12f]
	chromedriver!(No symbol) [0x7ff7113b002a]
	chromedriver!(No symbol) [0x7ff71137aa46]
	chromedriver!(No symbol) [0x7ff7113d483b]
	chromedriver!(No symbol) [0x7ff7113790e8]
	chromedriver!(No symbol) [0x7ff711379fc3]
	chromedriver!GetHandleVerifier [0x7ff7118d0149+32a6a9]
	chromedriver!GetHandleVerifier [0x7ff7118ca715+324c75]
	chromedriver!GetHandleVerifier [0x7ff7118ec012+346572]
	chromedriver!GetHandleVerifier [0x7ff7115d7cb5+32215]
	chromedriver!GetHandleVerifier [0x7ff7115e087c+3addc]
	chromedriver!GetHandleVerifier [0x7ff7115c40e4+1e644]
	chromedriver!GetHandleVerifier [0x7ff7115c4296+1e7f6]
	chromedriver!GetHandleVerifier [0x7ff7115a8737+2c97]
	KERNEL32!BaseThreadInitThunk [0x7ffc063de957+17]
	ntdll!RtlUserThreadStart [0x7ffc07a2427c+2c]
</status>
</test>
<test id="s1-t2" name="TC_02_Xem_TKB_chi_chon_bat_buoc" line="19">
<kw name="Mo Trinh Duyet" type="SETUP">
<kw name="Open Browser" owner="SeleniumLibrary">
<msg time="2026-05-09T08:54:41.498447" level="INFO">Opening browser 'chrome' to base url 'https://daotao.qnu.edu.vn'.</msg>
<arg>${URL_QNU}</arg>
<arg>${BROWSER}</arg>
<doc>Opens a new browser instance to the optional ``url``.</doc>
<status status="PASS" start="2026-05-09T08:54:41.497960" elapsed="2.003422"/>
</kw>
<kw name="Maximize Browser Window" owner="SeleniumLibrary">
<doc>Maximizes current browser window.</doc>
<status status="PASS" start="2026-05-09T08:54:43.501805" elapsed="0.117128"/>
</kw>
<kw name="Set Selenium Implicit Wait" owner="SeleniumLibrary">
<arg>5s</arg>
<doc>Sets the implicit wait value used by Selenium.</doc>
<status status="PASS" start="2026-05-09T08:54:43.619228" elapsed="0.001937"/>
</kw>
<status status="PASS" start="2026-05-09T08:54:41.497411" elapsed="2.123983"/>
</kw>
<kw name="Xu Ly Kich Ban Kiem Thu">
<for flavor="IN RANGE">
<iter>
<kw name="Get Variable Value" owner="BuiltIn">
<msg time="2026-05-09T08:54:43.625471" level="INFO">${k} = Click Element</msg>
<var>${k}</var>
<arg>\${Step${i}_Keyword}</arg>
<doc>Returns variable value or ``default`` if the variable does not exist.</doc>
<status status="PASS" start="2026-05-09T08:54:43.624938" elapsed="0.000611"/>
</kw>
<kw name="Get Variable Value" owner="BuiltIn">
<msg time="2026-05-09T08:54:43.626303" level="INFO">${a1} = xpath://a[contains(text(),'THỜI KHÓA BIỂU GIẢNG VIÊN')]</msg>
<var>${a1}</var>
<arg>\${Step${i}_Arg1}</arg>
<doc>Returns variable value or ``default`` if the variable does not exist.</doc>
<status status="PASS" start="2026-05-09T08:54:43.625842" elapsed="0.000538"/>
</kw>
<kw name="Get Variable Value" owner="BuiltIn">
<msg time="2026-05-09T08:54:43.627136" level="INFO">${a2} = </msg>
<var>${a2}</var>
<arg>\${Step${i}_Arg2}</arg>
<doc>Returns variable value or ``default`` if the variable does not exist.</doc>
<status status="PASS" start="2026-05-09T08:54:43.626676" elapsed="0.000531"/>
</kw>
<if>
<branch type="IF" condition="$k != &quot;&quot; and $k is not None">
<kw name="Log To Console" owner="BuiltIn">
<arg>\n--- Buoc ${i}: ${k} ---</arg>
<doc>Logs the given message to the console.</doc>
<status status="PASS" start="2026-05-09T08:54:43.627943" elapsed="0.000588"/>
</kw>
<kw name="Thuc Thi Buoc Kiem Thu">
<kw name="Run Keyword And Return Status" owner="BuiltIn">
<kw name="Keyword Should Exist" owner="BuiltIn">
<arg>${keyword}</arg>
<doc>Fails unless the given keyword exists in the current scope.</doc>
<status status="PASS" start="2026-05-09T08:54:43.631572" elapsed="0.000572"/>
</kw>
<msg time="2026-05-09T08:54:43.632412" level="INFO">${exists} = True</msg>
<var>${exists}</var>
<arg>Keyword Should Exist</arg>
<arg>${keyword}</arg>
<doc>Runs the given keyword with given arguments and returns the status as a Boolean value.</doc>
<status status="PASS" start="2026-05-09T08:54:43.630744" elapsed="0.001756"/>
</kw>
<if>
<branch type="IF" condition="not ${exists}">
<kw name="Fail" owner="BuiltIn">
<arg>Keyword không tồn tại: ${keyword}</arg>
<doc>Fails the test with the given message and optionally alters its tags.</doc>
<status status="NOT RUN" start="2026-05-09T08:54:43.633302" elapsed="0.000085"/>
</kw>
<status status="NOT RUN" start="2026-05-09T08:54:43.632745" elapsed="0.000765"/>
</branch>
<status status="PASS" start="2026-05-09T08:54:43.632671" elapsed="0.000947"/>
</if>
<kw name="Replace Variables" owner="BuiltIn">
<msg time="2026-05-09T08:54:43.634643" level="INFO">${final_arg1} = xpath://a[contains(text(),'THỜI KHÓA BIỂU GIẢNG VIÊN')]</msg>
<var>${final_arg1}</var>
<arg>${arg1}</arg>
<doc>Replaces variables in the given text with their current values.</doc>
<status status="PASS" start="2026-05-09T08:54:43.633822" elapsed="0.000931"/>
</kw>
<kw name="Replace Variables" owner="BuiltIn">
<msg time="2026-05-09T08:54:43.635487" level="INFO">${final_arg2} = </msg>
<var>${final_arg2}</var>
<arg>${arg2}</arg>
<doc>Replaces variables in the given text with their current values.</doc>
<status status="PASS" start="2026-05-09T08:54:43.635096" elapsed="0.000463"/>
</kw>
<kw name="Create List" owner="BuiltIn">
<msg time="2026-05-09T08:54:43.636132" level="INFO">@{args} = [ ]</msg>
<var>@{args}</var>
<doc>Returns a list containing given items.</doc>
<status status="PASS" start="2026-05-09T08:54:43.635819" elapsed="0.000387"/>
</kw>
<if>
<branch type="IF" condition="&quot;${arg1}&quot; != &quot;None&quot; and &quot;${arg1}&quot; != &quot;nan&quot; and &quot;${arg1}&quot; != &quot;${EMPTY}&quot;">
<kw name="Replace Variables" owner="BuiltIn">
<msg time="2026-05-09T08:54:43.639333" level="INFO">${final_arg1} = xpath://a[contains(text(),'THỜI KHÓA BIỂU GIẢNG VIÊN')]</msg>
<var>${final_arg1}</var>
<arg>${arg1}</arg>
<doc>Replaces variables in the given text with their current values.</doc>
<status status="PASS" start="2026-05-09T08:54:43.638872" elapsed="0.000550"/>
</kw>
<kw name="Append To List" owner="Collections">
<arg>${args}</arg>
<arg>${final_arg1}</arg>
<doc>Adds ``values`` to the end of ``list``.</doc>
<status status="PASS" start="2026-05-09T08:54:43.639732" elapsed="0.000418"/>
</kw>
<status status="PASS" start="2026-05-09T08:54:43.636407" elapsed="0.003888"/>
</branch>
<status status="PASS" start="2026-05-09T08:54:43.636360" elapsed="0.004054"/>
</if>
<kw name="Evaluate" owner="BuiltIn">
<msg time="2026-05-09T08:54:43.643417" level="INFO">${is_empty_val} = True</msg>
<var>${is_empty_val}</var>
<arg>$arg2 is None or str($arg2).lower() == 'nan' or str($arg2) == ''</arg>
<doc>Evaluates the given expression in Python and returns the result.</doc>
<status status="PASS" start="2026-05-09T08:54:43.641683" elapsed="0.001883"/>
</kw>
<if>
<branch type="IF" condition="$is_empty_val">
<kw name="Evaluate" owner="BuiltIn">
<msg time="2026-05-09T08:54:43.645005" level="INFO">${need_second_arg} = False</msg>
<var>${need_second_arg}</var>
<arg>$keyword in ['Input Text', 'Textfield Value Should Be', 'Element Text Should Be']</arg>
<doc>Evaluates the given expression in Python and returns the result.</doc>
<status status="PASS" start="2026-05-09T08:54:43.644361" elapsed="0.000728"/>
</kw>
<if>
<branch type="IF" condition="$need_second_arg">
<kw name="Append To List" owner="Collections">
<arg>${args}</arg>
<arg>${EMPTY}</arg>
<doc>Adds ``values`` to the end of ``list``.</doc>
<status status="NOT RUN" start="2026-05-09T08:54:43.645704" elapsed="0.000079"/>
</kw>
<status status="NOT RUN" start="2026-05-09T08:54:43.645306" elapsed="0.000597"/>
</branch>
<status status="PASS" start="2026-05-09T08:54:43.645258" elapsed="0.000751"/>
</if>
<status status="PASS" start="2026-05-09T08:54:43.643863" elapsed="0.002212"/>
</branch>
<branch type="ELSE">
<kw name="Replace Variables" owner="BuiltIn">
<var>${final_arg2}</var>
<arg>${arg2}</arg>
<doc>Replaces variables in the given text with their current values.</doc>
<status status="NOT RUN" start="2026-05-09T08:54:43.646397" elapsed="0.000073"/>
</kw>
<kw name="Append To List" owner="Collections">
<arg>${args}</arg>
<arg>${final_arg2}</arg>
<doc>Adds ``values`` to the end of ``list``.</doc>
<status status="NOT RUN" start="2026-05-09T08:54:43.646734" elapsed="0.000071"/>
</kw>
<status status="NOT RUN" start="2026-05-09T08:54:43.646170" elapsed="0.000743"/>
</branch>
<status status="PASS" start="2026-05-09T08:54:43.643797" elapsed="0.003208"/>
</if>
<kw name="Log" owner="BuiltIn">
<msg time="2026-05-09T08:54:43.647635" level="INFO">THUC THI: Click Element | ARGS: ["xpath://a[contains(text(),'THỜI KHÓA BIỂU GIẢNG VIÊN')]"]</msg>
<arg>THUC THI: ${keyword} | ARGS: ${args}</arg>
<doc>Logs the given message with the given level.</doc>
<status status="PASS" start="2026-05-09T08:54:43.647217" elapsed="0.000553"/>
</kw>
<try>
<branch type="TRY">
<kw name="Run Keyword" owner="BuiltIn">
<kw name="Click Element" owner="SeleniumLibrary">
<msg time="2026-05-09T08:54:43.649474" level="INFO">Clicking element 'xpath://a[contains(text(),'THỜI KHÓA BIỂU GIẢNG VIÊN')]'.</msg>
<arg>@{args}</arg>
<doc>Click the element identified by ``locator``.</doc>
<status status="PASS" start="2026-05-09T08:54:43.648791" elapsed="0.114509"/>
</kw>
<arg>${keyword}</arg>
<arg>@{args}</arg>
<doc>Executes the given keyword with the given arguments.</doc>
<status status="PASS" start="2026-05-09T08:54:43.648257" elapsed="0.115290"/>
</kw>
<status status="PASS" start="2026-05-09T08:54:43.648016" elapsed="0.115681"/>
</branch>
<branch type="EXCEPT" assign="${error}">
<kw name="Capture Page Screenshot" owner="SeleniumLibrary">
<arg>filename=${TEST NAME}_failed_at_${keyword}.png</arg>
<doc>Takes a screenshot of the current page and embeds it into a log file.</doc>
<status status="NOT RUN" start="2026-05-09T08:54:43.764209" elapsed="0.000079"/>
</kw>
<kw name="Fail" owner="BuiltIn">
<arg>Dừng tại bước: ${keyword} do lỗi: ${error}</arg>
<doc>Fails the test with the given message and optionally alters its tags.</doc>
<status status="NOT RUN" start="2026-05-09T08:54:43.764521" elapsed="0.000070"/>
</kw>
<status status="NOT RUN" start="2026-05-09T08:54:43.763874" elapsed="0.000825"/>
</branch>
<status status="PASS" start="2026-05-09T08:54:43.647933" elapsed="0.116887"/>
</try>
<arg>${k}</arg>
<arg>${a1}</arg>
<arg>${a2}</arg>
<status status="PASS" start="2026-05-09T08:54:43.629468" elapsed="0.135487"/>
</kw>
<status status="PASS" start="2026-05-09T08:54:43.627413" elapsed="0.137660"/>
</branch>
<status status="PASS" start="2026-05-09T08:54:43.627367" elapsed="0.137808"/>
</if>
<var name="${i}">1</var>
<status status="PASS" start="2026-05-09T08:54:43.624603" elapsed="0.140632"/>
</iter>
<iter>
<kw name="Get Variable Value" owner="BuiltIn">
<msg time="2026-05-09T08:54:43.766473" level="INFO">${k} = Input Text</msg>
<var>${k}</var>
<arg>\${Step${i}_Keyword}</arg>
<doc>Returns variable value or ``default`` if the variable does not exist.</doc>
<status status="PASS" start="2026-05-09T08:54:43.765850" elapsed="0.000715"/>
</kw>
<kw name="Get Variable Value" owner="BuiltIn">
<msg time="2026-05-09T08:54:43.767437" level="INFO">${a1} = xpath://label[contains(text(),'Mã GV')]/following-sibling::div//input</msg>
<var>${a1}</var>
<arg>\${Step${i}_Arg1}</arg>
<doc>Returns variable value or ``default`` if the variable does not exist.</doc>
<status status="PASS" start="2026-05-09T08:54:43.766906" elapsed="0.000615"/>
</kw>
<kw name="Get Variable Value" owner="BuiltIn">
<msg time="2026-05-09T08:54:43.768335" level="INFO">${a2} = 1</msg>
<var>${a2}</var>
<arg>\${Step${i}_Arg2}</arg>
<doc>Returns variable value or ``default`` if the variable does not exist.</doc>
<status status="PASS" start="2026-05-09T08:54:43.767837" elapsed="0.000566"/>
</kw>
<if>
<branch type="IF" condition="$k != &quot;&quot; and $k is not None">
<kw name="Log To Console" owner="BuiltIn">
<arg>\n--- Buoc ${i}: ${k} ---</arg>
<doc>Logs the given message to the console.</doc>
<status status="PASS" start="2026-05-09T08:54:43.769160" elapsed="0.001620"/>
</kw>
<kw name="Thuc Thi Buoc Kiem Thu">
<kw name="Run Keyword And Return Status" owner="BuiltIn">
<kw name="Keyword Should Exist" owner="BuiltIn">
<arg>${keyword}</arg>
<doc>Fails unless the given keyword exists in the current scope.</doc>
<status status="PASS" start="2026-05-09T08:54:43.773074" elapsed="0.000366"/>
</kw>
<msg time="2026-05-09T08:54:43.773693" level="INFO">${exists} = True</msg>
<var>${exists}</var>
<arg>Keyword Should Exist</arg>
<arg>${keyword}</arg>
<doc>Runs the given keyword with given arguments and returns the status as a Boolean value.</doc>
<status status="PASS" start="2026-05-09T08:54:43.772725" elapsed="0.001049"/>
</kw>
<if>
<branch type="IF" condition="not ${exists}">
<kw name="Fail" owner="BuiltIn">
<arg>Keyword không tồn tại: ${keyword}</arg>
<doc>Fails the test with the given message and optionally alters its tags.</doc>
<status status="NOT RUN" start="2026-05-09T08:54:43.774469" elapsed="0.000078"/>
</kw>
<status status="NOT RUN" start="2026-05-09T08:54:43.774012" elapsed="0.000668"/>
</branch>
<status status="PASS" start="2026-05-09T08:54:43.773946" elapsed="0.000845"/>
</if>
<kw name="Replace Variables" owner="BuiltIn">
<msg time="2026-05-09T08:54:43.775417" level="INFO">${final_arg1} = xpath://label[contains(text(),'Mã GV')]/following-sibling::div//input</msg>
<var>${final_arg1}</var>
<arg>${arg1}</arg>
<doc>Replaces variables in the given text with their current values.</doc>
<status status="PASS" start="2026-05-09T08:54:43.775017" elapsed="0.000490"/>
</kw>
<kw name="Replace Variables" owner="BuiltIn">
<msg time="2026-05-09T08:54:43.776262" level="INFO">${final_arg2} = 1</msg>
<var>${final_arg2}</var>
<arg>${arg2}</arg>
<doc>Replaces variables in the given text with their current values.</doc>
<status status="PASS" start="2026-05-09T08:54:43.775846" elapsed="0.000491"/>
</kw>
<kw name="Create List" owner="BuiltIn">
<msg time="2026-05-09T08:54:43.776979" level="INFO">@{args} = [ ]</msg>
<var>@{args}</var>
<doc>Returns a list containing given items.</doc>
<status status="PASS" start="2026-05-09T08:54:43.776659" elapsed="0.000396"/>
</kw>
<if>
<branch type="IF" condition="&quot;${arg1}&quot; != &quot;None&quot; and &quot;${arg1}&quot; != &quot;nan&quot; and &quot;${arg1}&quot; != &quot;${EMPTY}&quot;">
<kw name="Replace Variables" owner="BuiltIn">
<msg time="2026-05-09T08:54:43.778985" level="INFO">${final_arg1} = xpath://label[contains(text(),'Mã GV')]/following-sibling::div//input</msg>
<var>${final_arg1}</var>
<arg>${arg1}</arg>
<doc>Replaces variables in the given text with their current values.</doc>
<status status="PASS" start="2026-05-09T08:54:43.778620" elapsed="0.000437"/>
</kw>
<kw name="Append To List" owner="Collections">
<arg>${args}</arg>
<arg>${final_arg1}</arg>
<doc>Adds ``values`` to the end of ``list``.</doc>
<status status="PASS" start="2026-05-09T08:54:43.779302" elapsed="0.000372"/>
</kw>
<status status="PASS" start="2026-05-09T08:54:43.777249" elapsed="0.002583"/>
</branch>
<status status="PASS" start="2026-05-09T08:54:43.777202" elapsed="0.002756"/>
</if>
<kw name="Evaluate" owner="BuiltIn">
<msg time="2026-05-09T08:54:43.780874" level="INFO">${is_empty_val} = False</msg>
<var>${is_empty_val}</var>
<arg>$arg2 is None or str($arg2).lower() == 'nan' or str($arg2) == ''</arg>
<doc>Evaluates the given expression in Python and returns the result.</doc>
<status status="PASS" start="2026-05-09T08:54:43.780169" elapsed="0.000785"/>
</kw>
<if>
<branch type="IF" condition="$is_empty_val">
<kw name="Evaluate" owner="BuiltIn">
<var>${need_second_arg}</var>
<arg>$keyword in ['Input Text', 'Textfield Value Should Be', 'Element Text Should Be']</arg>
<doc>Evaluates the given expression in Python and returns the result.</doc>
<status status="NOT RUN" start="2026-05-09T08:54:43.781534" elapsed="0.000070"/>
</kw>
<if>
<branch type="IF" condition="$need_second_arg">
<kw name="Append To List" owner="Collections">
<arg>${args}</arg>
<arg>${EMPTY}</arg>
<doc>Adds ``values`` to the end of ``list``.</doc>
<status status="NOT RUN" start="2026-05-09T08:54:43.782011" elapsed="0.000064"/>
</kw>
<status status="NOT RUN" start="2026-05-09T08:54:43.781810" elapsed="0.000369"/>
</branch>
<status status="NOT RUN" start="2026-05-09T08:54:43.781772" elapsed="0.000496"/>
</if>
<status status="NOT RUN" start="2026-05-09T08:54:43.781157" elapsed="0.001169"/>
</branch>
<branch type="ELSE">
<kw name="Replace Variables" owner="BuiltIn">
<msg time="2026-05-09T08:54:43.782948" level="INFO">${final_arg2} = 1</msg>
<var>${final_arg2}</var>
<arg>${arg2}</arg>
<doc>Replaces variables in the given text with their current values.</doc>
<status status="PASS" start="2026-05-09T08:54:43.782602" elapsed="0.000423"/>
</kw>
<kw name="Append To List" owner="Collections">
<arg>${args}</arg>
<arg>${final_arg2}</arg>
<doc>Adds ``values`` to the end of ``list``.</doc>
<status status="PASS" start="2026-05-09T08:54:43.783358" elapsed="0.000622"/>
</kw>
<status status="PASS" start="2026-05-09T08:54:43.782407" elapsed="0.001728"/>
</branch>
<status status="PASS" start="2026-05-09T08:54:43.781114" elapsed="0.003181"/>
</if>
<kw name="Log" owner="BuiltIn">
<msg time="2026-05-09T08:54:43.784964" level="INFO">THUC THI: Input Text | ARGS: ["xpath://label[contains(text(),'Mã GV')]/following-sibling::div//input", '1']</msg>
<arg>THUC THI: ${keyword} | ARGS: ${args}</arg>
<doc>Logs the given message with the given level.</doc>
<status status="PASS" start="2026-05-09T08:54:43.784527" elapsed="0.000586"/>
</kw>
<try>
<branch type="TRY">
<kw name="Run Keyword" owner="BuiltIn">
<kw name="Input Text" owner="SeleniumLibrary">
<msg time="2026-05-09T08:54:43.786480" level="INFO">Typing text '1' into text field 'xpath://label[contains(text(),'Mã GV')]/following-sibling::div//input'.</msg>
<arg>@{args}</arg>
<doc>Types the given ``text`` into the text field identified by ``locator``.</doc>
<status status="PASS" start="2026-05-09T08:54:43.786082" elapsed="0.339742"/>
</kw>
<arg>${keyword}</arg>
<arg>@{args}</arg>
<doc>Executes the given keyword with the given arguments.</doc>
<status status="PASS" start="2026-05-09T08:54:43.785599" elapsed="0.340454"/>
</kw>
<status status="PASS" start="2026-05-09T08:54:43.785337" elapsed="0.340838"/>
</branch>
<branch type="EXCEPT" assign="${error}">
<kw name="Capture Page Screenshot" owner="SeleniumLibrary">
<arg>filename=${TEST NAME}_failed_at_${keyword}.png</arg>
<doc>Takes a screenshot of the current page and embeds it into a log file.</doc>
<status status="NOT RUN" start="2026-05-09T08:54:44.126664" elapsed="0.000081"/>
</kw>
<kw name="Fail" owner="BuiltIn">
<arg>Dừng tại bước: ${keyword} do lỗi: ${error}</arg>
<doc>Fails the test with the given message and optionally alters its tags.</doc>
<status status="NOT RUN" start="2026-05-09T08:54:44.127017" elapsed="0.000071"/>
</kw>
<status status="NOT RUN" start="2026-05-09T08:54:44.126359" elapsed="0.000835"/>
</branch>
<status status="PASS" start="2026-05-09T08:54:43.785263" elapsed="0.342046"/>
</try>
<arg>${k}</arg>
<arg>${a1}</arg>
<arg>${a2}</arg>
<status status="PASS" start="2026-05-09T08:54:43.771793" elapsed="0.355645"/>
</kw>
<status status="PASS" start="2026-05-09T08:54:43.768600" elapsed="0.358962"/>
</branch>
<status status="PASS" start="2026-05-09T08:54:43.768555" elapsed="0.359108"/>
</if>
<var name="${i}">2</var>
<status status="PASS" start="2026-05-09T08:54:43.765624" elapsed="0.362108"/>
</iter>
<iter>
<kw name="Get Variable Value" owner="BuiltIn">
<msg time="2026-05-09T08:54:44.128991" level="INFO">${k} = Click Element</msg>
<var>${k}</var>
<arg>\${Step${i}_Keyword}</arg>
<doc>Returns variable value or ``default`` if the variable does not exist.</doc>
<status status="PASS" start="2026-05-09T08:54:44.128401" elapsed="0.000668"/>
</kw>
<kw name="Get Variable Value" owner="BuiltIn">
<msg time="2026-05-09T08:54:44.129839" level="INFO">${a1} = xpath://button[contains(., 'Lọc')]</msg>
<var>${a1}</var>
<arg>\${Step${i}_Arg1}</arg>
<doc>Returns variable value or ``default`` if the variable does not exist.</doc>
<status status="PASS" start="2026-05-09T08:54:44.129362" elapsed="0.000557"/>
</kw>
<kw name="Get Variable Value" owner="BuiltIn">
<msg time="2026-05-09T08:54:44.131173" level="INFO">${a2} = </msg>
<var>${a2}</var>
<arg>\${Step${i}_Arg2}</arg>
<doc>Returns variable value or ``default`` if the variable does not exist.</doc>
<status status="PASS" start="2026-05-09T08:54:44.130402" elapsed="0.000852"/>
</kw>
<if>
<branch type="IF" condition="$k != &quot;&quot; and $k is not None">
<kw name="Log To Console" owner="BuiltIn">
<arg>\n--- Buoc ${i}: ${k} ---</arg>
<doc>Logs the given message to the console.</doc>
<status status="PASS" start="2026-05-09T08:54:44.132043" elapsed="0.000680"/>
</kw>
<kw name="Thuc Thi Buoc Kiem Thu">
<kw name="Run Keyword And Return Status" owner="BuiltIn">
<kw name="Keyword Should Exist" owner="BuiltIn">
<arg>${keyword}</arg>
<doc>Fails unless the given keyword exists in the current scope.</doc>
<status status="PASS" start="2026-05-09T08:54:44.134822" elapsed="0.000367"/>
</kw>
<msg time="2026-05-09T08:54:44.135407" level="INFO">${exists} = True</msg>
<var>${exists}</var>
<arg>Keyword Should Exist</arg>
<arg>${keyword}</arg>
<doc>Runs the given keyword with given arguments and returns the status as a Boolean value.</doc>
<status status="PASS" start="2026-05-09T08:54:44.134426" elapsed="0.001047"/>
</kw>
<if>
<branch type="IF" condition="not ${exists}">
<kw name="Fail" owner="BuiltIn">
<arg>Keyword không tồn tại: ${keyword}</arg>
<doc>Fails the test with the given message and optionally alters its tags.</doc>
<status status="NOT RUN" start="2026-05-09T08:54:44.136064" elapsed="0.000071"/>
</kw>
<status status="NOT RUN" start="2026-05-09T08:54:44.135662" elapsed="0.000579"/>
</branch>
<status status="PASS" start="2026-05-09T08:54:44.135618" elapsed="0.000711"/>
</if>
<kw name="Replace Variables" owner="BuiltIn">
<msg time="2026-05-09T08:54:44.136866" level="INFO">${final_arg1} = xpath://button[contains(., 'Lọc')]</msg>
<var>${final_arg1}</var>
<arg>${arg1}</arg>
<doc>Replaces variables in the given text with their current values.</doc>
<status status="PASS" start="2026-05-09T08:54:44.136523" elapsed="0.000413"/>
</kw>
<kw name="Replace Variables" owner="BuiltIn">
<msg time="2026-05-09T08:54:44.137483" level="INFO">${final_arg2} = </msg>
<var>${final_arg2}</var>
<arg>${arg2}</arg>
<doc>Replaces variables in the given text with their current values.</doc>
<status status="PASS" start="2026-05-09T08:54:44.137162" elapsed="0.000386"/>
</kw>
<kw name="Create List" owner="BuiltIn">
<msg time="2026-05-09T08:54:44.138256" level="INFO">@{args} = [ ]</msg>
<var>@{args}</var>
<doc>Returns a list containing given items.</doc>
<status status="PASS" start="2026-05-09T08:54:44.137862" elapsed="0.000471"/>
</kw>
<if>
<branch type="IF" condition="&quot;${arg1}&quot; != &quot;None&quot; and &quot;${arg1}&quot; != &quot;nan&quot; and &quot;${arg1}&quot; != &quot;${EMPTY}&quot;">
<kw name="Replace Variables" owner="BuiltIn">
<msg time="2026-05-09T08:54:44.140628" level="INFO">${final_arg1} = xpath://button[contains(., 'Lọc')]</msg>
<var>${final_arg1}</var>
<arg>${arg1}</arg>
<doc>Replaces variables in the given text with their current values.</doc>
<status status="PASS" start="2026-05-09T08:54:44.140209" elapsed="0.000503"/>
</kw>
<kw name="Append To List" owner="Collections">
<arg>${args}</arg>
<arg>${final_arg1}</arg>
<doc>Adds ``values`` to the end of ``list``.</doc>
<status status="PASS" start="2026-05-09T08:54:44.140973" elapsed="0.000385"/>
</kw>
<status status="PASS" start="2026-05-09T08:54:44.138536" elapsed="0.002947"/>
</branch>
<status status="PASS" start="2026-05-09T08:54:44.138489" elapsed="0.003100"/>
</if>
<kw name="Evaluate" owner="BuiltIn">
<msg time="2026-05-09T08:54:44.142498" level="INFO">${is_empty_val} = True</msg>
<var>${is_empty_val}</var>
<arg>$arg2 is None or str($arg2).lower() == 'nan' or str($arg2) == ''</arg>
<doc>Evaluates the given expression in Python and returns the result.</doc>
<status status="PASS" start="2026-05-09T08:54:44.141796" elapsed="0.000778"/>
</kw>
<if>
<branch type="IF" condition="$is_empty_val">
<kw name="Evaluate" owner="BuiltIn">
<msg time="2026-05-09T08:54:44.143645" level="INFO">${need_second_arg} = False</msg>
<var>${need_second_arg}</var>
<arg>$keyword in ['Input Text', 'Textfield Value Should Be', 'Element Text Should Be']</arg>
<doc>Evaluates the given expression in Python and returns the result.</doc>
<status status="PASS" start="2026-05-09T08:54:44.143131" elapsed="0.000584"/>
</kw>
<if>
<branch type="IF" condition="$need_second_arg">
<kw name="Append To List" owner="Collections">
<arg>${args}</arg>
<arg>${EMPTY}</arg>
<doc>Adds ``values`` to the end of ``list``.</doc>
<status status="NOT RUN" start="2026-05-09T08:54:44.144250" elapsed="0.000066"/>
</kw>
<status status="NOT RUN" start="2026-05-09T08:54:44.143903" elapsed="0.000522"/>
</branch>
<status status="PASS" start="2026-05-09T08:54:44.143861" elapsed="0.000658"/>
</if>
<status status="PASS" start="2026-05-09T08:54:44.142767" elapsed="0.001812"/>
</branch>
<branch type="ELSE">
<kw name="Replace Variables" owner="BuiltIn">
<var>${final_arg2}</var>
<arg>${arg2}</arg>
<doc>Replaces variables in the given text with their current values.</doc>
<status status="NOT RUN" start="2026-05-09T08:54:44.144912" elapsed="0.000066"/>
</kw>
<kw name="Append To List" owner="Collections">
<arg>${args}</arg>
<arg>${final_arg2}</arg>
<doc>Adds ``values`` to the end of ``list``.</doc>
<status status="NOT RUN" start="2026-05-09T08:54:44.145190" elapsed="0.000093"/>
</kw>
<status status="NOT RUN" start="2026-05-09T08:54:44.144708" elapsed="0.000678"/>
</branch>
<status status="PASS" start="2026-05-09T08:54:44.142726" elapsed="0.002926"/>
</if>
<kw name="Log" owner="BuiltIn">
<msg time="2026-05-09T08:54:44.146698" level="INFO">THUC THI: Click Element | ARGS: ["xpath://button[contains(., 'Lọc')]"]</msg>
<arg>THUC THI: ${keyword} | ARGS: ${args}</arg>
<doc>Logs the given message with the given level.</doc>
<status status="PASS" start="2026-05-09T08:54:44.145928" elapsed="0.000926"/>
</kw>
<try>
<branch type="TRY">
<kw name="Run Keyword" owner="BuiltIn">
<kw name="Click Element" owner="SeleniumLibrary">
<msg time="2026-05-09T08:54:44.148529" level="INFO">Clicking element 'xpath://button[contains(., 'Lọc')]'.</msg>
<arg>@{args}</arg>
<doc>Click the element identified by ``locator``.</doc>
<status status="PASS" start="2026-05-09T08:54:44.148120" elapsed="0.142507"/>
</kw>
<arg>${keyword}</arg>
<arg>@{args}</arg>
<doc>Executes the given keyword with the given arguments.</doc>
<status status="PASS" start="2026-05-09T08:54:44.147640" elapsed="0.143207"/>
</kw>
<status status="PASS" start="2026-05-09T08:54:44.147326" elapsed="0.143644"/>
</branch>
<branch type="EXCEPT" assign="${error}">
<kw name="Capture Page Screenshot" owner="SeleniumLibrary">
<arg>filename=${TEST NAME}_failed_at_${keyword}.png</arg>
<doc>Takes a screenshot of the current page and embeds it into a log file.</doc>
<status status="NOT RUN" start="2026-05-09T08:54:44.291422" elapsed="0.000073"/>
</kw>
<kw name="Fail" owner="BuiltIn">
<arg>Dừng tại bước: ${keyword} do lỗi: ${error}</arg>
<doc>Fails the test with the given message and optionally alters its tags.</doc>
<status status="NOT RUN" start="2026-05-09T08:54:44.291710" elapsed="0.000066"/>
</kw>
<status status="NOT RUN" start="2026-05-09T08:54:44.291129" elapsed="0.000744"/>
</branch>
<status status="PASS" start="2026-05-09T08:54:44.147105" elapsed="0.144875"/>
</try>
<arg>${k}</arg>
<arg>${a1}</arg>
<arg>${a2}</arg>
<status status="PASS" start="2026-05-09T08:54:44.133557" elapsed="0.158575"/>
</kw>
<status status="PASS" start="2026-05-09T08:54:44.131481" elapsed="0.160762"/>
</branch>
<status status="PASS" start="2026-05-09T08:54:44.131433" elapsed="0.160901"/>
</if>
<var name="${i}">3</var>
<status status="PASS" start="2026-05-09T08:54:44.128162" elapsed="0.164233"/>
</iter>
<iter>
<kw name="Get Variable Value" owner="BuiltIn">
<msg time="2026-05-09T08:54:44.293456" level="INFO">${k} = Wait Until Element Is Visible</msg>
<var>${k}</var>
<arg>\${Step${i}_Keyword}</arg>
<doc>Returns variable value or ``default`` if the variable does not exist.</doc>
<status status="PASS" start="2026-05-09T08:54:44.292977" elapsed="0.000547"/>
</kw>
<kw name="Get Variable Value" owner="BuiltIn">
<msg time="2026-05-09T08:54:44.294386" level="INFO">${a1} = xpath://table[contains(@class, 'schedule-table')]</msg>
<var>${a1}</var>
<arg>\${Step${i}_Arg1}</arg>
<doc>Returns variable value or ``default`` if the variable does not exist.</doc>
<status status="PASS" start="2026-05-09T08:54:44.293769" elapsed="0.000706"/>
</kw>
<kw name="Get Variable Value" owner="BuiltIn">
<msg time="2026-05-09T08:54:44.295217" level="INFO">${a2} = </msg>
<var>${a2}</var>
<arg>\${Step${i}_Arg2}</arg>
<doc>Returns variable value or ``default`` if the variable does not exist.</doc>
<status status="PASS" start="2026-05-09T08:54:44.294762" elapsed="0.000525"/>
</kw>
<if>
<branch type="IF" condition="$k != &quot;&quot; and $k is not None">
<kw name="Log To Console" owner="BuiltIn">
<arg>\n--- Buoc ${i}: ${k} ---</arg>
<doc>Logs the given message to the console.</doc>
<status status="PASS" start="2026-05-09T08:54:44.295974" elapsed="0.001390"/>
</kw>
<kw name="Thuc Thi Buoc Kiem Thu">
<kw name="Run Keyword And Return Status" owner="BuiltIn">
<kw name="Keyword Should Exist" owner="BuiltIn">
<arg>${keyword}</arg>
<doc>Fails unless the given keyword exists in the current scope.</doc>
<status status="PASS" start="2026-05-09T08:54:44.299747" elapsed="0.000442"/>
</kw>
<msg time="2026-05-09T08:54:44.300421" level="INFO">${exists} = True</msg>
<var>${exists}</var>
<arg>Keyword Should Exist</arg>
<arg>${keyword}</arg>
<doc>Runs the given keyword with given arguments and returns the status as a Boolean value.</doc>
<status status="PASS" start="2026-05-09T08:54:44.299432" elapsed="0.001057"/>
</kw>
<if>
<branch type="IF" condition="not ${exists}">
<kw name="Fail" owner="BuiltIn">
<arg>Keyword không tồn tại: ${keyword}</arg>
<doc>Fails the test with the given message and optionally alters its tags.</doc>
<status status="NOT RUN" start="2026-05-09T08:54:44.301078" elapsed="0.000068"/>
</kw>
<status status="NOT RUN" start="2026-05-09T08:54:44.300688" elapsed="0.000567"/>
</branch>
<status status="PASS" start="2026-05-09T08:54:44.300643" elapsed="0.000704"/>
</if>
<kw name="Replace Variables" owner="BuiltIn">
<msg time="2026-05-09T08:54:44.301850" level="INFO">${final_arg1} = xpath://table[contains(@class, 'schedule-table')]</msg>
<var>${final_arg1}</var>
<arg>${arg1}</arg>
<doc>Replaces variables in the given text with their current values.</doc>
<status status="PASS" start="2026-05-09T08:54:44.301524" elapsed="0.000423"/>
</kw>
<kw name="Replace Variables" owner="BuiltIn">
<msg time="2026-05-09T08:54:44.302484" level="INFO">${final_arg2} = </msg>
<var>${final_arg2}</var>
<arg>${arg2}</arg>
<doc>Replaces variables in the given text with their current values.</doc>
<status status="PASS" start="2026-05-09T08:54:44.302174" elapsed="0.000387"/>
</kw>
<kw name="Create List" owner="BuiltIn">
<msg time="2026-05-09T08:54:44.303056" level="INFO">@{args} = [ ]</msg>
<var>@{args}</var>
<doc>Returns a list containing given items.</doc>
<status status="PASS" start="2026-05-09T08:54:44.302783" elapsed="0.000335"/>
</kw>
<if>
<branch type="IF" condition="&quot;${arg1}&quot; != &quot;None&quot; and &quot;${arg1}&quot; != &quot;nan&quot; and &quot;${arg1}&quot; != &quot;${EMPTY}&quot;">
<kw name="Replace Variables" owner="BuiltIn">
<msg time="2026-05-09T08:54:44.305187" level="INFO">${final_arg1} = xpath://table[contains(@class, 'schedule-table')]</msg>
<var>${final_arg1}</var>
<arg>${arg1}</arg>
<doc>Replaces variables in the given text with their current values.</doc>
<status status="PASS" start="2026-05-09T08:54:44.304667" elapsed="0.000587"/>
</kw>
<kw name="Append To List" owner="Collections">
<arg>${args}</arg>
<arg>${final_arg1}</arg>
<doc>Adds ``values`` to the end of ``list``.</doc>
<status status="PASS" start="2026-05-09T08:54:44.305517" elapsed="0.000384"/>
</kw>
<status status="PASS" start="2026-05-09T08:54:44.303282" elapsed="0.002726"/>
</branch>
<status status="PASS" start="2026-05-09T08:54:44.303244" elapsed="0.002909"/>
</if>
<kw name="Evaluate" owner="BuiltIn">
<msg time="2026-05-09T08:54:44.307184" level="INFO">${is_empty_val} = True</msg>
<var>${is_empty_val}</var>
<arg>$arg2 is None or str($arg2).lower() == 'nan' or str($arg2) == ''</arg>
<doc>Evaluates the given expression in Python and returns the result.</doc>
<status status="PASS" start="2026-05-09T08:54:44.306366" elapsed="0.000909"/>
</kw>
<if>
<branch type="IF" condition="$is_empty_val">
<kw name="Evaluate" owner="BuiltIn">
<msg time="2026-05-09T08:54:44.308901" level="INFO">${need_second_arg} = False</msg>
<var>${need_second_arg}</var>
<arg>$keyword in ['Input Text', 'Textfield Value Should Be', 'Element Text Should Be']</arg>
<doc>Evaluates the given expression in Python and returns the result.</doc>
<status status="PASS" start="2026-05-09T08:54:44.308280" elapsed="0.000733"/>
</kw>
<if>
<branch type="IF" condition="$need_second_arg">
<kw name="Append To List" owner="Collections">
<arg>${args}</arg>
<arg>${EMPTY}</arg>
<doc>Adds ``values`` to the end of ``list``.</doc>
<status status="NOT RUN" start="2026-05-09T08:54:44.309740" elapsed="0.000093"/>
</kw>
<status status="NOT RUN" start="2026-05-09T08:54:44.309261" elapsed="0.000689"/>
</branch>
<status status="PASS" start="2026-05-09T08:54:44.309218" elapsed="0.000830"/>
</if>
<status status="PASS" start="2026-05-09T08:54:44.307481" elapsed="0.002631"/>
</branch>
<branch type="ELSE">
<kw name="Replace Variables" owner="BuiltIn">
<var>${final_arg2}</var>
<arg>${arg2}</arg>
<doc>Replaces variables in the given text with their current values.</doc>
<status status="NOT RUN" start="2026-05-09T08:54:44.310407" elapsed="0.000067"/>
</kw>
<kw name="Append To List" owner="Collections">
<arg>${args}</arg>
<arg>${final_arg2}</arg>
<doc>Adds ``values`` to the end of ``list``.</doc>
<status status="NOT RUN" start="2026-05-09T08:54:44.310684" elapsed="0.000062"/>
</kw>
<status status="NOT RUN" start="2026-05-09T08:54:44.310196" elapsed="0.000649"/>
</branch>
<status status="PASS" start="2026-05-09T08:54:44.307437" elapsed="0.003490"/>
</if>
<kw name="Log" owner="BuiltIn">
<msg time="2026-05-09T08:54:44.311592" level="INFO">THUC THI: Wait Until Element Is Visible | ARGS: ["xpath://table[contains(@class, 'schedule-table')]"]</msg>
<arg>THUC THI: ${keyword} | ARGS: ${args}</arg>
<doc>Logs the given message with the given level.</doc>
<status status="PASS" start="2026-05-09T08:54:44.311199" elapsed="0.000517"/>
</kw>
<try>
<branch type="TRY">
<kw name="Run Keyword" owner="BuiltIn">
<kw name="Wait Until Element Is Visible" owner="SeleniumLibrary">
<arg>@{args}</arg>
<doc>Waits until the element ``locator`` is visible.</doc>
<status status="PASS" start="2026-05-09T08:54:44.312539" elapsed="1.588514"/>
</kw>
<arg>${keyword}</arg>
<arg>@{args}</arg>
<doc>Executes the given keyword with the given arguments.</doc>
<status status="PASS" start="2026-05-09T08:54:44.312124" elapsed="1.589127"/>
</kw>
<status status="PASS" start="2026-05-09T08:54:44.311920" elapsed="1.589418"/>
</branch>
<branch type="EXCEPT" assign="${error}">
<kw name="Capture Page Screenshot" owner="SeleniumLibrary">
<arg>filename=${TEST NAME}_failed_at_${keyword}.png</arg>
<doc>Takes a screenshot of the current page and embeds it into a log file.</doc>
<status status="NOT RUN" start="2026-05-09T08:54:45.901751" elapsed="0.000065"/>
</kw>
<kw name="Fail" owner="BuiltIn">
<arg>Dừng tại bước: ${keyword} do lỗi: ${error}</arg>
<doc>Fails the test with the given message and optionally alters its tags.</doc>
<status status="NOT RUN" start="2026-05-09T08:54:45.901997" elapsed="0.000052"/>
</kw>
<status status="NOT RUN" start="2026-05-09T08:54:45.901479" elapsed="0.000694"/>
</branch>
<status status="PASS" start="2026-05-09T08:54:44.311851" elapsed="1.590429"/>
</try>
<arg>${k}</arg>
<arg>${a1}</arg>
<arg>${a2}</arg>
<status status="PASS" start="2026-05-09T08:54:44.298503" elapsed="1.603889"/>
</kw>
<status status="PASS" start="2026-05-09T08:54:44.295478" elapsed="1.607002"/>
</branch>
<status status="PASS" start="2026-05-09T08:54:44.295435" elapsed="1.607119"/>
</if>
<var name="${i}">4</var>
<status status="PASS" start="2026-05-09T08:54:44.292771" elapsed="1.609829"/>
</iter>
<iter>
<kw name="Get Variable Value" owner="BuiltIn">
<msg time="2026-05-09T08:54:45.903996" level="INFO">${k} = </msg>
<var>${k}</var>
<arg>\${Step${i}_Keyword}</arg>
<doc>Returns variable value or ``default`` if the variable does not exist.</doc>
<status status="PASS" start="2026-05-09T08:54:45.903262" elapsed="0.000817"/>
</kw>
<kw name="Get Variable Value" owner="BuiltIn">
<msg time="2026-05-09T08:54:45.905212" level="INFO">${a1} = </msg>
<var>${a1}</var>
<arg>\${Step${i}_Arg1}</arg>
<doc>Returns variable value or ``default`` if the variable does not exist.</doc>
<status status="PASS" start="2026-05-09T08:54:45.904467" elapsed="0.000832"/>
</kw>
<kw name="Get Variable Value" owner="BuiltIn">
<msg time="2026-05-09T08:54:45.905963" level="INFO">${a2} = </msg>
<var>${a2}</var>
<arg>\${Step${i}_Arg2}</arg>
<doc>Returns variable value or ``default`` if the variable does not exist.</doc>
<status status="PASS" start="2026-05-09T08:54:45.905588" elapsed="0.000430"/>
</kw>
<if>
<branch type="IF" condition="$k != &quot;&quot; and $k is not None">
<kw name="Log To Console" owner="BuiltIn">
<arg>\n--- Buoc ${i}: ${k} ---</arg>
<doc>Logs the given message to the console.</doc>
<status status="NOT RUN" start="2026-05-09T08:54:45.906726" elapsed="0.000062"/>
</kw>
<kw name="Thuc Thi Buoc Kiem Thu">
<arg>${k}</arg>
<arg>${a1}</arg>
<arg>${a2}</arg>
<status status="NOT RUN" start="2026-05-09T08:54:45.907403" elapsed="0.000069"/>
</kw>
<status status="NOT RUN" start="2026-05-09T08:54:45.906244" elapsed="0.001317"/>
</branch>
<status status="PASS" start="2026-05-09T08:54:45.906196" elapsed="0.001441"/>
</if>
<var name="${i}">5</var>
<status status="PASS" start="2026-05-09T08:54:45.902987" elapsed="0.004701"/>
</iter>
<iter>
<kw name="Get Variable Value" owner="BuiltIn">
<msg time="2026-05-09T08:54:45.908589" level="INFO">${k} = </msg>
<var>${k}</var>
[...]
<arg>filename=${TEST NAME}_failed_at_${keyword}.png</arg>
<doc>Takes a screenshot of the current page and embeds it into a log file.</doc>
<status status="NOT RUN" start="2026-05-09T08:55:37.548143" elapsed="0.000100"/>
</kw>
<kw name="Fail" owner="BuiltIn">
<arg>Dừng tại bước: ${keyword} do lỗi: ${error}</arg>
<doc>Fails the test with the given message and optionally alters its tags.</doc>
<status status="NOT RUN" start="2026-05-09T08:55:37.548498" elapsed="0.000072"/>
</kw>
<status status="NOT RUN" start="2026-05-09T08:55:37.547769" elapsed="0.000922"/>
</branch>
<status status="PASS" start="2026-05-09T08:55:37.462283" elapsed="0.086533"/>
</try>
<arg>${k}</arg>
<arg>${a1}</arg>
<arg>${a2}</arg>
<status status="PASS" start="2026-05-09T08:55:37.448877" elapsed="0.100103"/>
</kw>
<status status="PASS" start="2026-05-09T08:55:37.446787" elapsed="0.102333"/>
</branch>
<status status="PASS" start="2026-05-09T08:55:37.446749" elapsed="0.102480"/>
</if>
<var name="${i}">3</var>
<status status="PASS" start="2026-05-09T08:55:37.444614" elapsed="0.104681"/>
</iter>
<iter>
<kw name="Get Variable Value" owner="BuiltIn">
<msg time="2026-05-09T08:55:37.550554" level="INFO">${k} = Wait Until Element Is Visible</msg>
<var>${k}</var>
<arg>\${Step${i}_Keyword}</arg>
<doc>Returns variable value or ``default`` if the variable does not exist.</doc>
<status status="PASS" start="2026-05-09T08:55:37.549967" elapsed="0.000668"/>
</kw>
<kw name="Get Variable Value" owner="BuiltIn">
<msg time="2026-05-09T08:55:37.551386" level="INFO">${a1} = xpath://table[contains(@class, 'schedule-table')]</msg>
<var>${a1}</var>
<arg>\${Step${i}_Arg1}</arg>
<doc>Returns variable value or ``default`` if the variable does not exist.</doc>
<status status="PASS" start="2026-05-09T08:55:37.550929" elapsed="0.000524"/>
</kw>
<kw name="Get Variable Value" owner="BuiltIn">
<msg time="2026-05-09T08:55:37.552137" level="INFO">${a2} = </msg>
<var>${a2}</var>
<arg>\${Step${i}_Arg2}</arg>
<doc>Returns variable value or ``default`` if the variable does not exist.</doc>
<status status="PASS" start="2026-05-09T08:55:37.551691" elapsed="0.000514"/>
</kw>
<if>
<branch type="IF" condition="$k != &quot;&quot; and $k is not None">
<kw name="Log To Console" owner="BuiltIn">
<arg>\n--- Buoc ${i}: ${k} ---</arg>
<doc>Logs the given message to the console.</doc>
<status status="PASS" start="2026-05-09T08:55:37.552911" elapsed="0.000632"/>
</kw>
<kw name="Thuc Thi Buoc Kiem Thu">
<kw name="Run Keyword And Return Status" owner="BuiltIn">
<kw name="Keyword Should Exist" owner="BuiltIn">
<arg>${keyword}</arg>
<doc>Fails unless the given keyword exists in the current scope.</doc>
<status status="PASS" start="2026-05-09T08:55:37.555602" elapsed="0.000370"/>
</kw>
<msg time="2026-05-09T08:55:37.556229" level="INFO">${exists} = True</msg>
<var>${exists}</var>
<arg>Keyword Should Exist</arg>
<arg>${keyword}</arg>
<doc>Runs the given keyword with given arguments and returns the status as a Boolean value.</doc>
<status status="PASS" start="2026-05-09T08:55:37.555299" elapsed="0.000997"/>
</kw>
<if>
<branch type="IF" condition="not ${exists}">
<kw name="Fail" owner="BuiltIn">
<arg>Keyword không tồn tại: ${keyword}</arg>
<doc>Fails the test with the given message and optionally alters its tags.</doc>
<status status="NOT RUN" start="2026-05-09T08:55:37.556884" elapsed="0.000068"/>
</kw>
<status status="NOT RUN" start="2026-05-09T08:55:37.556486" elapsed="0.000573"/>
</branch>
<status status="PASS" start="2026-05-09T08:55:37.556443" elapsed="0.000749"/>
</if>
<kw name="Replace Variables" owner="BuiltIn">
<msg time="2026-05-09T08:55:37.557745" level="INFO">${final_arg1} = xpath://table[contains(@class, 'schedule-table')]</msg>
<var>${final_arg1}</var>
<arg>${arg1}</arg>
<doc>Replaces variables in the given text with their current values.</doc>
<status status="PASS" start="2026-05-09T08:55:37.557391" elapsed="0.000424"/>
</kw>
<kw name="Replace Variables" owner="BuiltIn">
<msg time="2026-05-09T08:55:37.558404" level="INFO">${final_arg2} = </msg>
<var>${final_arg2}</var>
<arg>${arg2}</arg>
<doc>Replaces variables in the given text with their current values.</doc>
<status status="PASS" start="2026-05-09T08:55:37.558061" elapsed="0.000409"/>
</kw>
<kw name="Create List" owner="BuiltIn">
<msg time="2026-05-09T08:55:37.558973" level="INFO">@{args} = [ ]</msg>
<var>@{args}</var>
<doc>Returns a list containing given items.</doc>
<status status="PASS" start="2026-05-09T08:55:37.558696" elapsed="0.000341"/>
</kw>
<if>
<branch type="IF" condition="&quot;${arg1}&quot; != &quot;None&quot; and &quot;${arg1}&quot; != &quot;nan&quot; and &quot;${arg1}&quot; != &quot;${EMPTY}&quot;">
<kw name="Replace Variables" owner="BuiltIn">
<msg time="2026-05-09T08:55:37.560912" level="INFO">${final_arg1} = xpath://table[contains(@class, 'schedule-table')]</msg>
<var>${final_arg1}</var>
<arg>${arg1}</arg>
<doc>Replaces variables in the given text with their current values.</doc>
<status status="PASS" start="2026-05-09T08:55:37.560559" elapsed="0.000420"/>
</kw>
<kw name="Append To List" owner="Collections">
<arg>${args}</arg>
<arg>${final_arg1}</arg>
<doc>Adds ``values`` to the end of ``list``.</doc>
<status status="PASS" start="2026-05-09T08:55:37.561235" elapsed="0.000354"/>
</kw>
<status status="PASS" start="2026-05-09T08:55:37.559233" elapsed="0.002469"/>
</branch>
<status status="PASS" start="2026-05-09T08:55:37.559168" elapsed="0.002639"/>
</if>
<kw name="Evaluate" owner="BuiltIn">
<msg time="2026-05-09T08:55:37.563217" level="INFO">${is_empty_val} = True</msg>
<var>${is_empty_val}</var>
<arg>$arg2 is None or str($arg2).lower() == 'nan' or str($arg2) == ''</arg>
<doc>Evaluates the given expression in Python and returns the result.</doc>
<status status="PASS" start="2026-05-09T08:55:37.562459" elapsed="0.000831"/>
</kw>
<if>
<branch type="IF" condition="$is_empty_val">
<kw name="Evaluate" owner="BuiltIn">
<msg time="2026-05-09T08:55:37.564272" level="INFO">${need_second_arg} = False</msg>
<var>${need_second_arg}</var>
<arg>$keyword in ['Input Text', 'Textfield Value Should Be', 'Element Text Should Be']</arg>
<doc>Evaluates the given expression in Python and returns the result.</doc>
<status status="PASS" start="2026-05-09T08:55:37.563794" elapsed="0.000540"/>
</kw>
<if>
<branch type="IF" condition="$need_second_arg">
<kw name="Append To List" owner="Collections">
<arg>${args}</arg>
<arg>${EMPTY}</arg>
<doc>Adds ``values`` to the end of ``list``.</doc>
<status status="NOT RUN" start="2026-05-09T08:55:37.564769" elapsed="0.000054"/>
</kw>
<status status="NOT RUN" start="2026-05-09T08:55:37.564490" elapsed="0.000416"/>
</branch>
<status status="PASS" start="2026-05-09T08:55:37.564458" elapsed="0.000520"/>
</if>
<status status="PASS" start="2026-05-09T08:55:37.563480" elapsed="0.001545"/>
</branch>
<branch type="ELSE">
<kw name="Replace Variables" owner="BuiltIn">
<var>${final_arg2}</var>
<arg>${arg2}</arg>
<doc>Replaces variables in the given text with their current values.</doc>
<status status="NOT RUN" start="2026-05-09T08:55:37.565251" elapsed="0.000048"/>
</kw>
<kw name="Append To List" owner="Collections">
<arg>${args}</arg>
<arg>${final_arg2}</arg>
<doc>Adds ``values`` to the end of ``list``.</doc>
<status status="NOT RUN" start="2026-05-09T08:55:37.565458" elapsed="0.000045"/>
</kw>
<status status="NOT RUN" start="2026-05-09T08:55:37.565079" elapsed="0.000493"/>
</branch>
<status status="PASS" start="2026-05-09T08:55:37.563442" elapsed="0.002190"/>
</if>
<kw name="Log" owner="BuiltIn">
<msg time="2026-05-09T08:55:37.566119" level="INFO">THUC THI: Wait Until Element Is Visible | ARGS: ["xpath://table[contains(@class, 'schedule-table')]"]</msg>
<arg>THUC THI: ${keyword} | ARGS: ${args}</arg>
<doc>Logs the given message with the given level.</doc>
<status status="PASS" start="2026-05-09T08:55:37.565776" elapsed="0.000441"/>
</kw>
<try>
<branch type="TRY">
<kw name="Run Keyword" owner="BuiltIn">
<kw name="Wait Until Element Is Visible" owner="SeleniumLibrary">
<arg>@{args}</arg>
<doc>Waits until the element ``locator`` is visible.</doc>
<status status="PASS" start="2026-05-09T08:55:37.566931" elapsed="0.881412"/>
</kw>
<arg>${keyword}</arg>
<arg>@{args}</arg>
<doc>Executes the given keyword with the given arguments.</doc>
<status status="PASS" start="2026-05-09T08:55:37.566587" elapsed="0.881968"/>
</kw>
<status status="PASS" start="2026-05-09T08:55:37.566412" elapsed="0.882227"/>
</branch>
<branch type="EXCEPT" assign="${error}">
<kw name="Capture Page Screenshot" owner="SeleniumLibrary">
<arg>filename=${TEST NAME}_failed_at_${keyword}.png</arg>
<doc>Takes a screenshot of the current page and embeds it into a log file.</doc>
<status status="NOT RUN" start="2026-05-09T08:55:38.449193" elapsed="0.000701"/>
</kw>
<kw name="Fail" owner="BuiltIn">
<arg>Dừng tại bước: ${keyword} do lỗi: ${error}</arg>
<doc>Fails the test with the given message and optionally alters its tags.</doc>
<status status="NOT RUN" start="2026-05-09T08:55:38.450275" elapsed="0.000103"/>
</kw>
<status status="NOT RUN" start="2026-05-09T08:55:38.448833" elapsed="0.001661"/>
</branch>
<status status="PASS" start="2026-05-09T08:55:37.566342" elapsed="0.884287"/>
</try>
<arg>${k}</arg>
<arg>${a1}</arg>
<arg>${a2}</arg>
<status status="PASS" start="2026-05-09T08:55:37.554392" elapsed="0.896404"/>
</kw>
<status status="PASS" start="2026-05-09T08:55:37.552397" elapsed="0.898517"/>
</branch>
<status status="PASS" start="2026-05-09T08:55:37.552355" elapsed="0.898690"/>
</if>
<var name="${i}">4</var>
<status status="PASS" start="2026-05-09T08:55:37.549733" elapsed="0.901376"/>
</iter>
<iter>
<kw name="Get Variable Value" owner="BuiltIn">
<msg time="2026-05-09T08:55:38.452395" level="INFO">${k} = </msg>
<var>${k}</var>
<arg>\${Step${i}_Keyword}</arg>
<doc>Returns variable value or ``default`` if the variable does not exist.</doc>
<status status="PASS" start="2026-05-09T08:55:38.451834" elapsed="0.000638"/>
</kw>
<kw name="Get Variable Value" owner="BuiltIn">
<msg time="2026-05-09T08:55:38.453210" level="INFO">${a1} = </msg>
<var>${a1}</var>
<arg>\${Step${i}_Arg1}</arg>
<doc>Returns variable value or ``default`` if the variable does not exist.</doc>
<status status="PASS" start="2026-05-09T08:55:38.452743" elapsed="0.000536"/>
</kw>
<kw name="Get Variable Value" owner="BuiltIn">
<msg time="2026-05-09T08:55:38.453983" level="INFO">${a2} = </msg>
<var>${a2}</var>
<arg>\${Step${i}_Arg2}</arg>
<doc>Returns variable value or ``default`` if the variable does not exist.</doc>
<status status="PASS" start="2026-05-09T08:55:38.453527" elapsed="0.000523"/>
</kw>
<if>
<branch type="IF" condition="$k != &quot;&quot; and $k is not None">
<kw name="Log To Console" owner="BuiltIn">
<arg>\n--- Buoc ${i}: ${k} ---</arg>
<doc>Logs the given message to the console.</doc>
<status status="NOT RUN" start="2026-05-09T08:55:38.454806" elapsed="0.000071"/>
</kw>
<kw name="Thuc Thi Buoc Kiem Thu">
<arg>${k}</arg>
<arg>${a1}</arg>
<arg>${a2}</arg>
<status status="NOT RUN" start="2026-05-09T08:55:38.455628" elapsed="0.000109"/>
</kw>
<status status="NOT RUN" start="2026-05-09T08:55:38.454237" elapsed="0.001611"/>
</branch>
<status status="PASS" start="2026-05-09T08:55:38.454193" elapsed="0.001750"/>
</if>
<var name="${i}">5</var>
<status status="PASS" start="2026-05-09T08:55:38.451525" elapsed="0.004482"/>
</iter>
<iter>
<kw name="Get Variable Value" owner="BuiltIn">
<msg time="2026-05-09T08:55:38.456994" level="INFO">${k} = </msg>
<var>${k}</var>
<arg>\${Step${i}_Keyword}</arg>
<doc>Returns variable value or ``default`` if the variable does not exist.</doc>
<status status="PASS" start="2026-05-09T08:55:38.456528" elapsed="0.000534"/>
</kw>
<kw name="Get Variable Value" owner="BuiltIn">
<msg time="2026-05-09T08:55:38.457752" level="INFO">${a1} = </msg>
<var>${a1}</var>
<arg>\${Step${i}_Arg1}</arg>
<doc>Returns variable value or ``default`` if the variable does not exist.</doc>
<status status="PASS" start="2026-05-09T08:55:38.457309" elapsed="0.000513"/>
</kw>
<kw name="Get Variable Value" owner="BuiltIn">
<msg time="2026-05-09T08:55:38.458478" level="INFO">${a2} = </msg>
<var>${a2}</var>
<arg>\${Step${i}_Arg2}</arg>
<doc>Returns variable value or ``default`` if the variable does not exist.</doc>
<status status="PASS" start="2026-05-09T08:55:38.458067" elapsed="0.000474"/>
</kw>
<if>
<branch type="IF" condition="$k != &quot;&quot; and $k is not None">
<kw name="Log To Console" owner="BuiltIn">
<arg>\n--- Buoc ${i}: ${k} ---</arg>
<doc>Logs the given message to the console.</doc>
<status status="NOT RUN" start="2026-05-09T08:55:38.459187" elapsed="0.000067"/>
</kw>
<kw name="Thuc Thi Buoc Kiem Thu">
<arg>${k}</arg>
<arg>${a1}</arg>
<arg>${a2}</arg>
<status status="NOT RUN" start="2026-05-09T08:55:38.460050" elapsed="0.000085"/>
</kw>
<status status="NOT RUN" start="2026-05-09T08:55:38.458720" elapsed="0.001526"/>
</branch>
<status status="PASS" start="2026-05-09T08:55:38.458681" elapsed="0.001659"/>
</if>
<var name="${i}">6</var>
<status status="PASS" start="2026-05-09T08:55:38.456319" elapsed="0.004082"/>
</iter>
<iter>
<kw name="Get Variable Value" owner="BuiltIn">
<msg time="2026-05-09T08:55:38.461504" level="INFO">${k} = </msg>
<var>${k}</var>
<arg>\${Step${i}_Keyword}</arg>
<doc>Returns variable value or ``default`` if the variable does not exist.</doc>
<status status="PASS" start="2026-05-09T08:55:38.461047" elapsed="0.000524"/>
</kw>
<kw name="Get Variable Value" owner="BuiltIn">
<msg time="2026-05-09T08:55:38.462517" level="INFO">${a1} = </msg>
<var>${a1}</var>
<arg>\${Step${i}_Arg1}</arg>
<doc>Returns variable value or ``default`` if the variable does not exist.</doc>
<status status="PASS" start="2026-05-09T08:55:38.462004" elapsed="0.000588"/>
</kw>
<kw name="Get Variable Value" owner="BuiltIn">
<msg time="2026-05-09T08:55:38.463280" level="INFO">${a2} = </msg>
<var>${a2}</var>
<arg>\${Step${i}_Arg2}</arg>
<doc>Returns variable value or ``default`` if the variable does not exist.</doc>
<status status="PASS" start="2026-05-09T08:55:38.462858" elapsed="0.000488"/>
</kw>
<if>
<branch type="IF" condition="$k != &quot;&quot; and $k is not None">
<kw name="Log To Console" owner="BuiltIn">
<arg>\n--- Buoc ${i}: ${k} ---</arg>
<doc>Logs the given message to the console.</doc>
<status status="NOT RUN" start="2026-05-09T08:55:38.464069" elapsed="0.000070"/>
</kw>
<kw name="Thuc Thi Buoc Kiem Thu">
<arg>${k}</arg>
<arg>${a1}</arg>
<arg>${a2}</arg>
<status status="NOT RUN" start="2026-05-09T08:55:38.466004" elapsed="0.000677"/>
</kw>
<status status="NOT RUN" start="2026-05-09T08:55:38.463541" elapsed="0.003305"/>
</branch>
<status status="PASS" start="2026-05-09T08:55:38.463498" elapsed="0.003456"/>
</if>
<var name="${i}">7</var>
<status status="PASS" start="2026-05-09T08:55:38.460829" elapsed="0.006192"/>
</iter>
<iter>
<kw name="Get Variable Value" owner="BuiltIn">
<msg time="2026-05-09T08:55:38.468181" level="INFO">${k} = </msg>
<var>${k}</var>
<arg>\${Step${i}_Keyword}</arg>
<doc>Returns variable value or ``default`` if the variable does not exist.</doc>
<status status="PASS" start="2026-05-09T08:55:38.467650" elapsed="0.000601"/>
</kw>
<kw name="Get Variable Value" owner="BuiltIn">
<msg time="2026-05-09T08:55:38.468931" level="INFO">${a1} = </msg>
<var>${a1}</var>
<arg>\${Step${i}_Arg1}</arg>
<doc>Returns variable value or ``default`` if the variable does not exist.</doc>
<status status="PASS" start="2026-05-09T08:55:38.468509" elapsed="0.000488"/>
</kw>
<kw name="Get Variable Value" owner="BuiltIn">
<msg time="2026-05-09T08:55:38.469655" level="INFO">${a2} = </msg>
<var>${a2}</var>
<arg>\${Step${i}_Arg2}</arg>
<doc>Returns variable value or ``default`` if the variable does not exist.</doc>
<status status="PASS" start="2026-05-09T08:55:38.469243" elapsed="0.000476"/>
</kw>
<if>
<branch type="IF" condition="$k != &quot;&quot; and $k is not None">
<kw name="Log To Console" owner="BuiltIn">
<arg>\n--- Buoc ${i}: ${k} ---</arg>
<doc>Logs the given message to the console.</doc>
<status status="NOT RUN" start="2026-05-09T08:55:38.470475" elapsed="0.000068"/>
</kw>
<kw name="Thuc Thi Buoc Kiem Thu">
<arg>${k}</arg>
<arg>${a1}</arg>
<arg>${a2}</arg>
<status status="NOT RUN" start="2026-05-09T08:55:38.471263" elapsed="0.000081"/>
</kw>
<status status="NOT RUN" start="2026-05-09T08:55:38.469962" elapsed="0.001488"/>
</branch>
<status status="PASS" start="2026-05-09T08:55:38.469866" elapsed="0.001676"/>
</if>
<var name="${i}">8</var>
<status status="PASS" start="2026-05-09T08:55:38.467393" elapsed="0.004213"/>
</iter>
<iter>
<kw name="Get Variable Value" owner="BuiltIn">
<msg time="2026-05-09T08:55:38.472600" level="INFO">${k} = </msg>
<var>${k}</var>
<arg>\${Step${i}_Keyword}</arg>
<doc>Returns variable value or ``default`` if the variable does not exist.</doc>
<status status="PASS" start="2026-05-09T08:55:38.472151" elapsed="0.000516"/>
</kw>
<kw name="Get Variable Value" owner="BuiltIn">
<msg time="2026-05-09T08:55:38.473330" level="INFO">${a1} = </msg>
<var>${a1}</var>
<arg>\${Step${i}_Arg1}</arg>
<doc>Returns variable value or ``default`` if the variable does not exist.</doc>
<status status="PASS" start="2026-05-09T08:55:38.472910" elapsed="0.000487"/>
</kw>
<kw name="Get Variable Value" owner="BuiltIn">
<msg time="2026-05-09T08:55:38.474257" level="INFO">${a2} = </msg>
<var>${a2}</var>
<arg>\${Step${i}_Arg2}</arg>
<doc>Returns variable value or ``default`` if the variable does not exist.</doc>
<status status="PASS" start="2026-05-09T08:55:38.473631" elapsed="0.000730"/>
</kw>
<if>
<branch type="IF" condition="$k != &quot;&quot; and $k is not None">
<kw name="Log To Console" owner="BuiltIn">
<arg>\n--- Buoc ${i}: ${k} ---</arg>
<doc>Logs the given message to the console.</doc>
<status status="NOT RUN" start="2026-05-09T08:55:38.475097" elapsed="0.000073"/>
</kw>
<kw name="Thuc Thi Buoc Kiem Thu">
<arg>${k}</arg>
<arg>${a1}</arg>
<arg>${a2}</arg>
<status status="NOT RUN" start="2026-05-09T08:55:38.475939" elapsed="0.000079"/>
</kw>
<status status="NOT RUN" start="2026-05-09T08:55:38.474584" elapsed="0.001545"/>
</branch>
<status status="PASS" start="2026-05-09T08:55:38.474536" elapsed="0.001692"/>
</if>
<var name="${i}">9</var>
<status status="PASS" start="2026-05-09T08:55:38.471939" elapsed="0.004357"/>
</iter>
<var>${i}</var>
<value>1</value>
<value>10</value>
<status status="PASS" start="2026-05-09T08:55:36.880240" elapsed="1.596168"/>
</for>
<arg>Step1_Keyword=Click Element</arg>
<arg>Step1_Arg1=${LNK_TKB_GV}</arg>
<arg>Step1_Arg2=</arg>
<arg>Step2_Keyword=Input Text</arg>
<arg>Step2_Arg1=${INPUT_LECTURER_ID}</arg>
<arg>Step2_Arg2=Huỳnh Ngọc Khoa</arg>
<arg>Step3_Keyword=Click Element</arg>
<arg>Step3_Arg1=${BTN_FILTER}</arg>
<arg>Step3_Arg2=</arg>
<arg>Step4_Keyword=Wait Until Element Is Visible</arg>
<arg>Step4_Arg1=${TABLE_SCHEDULE}</arg>
<arg>Step4_Arg2=</arg>
<arg>Step5_Keyword=</arg>
<arg>Step5_Arg1=</arg>
<arg>Step5_Arg2=</arg>
<arg>Step6_Keyword=</arg>
<arg>Step6_Arg1=</arg>
<arg>Step6_Arg2=</arg>
<arg>Step7_Keyword=</arg>
<arg>Step7_Arg1=</arg>
<arg>Step7_Arg2=</arg>
<arg>Step8_Keyword=</arg>
<arg>Step8_Arg1=</arg>
<arg>Step8_Arg2=</arg>
<arg>Step9_Keyword=</arg>
<arg>Step9_Arg1=</arg>
<arg>Step9_Arg2=</arg>
<status status="PASS" start="2026-05-09T08:55:36.878436" elapsed="1.598176"/>
</kw>
<kw name="Dong Trinh Duyet" type="TEARDOWN">
<kw name="Close Browser" owner="SeleniumLibrary">
<doc>Closes the current browser.</doc>
<status status="PASS" start="2026-05-09T08:55:38.478763" elapsed="3.282388"/>
</kw>
<status status="PASS" start="2026-05-09T08:55:38.478147" elapsed="3.283252"/>
</kw>
<status status="PASS" start="2026-05-09T08:55:34.829767" elapsed="6.931969"/>
</test>
<status status="FAIL" start="2026-05-09T08:54:35.131125" elapsed="66.631757"/>
</suite>
<statistics>
<total>
<stat pass="8" fail="2" skip="0">All Tests</stat>
</total>
<tag>
</tag>
<suite>
<stat name="Schedule" id="s1" pass="8" fail="2" skip="0">Schedule</stat>
</suite>
</statistics>
<errors>
</errors>
</robot>
